180
220
1726
2671
2481
2587
800
157
739
1158
2557
1823
2029
2140
1170
1259
1758
739
1878
1993
942
1474
2333
2156
2096
1754
2369
1362
1750
787
2443
1280
2009
1510
1412
802
620
190
290
982
1718
929
965
896
1766
130
894
2549
2568
1497
2694
659
1513
72
2513
927
307
2122
1891
2491
986
2689
1
2670
2297
2273
2201
906
2177
1585
858
710
2380
435
405
685
1289
1455
1127
342
1616
1057
1821
399
443
983
906
259
2549
806
258
1459
2551
222
1659
1831
2604
269
648
397
1672
1811
337
2327
2201
2073
1940
1057
1127
1965
1858
2028
985
2035
1918
685
1875
714
1140
1057
2372
1803
1152
171
895
477
2434
2217
823
927
1890
2196
2456
910
2135
2445
2322
1996
687
1161
410
1100
1726
1549
1475
851
2635
1010
405
1473
2597
188
2445
1229
1310
144
1139
461
2576
1559
2308
1559
1161
720
1063
2077
1000
1854
807
2472
399
1648
1290
2604
1
1862
904
1998
1266
2497
2617
1098
2609
2358
1534
1369
350
2507
685
2328
405
13
1921
881
1490
1663
1626
1276
1254
866
1086
467
1796
2490
1878
620
2568
384
1346
1713
260
1907
839
26
2513
158
2255
2689
1428
2694
2201
1330
1246
1132
3
250
2236
762
1051
2352
2170
635
1284
2606
1716
620
2604
2346
2525
279
2364
2447
1630
152
562
927
896
2308
1395
1086
210
2173
760
2260
1585
1549
2316
2694
1583
2111
2478
2028
2668
2434
2074
728
2434
2355
2015
1071
361
714
619
1186
2328
2187
1494
405
1523
142
2036
181
1823
1049
1797
2185
2051
2476
787
1424
222
260
210
684
264
269
2568
825
293
536
2415
2177
1003
2348
2064
1428
269
1688
1970
460
1098
1996
2600
314
2052
2573
536
588
2227
1983
2227
2549
1737
1124
405
490
768
2676
234
2048
1395
1526
1314
2009
2265
1726
2118
343
2600
896
598
1638
1327
2490
1533
1457
546
761
2576
536
2246
1820
30
2155
1373
2338
189
458
1131
342
2476
2415
2497
95
709
1654
2202
1932
682
742
2042
1301
152
386
2476
1944
801
1427
466
2161
455
1457
694
1079
1427
2140
1329
600
2104
1036
1733
1036
500
1400
1906
484
2446
234
1495
2552
1501
1648
753
559
220
1135
2202
2639
689
1039
700
1310
210
49
1086
1620
1997
1812
2316
82
96
370
2552
170
416
294
2689
1916
2133
1114
1898
562
896
1154
2691
914
31
2265
2262
1534
2364
1983
2223
2563
466
1474
1011
2456
559
1317
2255
1534
767
2606
2568
1010
2455
2666
1324
1349
2060
2457
30
2564
2471
2044
1803
822
590
2029
354
1914
1804
1377
72
1659
2694
2481
2597
2689
2131
1856
