3570
1221
102
7512
5237
543
2520
2423
4565
1036
5882
1415
3553
7695
277
5903
3494
119
4476
741
4243
5719
4660
742
2120
2995
8262
5914
3019
808
4243
6794
4255
4076
2726
2286
4370
4700
3045
1990
3148
1926
5818
5190
6375
1019
2931
7532
7237
7567
3298
1566
5581
515
2499
2977
75
6180
1810
3821
7637
2047
6
24
6143
5479
7437
3554
7637
926
6549
7237
2405
7657
2635
807
2171
2240
4337
3258
7433
4663
5434
847
2648
7635
4642
231
5204
1860
1266
1785
6036
3133
7307
4958
3756
3859
5844
8192
4201
5416
8217
5872
3896
2777
7536
6199
3482
6366
5839
5345
1548
8154
1841
1901
7635
4484
5549
4757
4805
6222
5394
4191
4529
1785
6350
5907
2314
2701
4504
443
5188
3525
5908
5864
778
7367
1479
1723
5284
5179
6557
112
6291
4958
2122
6185
1620
2067
1965
1389
6720
3172
1139
1230
4398
3638
1671
7477
313
6273
2720
4337
6002
4511
3854
2992
2489
1703
4660
7405
6869
7307
3003
7948
7764
2067
3261
2128
5869
3895
4370
510
6222
4945
3563
7477
6115
1531
4845
8165
6850
7386
6799
6199
8169
1297
5595
2953
1121
3561
3483
7780
7695
7237
936
3258
3503
6987
4840
3895
3298
2834
3197
7486
4550
6644
7278
4839
883
8202
1145
256
1926
234
6597
7149
932
5335
75
1851
2822
430
2860
1139
7381
119
4834
1145
7161
3382
2070
5580
1094
3080
7222
6978
723
7635
2591
7861
5045
1140
6143
506
3004
3738
8142
8135
4571
5080
5768
2037
2391
7914
2528
6008
2084
1077
6567
1704
443
7893
4500
4687
7226
4858
2819
7370
2048
4937
6527
5394
2964
2841
6166
6770
117
4023
239
3262
3079
2109
7662
5761
4945
7836
460
1829
1038
5067
4217
8006
5045
5869
3631
1139
2182
2879
2004
7226
1960
5682
3985
6302
3278
7858
8172
7326
7260
2992
4771
2535
3788
7436
1928
7205
70
2040
4347
4809
990
5217
8277
3251
3694
1928
1019
1185
925
4263
66
3804
4550
7348
5731
1704
4845
6101
2881
5588
4594
6922
6166
1345
1065
4266
5394
8177
4783
1785
4870
7532
1139
2494
2214
1936
5217
6003
8094
2701
810
4944
5859
6218
2608
5890
1479
3788
7348
4870
8006
4861
5948
3107
7657
8123
7057
7635
2713
8074
6708
6952
2721
5599
7899
3279
747
5484
5784
7094
3813
4266
5731
7486
6978
3158
6895
5217
1276
7062
2573
375
2045
7751
8221
3268
3184
430
75
2966
4945
751
2844
925
8165
1757
8120
4690
7893
8097
3457
6922
5479
6401
4040
3279
192
2068
7570
4243
4040
5631
7260
1936
1862
4198
7001
5177
8187
3379
1266
3698
5190
5394
112
5903
2794
5213
7379
2746
6001
2608
5907
5766
1589
6255
1083
3223
1773
7463
3382
3830
7335
7785
7581
7300
7785
