4647
5550
2412
787
7189
182
6245
4877
421
1719
4998
2818
169
6378
1675
933
2963
4173
518
4280
4555
3045
154
5612
7311
747
5203
1383
1372
4220
6575
6445
3699
6637
2634
1357
5149
4033
6601
1978
1497
2467
6985
6099
726
2608
3402
1994
2262
6369
3466
3756
3990
383
4648
585
1020
2634
4084
514
6401
3209
3712
4351
6514
5460
62
4169
2605
6481
299
3109
6193
5039
729
2620
6690
7024
2701
2809
1706
3388
2249
6762
7272
2549
3197
7067
4468
4492
1214
3581
1276
2908
5898
2566
6192
4098
3540
4786
7257
4848
3719
7148
299
532
3801
736
542
5397
4998
299
5030
532
1493
6939
191
304
3437
2222
4635
4929
6440
4426
6072
120
3890
5913
606
1678
4240
219
3057
5240
1870
867
5569
2116
4486
4772
688
2974
7111
5217
7257
3257
3154
1064
1556
5205
2532
2052
5321
729
2700
2262
1766
2388
1609
3828
737
4196
5255
1484
2870
5354
6094
1891
596
4568
2202
6481
7230
3801
550
32
5643
2271
1703
7157
935
4570
4305
3783
6184
3315
6137
3348
1595
458
2433
3057
3436
6342
421
3721
2730
5612
6015
4403
2596
2103
3259
73
2467
7148
3579
6887
7250
6099
3917
1100
2222
489
2774
4988
466
4815
3825
6590
4033
1972
2564
2605
24
6709
4046
5906
3027
44
2031
832
5195
5528
72
5814
24
544
424
4419
6398
4172
5856
6838
5155
5649
4889
4200
1678
5486
6033
1227
191
726
6718
5768
4497
294
7288
5240
6525
1870
2222
4200
4786
5869
5906
5199
6192
3917
6799
1620
2491
4889
3479
6236
5740
6757
5039
1754
5073
402
2433
2976
690
2058
7091
5527
6762
5615
40
688
4200
3485
2667
150
4468
5483
304
41
1163
5916
4127
5999
3662
1825
6484
2483
1631
561
2724
3277
1340
6240
7188
72
2058
1494
6265
1366
747
7328
3315
2511
6914
72
5762
2600
285
2797
2680
3402
6403
6637
2188
6654
332
5865
5650
4468
1706
220
2885
3783
4811
169
5527
1317
6236
2433
668
251
2135
2868
4196
3344
809
1457
816
5983
3078
4718
1631
1940
6996
3486
6678
5820
6758
4549
5579
4718
2801
3368
6378
3947
3828
62
816
1556
313
2583
3518
1582
6799
3057
2249
2943
2036
6101
3277
5291
5820
2177
5662
2585
3606
3820
4976
5819
2801
5693
916
3479
514
7090
2071
949
6999
2364
2436
513
6764
502
4009
518
6473
3699
4009
3688
334
4718
2250
251
3660
306
4718
6758
191
2549
6635
6724
6037
62
4183
3861
5128
755
6240
743
944
2400
6797
5739
3373
6149
3450
1182
1766
6137
2436
6389
5898
2490
6226
7090
1416
383
1595
715
3020
1137
5712
1730
4962
5269
6495
3957
6221
5643
1481
6784
5999
6856
4979
4817
3717
4143
6115
1357
958
3616
1020
2680
3533
3613
3789
581
5108
6793
