513
910
695
743
1276
201
846
1143
17
157
982
1191
123
1191
164
1150
848
22
495
802
249
607
202
676
781
834
506
1091
959
529
201
916
465
707
470
416
1113
85
224
1156
1111
522
142
1135
655
681
74
527
842
385
181
661
417
726
505
651
494
1199
443
165
679
1253
59
763
376
312
2
610
998
468
662
1213
845
1054
1063
465
109
1153
1143
1157
1217
1246
795
1042
815
729
1238
778
292
1056
1276
348
1040
107
870
1161
1040
408
589
597
82
647
625
994
172
1023
566
919
474
783
628
764
529
436
1044
1038
453
209
689
561
185
1107
261
786
873
160
515
123
711
280
1085
312
482
437
728
1206
388
34
34
1244
136
670
145
1273
681
994
479
1103
1037
514
549
323
1217
1275
556
1037
880
241
92
810
716
294
1273
796
1102
1078
1063
1253
158
1161
535
20
497
137
715
1029
306
681
914
632
1275
76
1040
67
1128
1210
851
1207
809
1136
818
791
95
20
754
504
1073
1120
682
344
1023
632
1274
200
567
1199
69
136
139
80
1040
1208
1251
191
951
671
748
446
98
207
129
1184
776
949
952
529
777
88
1088
752
632
1150
977
591
692
490
982
410
1190
726
1101
820
1263
123
769
18
537
71
982
56
248
1156
851
1230
952
693
1248
1135
729
743
465
293
275
880
1036
932
985
1111
395
1025
156
827
115
1107
1186
431
372
933
635
632
651
360
129
400
3
372
438
1263
670
791
136
806
748
902
976
314
359
1075
751
978
349
406
735
67
605
142
1057
368
1075
1296
523
139
135
504
783
605
388
314
1126
523
1133
851
800
743
818
288
905
408
1276
802
783
803
1246
829
1176
806
1283
695
509
1054
838
205
304
951
976
1180
529
776
1120
125
419
1097
474
23
464
1287
663
5
5
406
997
5
598
601
218
783
152
1076
620
130
1154
851
34
1186
549
1262
1220
948
456
490
259
461
1097
875
553
513
555
887
792
1148
790
473
773
375
984
1284
878
576
864
302
459
1035
616
328
586
55
1156
803
829
1283
605
586
506
827
873
662
963
1295
963
132
504
189
535
1178
881
439
700
1283
722
338
286
1161
397
919
1283
994
125
1252
241
786
234
256
638
956
1283
984
513
439
796
1208
93
729
998
509
1109
751
1058
437
998
507
1147
822
852
358
288
801
1038
598
440
468
921
710
984
728
1262
1085
803
565
678
1154
392
209
504
676
809
348
1017
529
918
84
718
