245
1405
2093
1383
3984
8188
3984
361
4363
3698
5087
4734
1991
90
2788
2587
6088
1129
3564
6359
2666
722
5637
539
7437
3238
4436
1579
7390
8236
4585
768
5627
4124
10
2694
805
4988
1386
1687
2964
4761
6164
302
10
4414
4025
7878
685
5677
7791
4014
4757
5726
6243
7944
972
6777
4508
7621
6415
5287
929
3725
300
62
7459
1303
3432
7085
760
49
6507
2927
6292
3605
1212
1456
1895
2491
2862
4572
972
7223
5267
192
4415
6029
4089
360
6404
2326
2028
4266
4619
2175
1640
1780
6803
875
3363
1688
1662
1232
7860
1824
2723
1123
7955
7624
1618
4089
7306
806
1303
3610
2668
8022
1618
6030
1228
769
2359
5320
6197
8167
5347
4940
7521
4095
1354
1076
7723
6450
1926
7881
2595
3716
4663
6069
110
3214
2774
245
1531
6213
6592
7750
8086
1509
5305
7374
3238
1671
5972
3021
7303
3496
2979
5659
1662
4559
8343
7626
2071
7508
4510
3115
1909
4738
4331
2135
1876
6362
1579
8136
256
6958
1203
2407
6897
1369
4927
3490
1400
7596
2119
701
1051
548
3199
6795
7414
1148
6428
2550
1568
1895
6290
1043
310
1824
1299
1706
4025
3214
4738
6088
7591
6017
6592
8086
2908
5447
1349
1356
3870
7459
1485
2292
7600
238
257
6292
1588
8188
4436
3432
2837
5279
4430
3831
4026
4706
7288
931
7758
8068
5141
3039
960
5332
3151
3380
3057
2992
6706
2924
4742
4684
678
7800
1568
1662
109
1398
6170
4415
923
5972
2878
4126
286
5680
2534
4371
3399
6074
4528
5158
1579
5032
4131
3132
4415
8031
5318
2157
2075
5708
4031
174
5020
6546
1757
3087
300
1532
1844
707
2071
2230
4836
7190
193
8356
7794
805
5637
5940
6978
878
3610
5962
2500
1668
5584
5490
2270
4523
2595
5824
7211
1649
6772
1044
7549
5578
5187
3194
4717
66
6592
7956
1148
7453
3977
433
6260
806
2809
5334
2501
341
6246
1590
222
5426
7542
1080
5753
2573
1456
2632
302
5954
2567
6951
746
7182
3193
8230
507
7792
4131
3910
5447
3828
7303
1451
1505
5725
6357
6923
273
7284
4266
3931
7343
186
7512
1963
3382
7495
6200
2536
905
7857
3679
6772
6497
6246
3883
1080
5412
875
5270
6362
2924
1662
5120
3698
3950
1698
6543
3532
7604
6048
3499
6497
871
66
7750
156
1741
876
3564
6958
1516
6362
10
7023
4318
6802
3082
7944
2252
6246
2500
5765
436
5514
174
3716
4034
7440
2643
7162
460
3674
5935
4248
6414
8086
4941
4408
89
2586
6618
4745
6096
5480
4510
1779
6795
7512
4868
8343
5507
6286
7570
6618
5765
3221
3210
175
2501
6921
7596
6246
3382
1618
256
701
2320
3250
7440
2534
7723
2644
2358
5282
7190
7962
5490
5648
4806
5202
8112
499
2012
1813
6618
10
6618
5790
2533
769
7333
7499
1303
4528
1768
1165
2560
3358
876
