274
10
64
136
16
262
166
363
269
258
16
61
373
395
97
426
76
63
68
209
272
257
301
235
158
191
352
235
21
78
209
127
254
265
203
77
198
398
5
274
141
63
269
239
166
26
368
177
314
157
265
73
293
50
267
311
226
388
352
420
414
202
77
155
159
296
290
312
90
208
302
177
239
123
288
217
236
170
199
58
127
40
141
254
377
106
151
105
272
417
188
99
0
61
194
58
14
31
241
167
46
146
14
427
300
399
13
408
12
82
76
347
203
230
111
297
297
409
19
263
69
312
151
321
398
96
196
281
293
386
381
361
403
185
356
275
316
196
66
246
124
216
14
409
292
356
124
122
61
259
211
94
127
252
275
390
111
324
18
308
96
393
190
410
88
63
266
356
336
171
59
375
181
295
305
79
61
190
108
295
34
194
367
102
202
235
114
71
238
166
356
267
118
319
335
33
203
304
141
289
91
104
58
209
178
146
127
318
79
336
236
11
403
26
257
220
391
370
356
52
83
275
202
355
86
251
383
184
414
39
336
226
308
282
111
31
319
416
4
146
68
202
266
265
157
127
190
314
32
375
311
246
82
423
318
289
2
293
265
179
130
235
363
358
150
119
137
73
131
203
273
235
271
270
416
253
157
203
142
409
1
352
306
309
176
181
311
349
289
30
108
389
338
46
341
198
198
69
87
370
411
393
335
353
262
47
306
171
85
426
138
270
73
236
283
210
232
97
301
17
210
211
122
200
426
317
23
130
264
251
44
362
170
392
342
417
300
257
100
318
89
7
398
253
362
122
262
91
166
80
197
124
95
245
4
162
181
360
94
171
304
229
259
357
181
330
82
64
266
425
68
78
123
90
263
262
9
153
85
185
309
250
295
195
372
52
140
121
263
139
409
131
379
12
357
105
89
64
26
252
259
104
283
98
211
33
321
182
166
78
243
174
192
312
421
258
131
165
117
253
151
318
325
53
86
233
356
178
185
384
98
104
345
50
343
73
31
50
66
354
170
272
377
16
274
131
16
262
60
91
138
261
257
263
360
404
370
399
158
305
311
253
166
53
356
0
312
343
150
150
354
349
424
130
122
347
203
92
196
81
78
162
77
114
184
78
23
98
377
267
275
159
88
264
91
202
419
349
36
401
359
33
121
37
98
123
103
