TAK
178
14
40
34
36
7
29
18
187
53
68
116
108
51
9
149
81
15
5
228
166
185
248
49
165
47
117
176
70
74
123
97
122
91
197
4
52
155
22
260
231
84
54
134
251
182
204
255
213
214
102
253
115
62
170
219
235
201
247
20
206
63
244
55
183
88
77
240
98
16
106
175
64
120
25
13
125
252
199
210
90
224
19
67
107
96
164
138
167
65
83
50
184
119
169
71
233
191
144
66
94
46
150
24
209
2
243
37
148
69
110
133
17
198
257
217
258
21
41
131
238
188
207
153
10
23
59
72
242
28
139
205
80
237
241
129
111
215
101
38
190
229
256
212
160
60
141
140
157
220
249
56
109
11
45
151
105
181
234
42
161
58
145
93
189
147
195
227
35
86
112
142
250
203
75
32
245
211
162
159
174
172
48
137
132
92
152
136
57
73
27
193
259
192
126
186
200
43
118
95
232
87
254
171
78
8
26
124
61
236
208
246
39
79
113
100
239
202
89
130
196
154
179
223
221
168
104
128
143
177
173
180
30
76
127
230
6
158
194
44
31
114
12
163
85
218
226
121
3
135
156
222
225
216
99
1
103
33
146
82
