TAK
22
177
20
26
149
16
83
64
142
94
107
163
119
58
222
99
185
55
32
298
108
102
180
207
157
126
122
145
96
155
188
89
172
152
247
160
238
86
176
273
239
1
31
59
17
286
167
46
75
192
118
47
193
249
3
235
195
289
125
261
148
132
69
200
82
170
9
292
295
153
135
175
48
110
141
92
234
112
267
139
73
210
233
181
255
224
297
127
25
34
230
291
43
8
216
27
72
209
109
199
144
299
208
60
66
101
128
11
256
283
276
228
56
183
259
164
173
245
45
70
206
6
253
240
204
134
281
36
264
35
237
241
229
7
203
54
121
123
28
219
49
146
166
225
23
278
196
161
250
194
223
272
189
197
169
260
280
201
187
114
151
39
186
251
40
13
12
214
198
41
129
90
215
212
21
266
218
78
62
288
246
221
52
287
300
248
136
44
159
158
37
243
65
190
279
277
271
106
103
182
95
91
50
15
191
124
24
252
263
226
202
293
130
84
18
105
213
33
268
140
168
143
88
116
217
133
38
93
4
120
274
63
14
51
262
231
269
275
42
97
138
104
265
77
57
150
19
79
162
174
258
131
87
111
156
5
61
211
53
296
205
284
10
232
147
290
257
294
100
76
113
137
179
98
184
165
68
71
74
270
242
115
171
282
2
80
236
30
178
220
285
85
227
81
154
254
29
117
67
244
