0
1
2
3
4
5
6
7
8
9
10
11
12
13
14
15
16
17
18
19
20
21
22
23
24
25
26
27
28
29
30
31
32
33
34
35
36
37
38
39
40
41
42
43
44
45
46
47
48
49
50
51
52
53
54
55
56
57
58
59
60
61
62
63
64
65
66
67
68
69
70
71
72
73
74
75
76
77
78
79
80
81
82
83
84
85
86
87
88
89
90
91
92
93
94
95
96
97
98
99
100
101
102
103
104
105
106
107
108
109
111
113
114
115
119
120
122
124
125
126
127
129
130
131
133
134
135
136
137
139
141
145
146
147
148
149
154
155
156
157
158
159
162
163
165
166
169
170
171
172
174
175
176
177
179
181
183
184
186
187
188
190
192
193
194
196
197
198
200
201
202
203
204
205
206
210
227
231
235
241
248
250
252
253
258
260
266
270
275
282
287
290
298
301
306
308
336
343
352
402
453
30213
30214
30215
30216
30217
30218
30219
30220
30221
30222
30223
30224
30225
30226
30227
30228
30229
30230
30231
30232
30233
30234
30235
30236
30237
30238
30239
30240
30241
30242
30243
30244
30245
30246
30247
30248
30249
30250
30251
30252
30253
30254
30255
30256
30257
30258
30259
30260
30261
30262
30263
30264
30265
30266
30267
30268
30269
30270
30271
30272
30273
30274
30275
30276
30277
30278
30279
30280
30281
30282
30283
30284
30285
30286
30287
30288
30289
30290
30291
30292
30293
30294
30295
30298
30299
30300
30304
30305
30308
30309
30313
30315
30316
30318
30320
30321
30324
30328
30332
30335
30338
30342
30343
30346
30349
30350
30352
30355
30357
30358
30360
30362
30366
30367
30370
30372
30375
30378
30379
30380
30388
30391
30393
30394
30395
30397
30399
30402
30407
30409
30420
30423
30432
30433
30440
30442
30444
30449
30452
30455
30459
30464
30468
30473
30475
30481
30484
30489
30497
30500
30501
30502
30511
30517
30540
30544
30555
30593
30597
30603
30606
30690
30694
30742
