0
1
2
3
4
5
6
7
8
9
10
11
12
13
14
15
16
17
18
19
20
21
22
23
24
25
26
27
28
29
30
31
32
33
34
35
36
37
38
39
40
41
42
43
44
45
46
47
48
49
50
51
52
53
54
55
56
57
58
59
60
61
62
63
64
65
66
67
68
69
70
71
72
73
74
75
76
77
78
79
80
81
82
83
84
85
86
87
88
89
90
91
92
93
94
95
96
97
98
99
100
101
102
103
104
105
106
107
108
109
110
111
112
113
115
116
118
119
120
122
123
124
126
127
129
131
132
139
140
141
142
145
146
148
149
150
151
152
153
155
156
158
160
162
164
166
167
168
169
170
173
176
177
178
180
182
183
185
186
187
189
191
192
194
195
197
199
201
203
205
206
208
209
211
216
220
221
231
234
236
245
248
255
270
282
284
286
290
295
300
315
321
375
379
386
392
440
484
30222
30223
30224
30225
30226
30227
30228
30229
30230
30231
30232
30233
30234
30235
30236
30237
30238
30239
30240
30241
30242
30243
30244
30245
30246
30247
30248
30249
30250
30251
30252
30253
30254
30255
30256
30257
30258
30259
30260
30261
30262
30263
30264
30265
30266
30267
30268
30269
30270
30271
30272
30273
30274
30275
30276
30277
30278
30279
30280
30281
30282
30283
30284
30285
30286
30287
30288
30289
30290
30291
30292
30293
30294
30295
30296
30297
30298
30299
30300
30301
30302
30303
30304
30305
30306
30307
30308
30309
30310
30311
30312
30313
30316
30317
30319
30321
30323
30326
30328
30330
30332
30335
30338
30340
30341
30342
30343
30347
30348
30349
30351
30353
30355
30356
30359
30360
30361
30364
30366
30369
30370
30372
30373
30374
30375
30376
30377
30379
30381
30382
30383
30384
30386
30387
30389
30390
30392
30394
30400
30402
30411
30414
30416
30423
30431
30434
30436
30440
30445
30447
30448
30451
30470
30471
30473
30476
30478
30479
30551
30663
