1
1
45
1
50
186
75
249
1
251
1
146
237
1
6
70
257
1
1
199
1
1
1
1
247
231
260
242
187
1
123
193
195
1
1
1
1
260
1
1
249
152
1
3
242
149
1
1
1
243
241
1
179
202
141
1
106
1
167
1
1
224
1
1
1
224
236
1
1
1
1
25
1
1
1
1
181
237
196
1
150
1
123
140
1
107
1
246
1
1
1
232
242
53
1
1
1
1
1
1
1
1
88
257
138
59
233
1
1
153
1
1
1
1
226
236
3
1
225
1
1
211
1
205
229
228
1
191
225
3
1
185
228
4
1
243
200
263
212
1
1
1
1
139
1
1
1
1
120
1
1
122
236
125
1
41
142
1
135
257
103
1
65
110
1
1
245
158
1
239
206
1
53
184
30
1
1
1
1
1
1
197
1
1
142
1
204
153
220
1
233
109
3
233
153
1
238
29
211
211
1
92
1
1
240
110
238
130
1
1
228
1
1
244
1
1
167
235
228
162
213
60
1
170
69
1
1
1
116
26
1
1
1
240
251
206
1
6
239
88
1
219
225
1
1
1
43
1
228
1
1
1
252
1
228
250
150
163
213
232
1
1
1
1
40
1
232
1
1
1
1
1
1
74
1
227
240
48
63
228
188
152
1
1
1
1
125
13
147
1
240
123
179
1
74
242
194
238
179
1
241
241
1
87
245
1
1
1
1
81
105
1
1
216
1
1
1
1
1
233
1
1
1
135
229
201
1
1
1
88
79
1
246
1
1
1
1
1
1
11
1
153
114
1
1
47
190
233
1
241
1
1
239
233
1
1
1
203
172
242
1
4
192
250
77
229
10
1
171
1
36
1
1
31
1
39
2
1
169
217
1
1
168
236
1
1
1
216
251
203
1
42
1
1
134
1
227
239
1
1
1
248
196
208
230
170
139
231
1
212
1
252
1
180
1
147
242
209
194
1
140
138
164
228
1
136
41
1
49
32
245
21
253
164
1
220
51
80
1
187
181
248
1
15
1
1
181
61
142
1
1
67
199
234
1
38
178
107
16
1
1
224
1
240
1
196
206
1
1
247
206
137
1
128
191
1
1
1
1
1
1
235
1
111
1
1
1
1
227
1
150
98
96
99
143
145
1
217
143
1
87
237
238
1
210
1
1
1
1
226
172
1
1
1
1
245
1
243
1
232
230
224
1
46
146
209
106
222
212
1
1
221
88
1
1
222
76
230
1
198
164
1
76
146
1
215
237
73
242
69
213
1
241
1
227
171
218
246
235
1
1
164
238
108
1
1
1
1
103
176
1
143
1
226
1
1
240
242
1
94
1
171
184
195
195
1
213
1
234
1
1
241
174
217
145
1
162
1
6
1
1
1
1
1
1
1
1
1
1
33
1
1
170
100
1
155
1
191
1
1
1
1
225
1
205
1
30
1
1
1
225
1
243
219
1
125
1
233
130
99
1
1
175
154
202
1
113
1
37
1
1
1
1
214
236
1
223
1
1
236
1
1
115
179
1
1
101
1
215
1
234
188
1
1
232
1
228
62
243
1
76
1
244
1
217
1
1
1
92
242
229
198
73
1
244
1
1
186
1
186
65
77
1
244
1
80
193
220
244
1
1
230
195
46
1
1
175
1
253
196
1
215
87
33
122
1
1
1
239
237
1
1
1
239
1
127
238
240
186
148
1
1
1
1
1
1
222
1
1
1
1
1
232
1
31
218
1
1
227
246
1
1
1
1
137
1
1
1
178
194
147
257
1
1
21
1
239
1
248
239
80
1
1
1
185
1
1
179
212
1
1
1
1
224
1
1
34
39
1
246
1
193
1
1
1
1
256
5
257
199
1
36
1
212
169
244
213
1
231
1
187
220
1
226
1
1
223
1
1
248
15
113
1
1
247
1
255
1
230
1
1
1
1
1
253
1
204
166
1
71
1
1
204
241
1
196
181
1
1
147
239
180
1
50
1
138
63
1
240
1
1
58
234
222
215
164
1
1
1
1
1
1
244
17
128
1
1
185
1
1
1
233
1
115
65
232
229
209
124
1
1
230
75
1
223
1
1
1
1
1
1
237
83
84
230
1
19
217
1
1
1
49
1
1
1
247
163
1
1
1
155
254
1
1
1
253
7
243
1
1
230
82
1
1
162
1
1
1
178
249
25
58
246
230
230
225
1
206
66
253
1
146
1
248
16
224
160
1
87
1
1
19
1
1
1
162
1
136
178
55
1
219
1
9
145
100
1
1
244
1
259
85
1
1
1
234
1
137
1
241
