668
730
701
684
704
619
529
724
690
726
694
619
634
676
678
682
707
726
700
718
729
585
723
650
713
735
629
667
698
602
656
566
746
658
723
570
728
653
731
692
729
721
722
671
647
714
684
701
735
750
640
695
691
692
690
714
694
575
622
711
653
710
678
692
551
610
574
732
602
655
694
702
668
712
591
726
648
664
610
585
734
591
722
604
607
721
624
714
593
722
594
582
673
635
708
730
653
731
665
568
706
712
733
679
580
731
703
737
710
584
537
715
553
651
732
704
554
579
653
564
696
725
723
692
620
734
682
653
667
622
593
700
723
652
573
665
682
649
629
703
661
601
683
725
700
716
720
728
632
596
696
722
566
734
618
714
635
669
618
652
694
724
739
725
684
726
731
623
602
651
593
585
738
729
549
719
640
679
646
596
729
725
632
587
700
533
564
720
724
588
680
585
569
693
737
623
724
704
651
618
572
724
705
539
686
587
631
628
730
676
706
677
653
581
716
747
722
738
640
648
718
721
524
692
709
621
722
704
589
742
584
522
730
652
709
658
726
620
723
726
594
726
739
706
557
620
590
620
733
567
708
579
632
630
566
726
675
695
614
722
715
696
747
527
642
696
551
586
596
684
566
619
724
674
652
705
684
565
716
564
616
735
593
688
640
581
721
538
580
726
672
708
596
594
735
697
610
709
673
706
704
721
624
595
667
708
720
738
692
668
691
668
653
731
586
732
724
692
740
622
551
731
738
729
717
721
699
733
723
727
677
732
583
692
704
686
691
712
733
656
614
733
592
720
613
711
704
741
721
730
710
644
670
539
712
725
692
743
746
702
707
679
714
639
601
676
706
735
525
613
720
709
679
724
601
637
661
638
690
734
596
552
546
727
695
624
586
619
646
726
715
644
674
726
650
636
686
711
578
702
667
677
560
611
589
724
701
556
609
637
636
698
656
577
727
569
588
623
715
648
728
597
709
705
698
552
708
652
680
616
669
633
709
680
633
663
734
621
657
608
658
607
523
690
736
666
712
726
640
669
727
744
738
609
690
677
625
645
670
690
595
721
655
601
711
633
737
596
573
614
516
598
610
711
704
663
737
680
643
639
710
733
675
577
669
589
714
596
715
680
566
567
713
544
668
622
686
580
727
695
649
610
670
750
625
685
620
538
717
590
703
690
660
536
705
718
623
641
686
748
648
705
693
716
689
513
679
646
631
663
713
717
704
553
574
608
726
742
728
699
709
588
685
714
691
721
739
559
606
589
666
581
582
707
630
605
643
638
513
736
656
657
650
744
688
697
711
721
693
722
536
648
653
603
611
716
680
713
725
702
656
725
730
679
693
623
691
716
685
694
638
595
659
724
548
716
591
707
736
540
713
715
510
638
598
737
700
724
554
730
758
687
712
589
724
704
593
714
553
606
529
657
697
595
727
710
701
580
618
607
717
581
735
720
730
557
541
523
725
728
594
525
606
601
669
584
573
728
620
679
644
625
734
659
713
708
628
711
564
692
598
729
711
746
697
675
705
570
663
715
718
621
711
521
673
634
735
547
715
691
639
709
553
712
536
588
580
612
717
590
582
727
722
694
710
727
583
654
632
718
719
716
562
616
604
659
710
606
757
721
736
605
656
723
656
733
724
600
719
712
691
712
622
710
535
605
717
702
527
739
733
702
716
716
617
657
708
736
616
609
676
629
687
692
701
673
688
586
625
715
729
530
728
637
620
633
679
699
692
535
587
727
680
617
701
679
686
720
706
712
618
678
639
529
635
724
589
637
724
603
695
638
725
556
722
732
688
670
723
650
570
706
681
591
640
592
672
717
616
601
728
708
689
710
703
556
581
706
667
698
707
732
592
682
607
726
626
719
670
589
598
553
668
701
573
714
737
671
721
687
657
734
608
710
703
589
661
734
673
727
568
700
653
723
654
676
679
618
510
700
733
672
618
630
634
710
674
735
743
681
695
705
725
625
544
604
709
650
630
532
679
667
687
588
726
615
648
587
542
586
711
666
702
681
735
741
668
731
575
685
700
714
565
724
694
571
718
702
642
711
659
705
710
715
700
561
682
750
574
701
558
675
572
502
685
669
716
672
727
558
594
633
729
661
621
639
723
639
571
712
697
567
725
619
740
607
632
683
735
707
674
673
746
723
716
697
625
656
723
592
723
672
659
740
637
743
733
610
693
722
543
605
562
653
639
663
585
645
694
708
675
724
730
604
585
528
722
614
726
734
624
658
594
685
725
561
720
703
740
576
694
713
724
694
596
546
573
706
723
722
583
604
698
689
694
634
619
578
719
718
721
525
559
599
724
733
614
714
547
695
709
672
592
707
708
629
731
715
662
704
720
530
699
728
617
599
689
671
662
701
649
722
596
704
624
733
670
541
626
602
564
704
715
730
693
556
720
676
524
728
678
686
585
728
669
712
727
597
625
671
697
707
641
517
648
729
583
657
697
731
698
678
719
544
714
733
596
724
680
700
634
720
679
716
721
709
585
691
727
702
543
707
696
672
718
693
545
725
609
674
736
611
619
640
696
523
511
618
719
524
638
726
730
711
595
584
556
738
708
589
594
618
712
575
733
614
640
691
724
708
688
570
628
665
706
619
592
666
626
714
703
688
582
716
708
561
713
730
622
654
652
668
587
710
702
681
704
549
565
692
721
727
704
659
687
685
634
693
659
641
637
534
635
673
717
661
620
734
591
574
516
647
709
720
707
625
701
696
714
560
719
545
713
683
750
571
698
645
710
646
675
528
692
694
675
685
619
726
695
627
732
715
690
727
580
733
621
744
599
732
620
605
624
549
666
564
651
584
645
593
718
692
720
567
590
646
713
701
738
731
648
539
696
698
629
561
597
642
723
716
564
595
722
536
727
708
633
702
730
628
645
694
570
716
609
560
723
584
722
573
627
685
725
612
709
682
722
689
568
737
635
601
636
515
734
625
654
682
720
638
676
665
721
723
679
602
571
546
638
661
625
555
724
698
626
649
713
668
633
589
572
683
724
673
684
570
656
702
672
716
706
716
720
696
730
563
535
734
683
688
715
642
694
552
715
715
728
617
590
592
525
732
563
675
709
711
683
576
722
725
706
591
661
637
634
638
646
724
708
719
655
726
562
617
639
524
586
592
689
727
715
737
657
709
713
664
697
630
638
720
672
636
704
624
721
638
631
690
528
695
653
694
722
732
708
545
656
656
713
693
634
656
656
707
725
718
625
691
661
639
661
716
601
741
603
716
619
721
566
554
575
653
712
689
672
713
711
737
538
713
739
570
653
560
603
666
585
638
605
655
733
580
705
689
726
678
705
652
717
707
610
570
650
578
642
684
658
702
610
625
636
727
702
655
644
725
589
570
713
599
589
678
714
667
704
696
660
633
634
684
688
596
701
570
736
650
609
665
677
648
560
699
643
586
709
556
663
709
545
713
712
721
632
718
709
684
723
595
588
671
692
698
651
679
536
535
710
601
546
561
727
586
601
700
669
569
619
693
677
722
716
681
558
694
544
682
634
716
678
597
639
611
714
748
692
512
722
552
633
706
730
725
596
726
682
699
731
708
664
564
732
665
628
678
560
571
580
653
582
527
517
712
737
690
645
736
617
566
720
611
680
581
588
662
594
669
621
628
513
736
712
633
654
590
731
700
626
683
693
566
709
661
580
691
749
611
626
723
685
702
727
720
694
658
699
669
700
732
696
640
636
529
701
650
625
721
717
719
705
652
732
553
678
733
678
629
745
686
632
584
625
747
672
623
727
699
660
707
694
723
630
632
610
712
540
686
656
576
722
710
581
584
682
604
594
743
717
515
597
641
686
688
624
691
702
623
672
584
692
661
734
743
599
549
633
653
626
651
532
699
579
619
668
523
662
708
729
723
677
721
726
639
543
726
725
555
696
727
723
632
624
641
734
616
715
600
669
709
622
614
582
624
602
732
718
708
713
708
625
737
721
648
728
733
695
643
663
652
690
673
664
701
666
571
723
606
596
567
629
723
606
641
623
722
735
710
597
642
706
582
719
612
740
716
675
704
726
661
631
725
694
717
562
703
568
555
731
711
607
648
624
714
726
672
697
670
671
709
679
580
710
717
661
605
628
523
717
666
599
608
571
631
660
567
659
657
642
531
662
686
691
663
633
594
697
734
664
724
726
690
750
630
725
514
619
654
646
629
589
728
727
664
615
733
709
550
660
648
687
631
671
572
675
726
682
708
574
650
569
717
605
667
728
719
753
560
708
695
712
682
547
604
733
655
653
692
728
663
562
739
727
638
583
706
684
731
726
690
640
551
593
590
561
714
521
694
565
747
591
707
738
660
736
699
663
723
693
731
639
559
642
735
706
524
694
715
725
722
646
727
682
701
732
717
733
685
719
592
579
688
659
642
711
700
628
583
625
653
730
568
553
596
663
668
729
714
710
599
707
706
639
715
731
683
602
739
713
734
628
718
699
603
557
725
701
634
654
681
614
721
594
727
590
681
651
668
552
611
663
576
663
724
677
544
631
604
715
526
730
637
527
723
704
667
712
709
646
706
588
649
667
748
724
611
692
716
678
593
706
670
721
737
634
746
688
678
599
708
553
667
722
691
692
630
646
666
725
649
703
633
567
736
621
701
681
716
712
562
594
727
635
625
555
700
587
624
710
712
590
625
690
685
615
565
520
726
727
630
667
713
674
536
749
703
652
703
712
569
581
551
617
725
654
711
714
698
640
625
725
599
726
729
731
720
722
664
606
734
611
555
729
619
654
710
547
706
620
707
544
697
698
664
706
651
650
637
660
715
723
740
649
615
715
724
673
593
548
640
735
518
682
527
658
565
727
638
723
631
597
620
589
723
686
655
627
693
599
522
549
567
599
587
661
567
717
589
721
709
575
717
700
739
666
736
740
589
586
661
542
688
697
590
728
728
634
687
727
617
722
703
698
731
560
729
714
737
616
739
527
667
727
714
575
735
583
603
606
694
670
598
608
673
571
671
726
645
733
731
712
673
702
672
742
717
709
743
635
625
685
694
632
726
691
518
643
658
557
627
678
688
665
543
657
739
712
588
644
564
705
662
688
736
717
626
742
646
737
592
594
579
695
726
713
518
613
714
631
732
552
705
679
558
734
730
632
694
570
629
709
712
715
648
694
632
720
663
635
531
685
597
646
687
635
717
627
680
694
669
731
558
709
573
680
539
635
657
565
667
617
667
595
604
671
689
671
536
579
682
704
642
731
709
595
610
724
609
728
631
712
666
655
729
582
553
702
579
695
706
697
572
657
574
688
658
723
617
572
707
718
746
585
673
649
587
690
721
549
621
730
648
627
617
682
688
697
730
554
554
660
718
735
740
594
707
735
714
603
731
697
720
665
630
686
722
550
729
665
702
614
592
675
629
648
736
520
633
571
670
686
594
720
690
728
609
731
683
571
593
720
719
704
682
698
632
708
736
661
541
587
641
700
642
638
607
729
676
721
688
667
696
688
698
722
694
686
677
688
687
708
725
687
732
582
702
724
611
725
671
738
721
592
547
543
734
681
599
692
720
686
591
729
621
665
700
691
723
716
714
688
570
658
561
620
624
546
571
715
688
690
652
537
632
635
625
701
692
697
717
512
618
707
732
719
565
694
713
709
675
724
589
701
720
749
645
683
682
707
619
635
729
511
521
714
665
652
577
734
732
592
725
563
691
574
635
649
721
651
685
730
737
545
636
693
712
693
585
560
735
693
535
683
568
721
512
685
652
560
704
600
706
703
733
704
734
627
680
707
709
707
730
633
668
538
741
714
731
550
715
636
640
548
539
709
648
585
711
623
590
647
508
710
581
731
661
586
702
528
642
683
729
715
699
737
638
706
712
682
653
674
576
693
706
735
736
639
733
603
720
672
731
697
687
721
739
583
757
667
626
521
728
734
635
583
740
677
722
718
673
725
666
717
545
731
698
699
662
704
619
709
720
728
652
606
752
722
699
627
690
717
719
728
548
682
601
627
548
718
638
725
675
663
670
721
742
670
712
663
572
735
675
661
689
579
691
669
696
734
721
685
732
710
641
599
691
647
729
665
587
723
697
730
691
689
593
677
559
725
583
704
641
635
714
580
560
642
608
646
729
688
609
620
592
572
673
725
641
528
729
684
599
707
730
624
652
707
695
631
715
664
721
699
673
734
731
670
616
687
669
707
715
585
700
727
585
593
726
645
736
558
694
676
703
697
670
627
705
717
563
707
641
606
610
684
725
721
641
705
705
695
741
728
712
648
527
733
674
662
605
694
672
726
606
566
739
709
664
714
642
700
718
699
552
725
629
647
652
637
569
613
703
702
726
663
692
625
649
716
723
587
725
641
622
676
643
634
703
714
555
721
590
584
535
696
651
691
619
589
734
613
706
666
615
725
627
698
703
675
646
716
737
577
654
709
694
716
721
724
727
726
518
704
680
639
634
643
729
590
616
683
686
710
634
717
568
571
688
591
623
703
674
623
605
527
665
694
632
699
670
653
709
617
717
677
722
672
678
724
668
563
695
705
678
612
697
749
731
677
585
696
670
659
710
705
633
633
668
597
606
597
563
713
694
729
711
558
694
664
695
657
718
750
745
636
545
653
588
729
607
651
613
682
700
718
732
586
689
588
603
677
576
594
727
692
537
699
692
575
712
708
637
543
538
595
575
633
715
579
730
635
694
557
715
727
744
541
720
701
674
742
726
565
577
533
662
607
712
628
549
724
590
726
634
628
710
737
719
720
598
642
628
706
729
730
697
690
720
621
628
709
690
718
711
673
530
596
691
716
673
584
704
569
661
548
691
687
661
618
710
662
659
