1099
1054
1059
1054
953
1063
1036
860
914
1108
1062
945
908
939
1006
1072
909
1010
983
965
939
868
970
1072
901
916
1013
909
1042
1023
1078
967
1063
1058
1018
900
893
983
952
905
923
910
986
874
1070
1014
962
906
951
934
996
1025
980
915
1102
855
1094
880
957
989
865
1078
1024
1037
1020
964
1076
841
959
961
903
975
1085
950
995
1086
1097
1045
1033
1058
841
906
1013
985
1076
1093
932
1089
1003
886
1065
928
892
934
842
872
1076
949
887
1076
918
902
880
871
851
945
1008
1013
1079
881
934
926
1085
910
946
862
907
1033
1061
1110
863
1033
1001
875
1004
892
1036
996
1066
853
982
931
852
1055
947
923
917
950
1044
869
1039
910
896
917
892
1003
898
904
877
882
1019
959
983
952
980
1060
914
851
1064
843
860
985
1027
926
909
886
1047
1098
922
941
1057
983
922
899
1045
1033
882
871
1006
886
947
913
976
873
993
1044
1037
939
1079
904
885
989
917
900
928
970
1010
1090
901
1077
840
941
896
917
983
920
853
879
926
1031
897
1036
959
1028
1057
952
1049
1000
940
1078
943
1038
975
1014
910
1077
1072
1009
899
1083
1015
1041
906
963
968
1001
874
1032
911
887
1085
945
950
872
900
881
948
1035
972
1027
943
907
923
1033
904
942
962
852
1003
1054
911
981
918
939
857
919
1117
998
1057
1046
863
1069
953
984
1104
899
1042
950
936
977
1093
1027
951
1034
986
994
1091
941
887
871
1101
936
1001
1001
899
918
1078
864
871
896
923
936
1074
1054
908
1032
1011
1042
1021
1016
1114
1038
872
1055
928
992
1024
916
1077
992
906
983
1108
923
917
1033
1066
960
915
970
941
986
952
1087
893
905
848
928
913
890
1057
998
884
1102
1058
1009
1100
859
931
1073
928
1054
1011
892
1060
875
845
1083
906
970
908
935
1031
1069
962
940
992
950
1055
1075
1025
976
867
1097
888
979
952
922
1097
1094
1102
869
859
1009
1078
923
1072
857
894
908
985
1070
983
997
1084
975
1012
984
993
1058
872
1079
1027
983
935
878
888
1107
949
976
1085
1007
977
871
978
965
978
879
996
967
1083
1045
955
1048
966
1093
1093
1057
944
1084
1093
892
982
1016
1091
997
887
1035
997
907
881
996
970
914
860
998
1092
916
1083
1095
1009
901
1046
887
855
918
947
1092
1057
883
949
857
993
914
868
982
852
909
896
894
1012
971
907
1028
927
895
1061
1108
1068
964
917
1036
1119
910
958
1065
1050
1100
920
907
897
1107
889
1090
1001
946
1003
929
915
1032
901
931
1018
1017
1041
1027
1103
1048
910
892
960
974
983
860
904
881
1105
1078
959
917
878
1038
901
976
1099
1091
951
895
1101
926
1081
984
1087
915
901
995
855
1047
1106
903
968
874
1032
1040
930
1087
925
1036
1018
1052
943
984
1069
916
968
965
1023
981
876
923
886
956
1105
1008
966
883
836
1066
970
900
902
1027
1046
1091
1036
962
969
896
1040
1076
936
1070
1106
964
913
1052
1067
1040
1032
1028
864
853
1014
872
927
908
1011
953
882
1107
992
930
906
918
975
1034
934
1026
969
996
983
921
872
924
1075
855
1012
1065
977
985
1012
869
1098
1085
965
1104
882
886
868
954
927
1060
1088
1066
975
892
914
1039
1037
939
997
947
903
1014
963
1022
944
931
934
1029
835
1073
870
976
962
1033
1089
974
938
943
1067
1075
910
1085
1068
1061
1037
953
935
1019
1042
1066
874
1062
973
974
1075
966
1034
873
936
901
1002
1021
851
872
1025
882
1066
1087
899
930
908
896
1092
1023
1090
895
997
898
941
926
946
881
900
890
944
884
952
1006
970
860
897
978
1021
894
852
881
1018
1030
1099
843
958
1018
869
894
1069
955
998
1095
977
992
876
1034
1089
886
1038
861
1011
1038
885
1008
852
1038
1004
1046
960
1102
977
976
989
950
1085
884
1047
1020
884
999
975
919
939
911
1088
1041
905
1112
836
859
932
1034
1007
1062
1075
1096
1007
993
852
965
1076
1083
1077
945
1093
1114
900
887
992
1027
1036
967
1086
1088
876
1071
893
1022
970
1044
1091
955
987
965
970
997
937
1010
918
981
907
886
959
1036
936
973
966
1044
903
934
1063
1091
1070
871
982
989
935
994
1035
885
923
957
873
903
1025
1101
1060
1096
1039
867
884
927
964
934
915
1067
857
931
1059
1055
907
1024
1037
1065
869
1106
953
934
1037
1088
876
1030
916
1009
1090
1060
1052
908
894
1075
1058
905
1098
1009
1023
897
970
1027
861
1009
1061
1063
1012
991
1082
884
1099
1049
847
968
921
1055
1071
1091
996
960
833
1114
894
938
1072
1048
1018
918
923
1095
976
941
974
994
1067
1014
1088
908
1003
1067
929
1011
902
975
833
1070
1049
1058
1048
935
1010
1006
1033
994
1022
1033
1085
967
1011
1018
986
1052
853
1038
956
1030
1072
1091
1090
941
1015
1074
965
1104
959
1099
856
917
971
1052
863
1005
1026
1096
964
934
967
908
1027
1068
950
967
1025
913
970
904
944
1023
943
1001
1025
896
928
963
1112
938
968
893
920
978
964
970
1083
987
997
900
1103
1000
979
1019
1039
1055
943
997
1086
871
860
1086
969
856
916
953
1001
1004
1014
1030
1062
1046
1044
900
915
902
926
948
924
1022
1004
1061
877
1094
924
1010
1070
1049
1012
988
1074
1035
911
1019
939
1056
923
925
981
1102
881
918
872
1016
891
1013
1025
1044
947
1071
950
1009
970
959
897
1093
1012
1088
910
1099
1086
924
898
1071
934
912
977
1053
862
1029
887
943
1035
947
1068
1030
834
976
999
865
928
1082
954
864
944
939
954
1057
974
920
1045
1035
865
1086
992
881
1031
963
1029
1090
907
1012
894
860
984
868
853
1081
943
1083
1097
850
864
1027
980
1074
889
892
893
858
890
903
868
1042
1029
1084
933
1069
1093
860
1024
1044
906
886
896
1036
950
991
1033
947
1056
1041
1103
1103
1003
1037
1000
906
951
980
1008
981
849
1004
971
1018
1033
896
1031
1043
1003
893
901
921
933
1070
1033
1044
973
1046
1012
1071
968
1000
918
931
961
948
895
858
1037
883
934
1089
990
913
1032
897
996
920
853
1014
932
1062
1022
1028
863
858
882
1038
969
932
877
1012
884
1073
1081
996
1112
1074
1112
1090
910
932
966
926
905
1093
959
1052
919
991
968
1033
882
882
903
967
1103
1035
900
908
1068
1065
887
1069
1082
901
939
951
998
1032
946
974
1023
956
1036
1102
1061
1065
962
1056
1058
908
993
1087
969
1059
897
997
1036
1088
950
1082
1001
936
970
878
1060
985
1096
908
933
972
951
986
958
996
971
911
1112
934
969
900
986
1032
843
978
865
894
962
908
878
1052
848
1067
916
885
942
1058
931
1093
996
924
972
985
871
996
1035
1094
1094
1077
902
942
875
1041
1095
1016
981
968
1014
1071
945
880
1089
1034
1067
934
866
1014
977
1043
907
936
885
978
899
929
1068
901
935
940
883
1100
918
924
972
1098
983
1111
898
1037
973
869
916
1028
1075
977
934
876
1001
991
937
858
946
900
1029
914
1047
1012
1080
900
1029
1027
1063
900
986
955
872
1098
916
1006
1047
959
980
1024
1054
1086
939
1002
1027
930
1107
908
963
1006
964
925
1005
1069
1115
847
1022
1096
1064
883
1021
1044
1044
973
1005
970
1081
975
917
1035
1082
999
1089
1013
901
1072
914
854
1039
910
902
1000
930
980
858
1004
1038
1017
1009
949
975
892
969
943
946
909
1069
1070
1087
1031
911
1108
915
896
964
934
1033
877
1010
964
974
1073
904
1062
989
1063
981
1074
858
1032
951
876
959
904
909
1006
1044
1039
1032
1016
1059
961
872
1062
904
1057
925
1044
1086
955
1024
1080
1038
1023
1063
993
1081
891
915
894
859
1049
974
972
1039
963
993
992
981
928
994
1074
1022
937
906
919
1017
917
893
971
927
887
913
976
865
868
1080
1085
1043
908
1018
912
1012
911
976
950
984
974
986
882
893
949
1084
1045
892
1097
907
882
913
1053
871
940
957
1019
962
1012
909
930
930
1019
959
981
975
938
887
916
1091
1059
850
981
911
894
1004
895
1035
993
927
1004
979
987
1022
901
1092
986
862
928
1002
935
909
932
902
984
978
979
864
866
975
995
993
931
870
895
1047
1007
1000
863
919
1064
931
1048
1096
900
979
861
1071
901
923
844
864
1057
973
908
1036
872
976
925
1067
1094
1065
1015
1087
1054
969
978
998
1025
1082
976
1059
999
964
947
976
1088
956
1057
916
892
956
988
1009
863
972
930
1033
868
959
919
955
950
973
1036
1034
900
979
893
929
902
932
1043
1054
1042
874
956
977
870
1092
1074
907
971
857
1036
892
1067
969
947
909
1080
1086
908
908
987
963
1019
989
885
1086
1017
1090
1086
983
1020
929
1066
925
1058
1054
1011
1024
892
932
1001
944
954
1045
990
1025
1005
1051
1032
972
932
1067
887
1093
920
886
1015
985
1056
933
861
895
1071
927
992
970
1018
1015
901
883
1055
894
868
989
959
1059
939
1074
1035
870
906
961
879
1042
1099
1034
1038
845
876
945
925
1026
957
945
905
1075
937
1070
872
979
960
1015
1010
1038
1073
1057
942
1014
1032
1093
1032
1086
981
981
903
1082
1031
1091
1019
1056
904
1012
1091
991
874
1058
1061
900
972
920
927
966
946
911
1090
1078
1096
1005
906
1104
993
991
997
867
911
975
956
931
970
911
1057
947
1030
1015
923
1006
873
987
898
879
939
1009
1023
1060
997
912
930
985
922
919
1012
988
848
1048
893
1048
934
1092
1028
1094
910
907
855
1028
917
923
985
1055
1059
1039
1028
1094
835
1061
947
1086
1043
1001
1095
949
1027
1069
982
1072
988
926
936
879
943
979
988
867
940
919
1073
911
1089
990
1000
1032
885
1062
994
1089
1029
1050
909
1031
1030
945
882
963
907
989
992
915
906
1097
1057
1107
1088
1067
1035
1081
967
914
950
1081
1099
868
1006
879
959
914
893
900
944
947
1060
950
978
932
1094
1016
892
825
1023
914
1095
1031
893
912
880
985
1000
845
930
1094
1084
1093
1101
1042
1040
872
1004
974
857
910
901
1026
926
897
921
911
929
1042
945
1009
1044
1046
929
906
1001
1022
1071
944
1023
945
931
936
1050
940
939
947
1043
882
984
987
937
968
970
990
919
941
1088
1102
1041
976
1048
924
965
1049
1039
974
944
907
955
1096
881
857
1051
887
915
964
1049
908
1074
877
997
1102
1006
890
991
1003
922
1093
1073
1046
1003
890
1032
928
959
871
1085
976
985
997
1005
871
1030
941
938
1071
872
894
940
997
952
1007
1057
1085
1095
1091
1027
904
1026
961
944
970
894
959
892
1029
1094
946
906
1040
1088
1072
1004
862
1005
949
896
878
916
985
912
948
870
1071
926
912
1067
956
890
993
968
884
954
896
890
1087
1100
1051
921
974
869
881
889
962
883
1114
1009
1000
963
1046
930
895
1027
999
1051
1057
926
997
885
1022
1075
969
872
906
901
916
941
1063
929
1060
988
854
899
1099
1076
1036
1089
893
915
1002
855
862
883
1024
938
909
1058
931
960
1070
997
923
1037
900
877
939
948
1096
1047
864
886
936
937
1037
992
964
1034
899
1022
960
891
1004
907
1060
963
957
895
900
938
976
905
1061
989
1036
978
1036
927
922
879
956
1108
921
1098
1089
992
864
1008
1093
946
984
1068
954
1010
948
1097
1017
984
963
902
920
914
1052
1097
1089
984
1100
1000
913
978
1092
945
1081
906
989
923
993
1093
895
1073
1096
842
873
973
1062
872
896
1077
1053
881
923
950
960
996
1069
889
900
1041
869
994
1026
926
927
880
1038
1064
900
1027
1025
1044
912
1009
939
1110
914
865
858
882
933
1024
951
1001
927
965
1014
1008
833
913
1037
902
890
872
1005
1101
914
857
1055
921
886
884
952
940
972
1064
939
1099
1045
969
901
1042
1006
966
872
898
1042
890
971
1012
1011
976
917
1020
955
1045
898
1041
986
974
990
1072
942
859
1091
886
1029
1084
933
910
867
1047
880
1069
950
1099
1048
936
1025
927
1062
1032
917
885
1017
965
964
943
895
929
1073
907
906
983
951
913
946
981
1016
886
930
944
1022
879
1027
1029
1086
1102
1081
1072
883
1061
943
917
948
1016
910
896
912
933
982
971
1008
996
914
873
911
1072
888
952
994
981
889
1099
1104
918
1028
1006
1015
918
907
938
1085
910
852
962
890
909
1029
907
888
928
913
863
939
931
945
1089
1035
849
925
1084
1085
865
860
880
963
898
900
893
1038
1003
1051
1041
872
1095
909
1012
906
910
973
1016
949
933
889
876
1059
1049
1069
1004
1100
1072
1075
986
959
989
869
903
865
1069
867
988
915
935
976
1053
918
1067
953
982
924
1015
946
841
913
873
866
974
910
1050
1015
959
954
918
871
969
911
1098
1051
904
1008
1070
888
983
875
968
1044
1080
895
986
989
1061
881
892
929
1096
1061
905
886
984
1035
909
1100
1046
977
854
859
875
1010
846
993
929
846
1039
942
899
887
958
1006
922
894
1065
906
997
1077
1087
1052
950
1041
1099
1108
945
855
996
1055
974
1042
1088
1004
1090
940
1026
1006
988
1017
911
957
1088
1077
898
904
889
993
1055
973
1089
917
1030
1009
1017
1069
1072
1098
970
1068
1052
1038
1088
881
921
996
1023
910
1006
985
1080
909
865
901
1000
930
1086
974
958
968
1078
1017
909
1030
1083
956
971
960
1079
933
967
981
905
1001
975
905
992
938
933
849
904
907
971
1051
1053
880
914
985
867
857
882
984
929
933
1064
1026
1076
1016
892
1086
895
1025
1098
923
1049
936
1013
1024
1060
956
979
871
1021
993
845
1003
1028
839
941
1029
1023
988
1085
976
969
905
979
898
878
908
1041
981
966
929
870
1015
1087
881
865
972
1052
1088
949
969
910
929
1067
926
915
976
950
953
1050
875
921
1039
876
931
864
947
875
941
1092
976
1059
921
1078
919
985
928
916
1084
1086
1031
891
946
882
936
993
1072
968
906
915
1042
884
1008
882
961
897
888
1051
1067
892
1046
1041
874
903
1067
973
954
910
1083
1060
1006
950
995
1039
875
1002
1044
928
1031
971
1077
955
1093
903
963
863
963
991
963
1085
901
901
899
890
937
984
1060
930
1062
948
919
1110
942
1029
895
1043
1008
968
897
974
925
994
1076
1057
1049
983
1013
890
903
1099
974
943
962
1093
908
1063
1105
1088
1073
866
891
1060
956
1059
1000
860
1003
883
989
948
897
1078
904
996
947
882
1051
1050
929
983
1026
1041
958
1109
934
953
872
918
982
964
1104
1047
1021
1044
1105
937
1022
842
1092
1040
1099
907
902
1017
1068
893
995
902
975
864
957
1011
872
980
1060
946
890
1048
1062
912
904
842
930
974
877
1004
1090
1006
932
1102
868
1015
904
974
1026
912
836
999
903
1065
1055
938
1002
969
952
1040
986
972
957
1076
1052
1053
944
1009
917
936
952
870
1018
977
1101
999
941
1031
1099
901
973
1043
1031
904
862
1024
895
1091
900
1002
1087
882
1084
994
996
1013
1007
972
1088
910
911
1059
907
1013
945
998
913
998
1032
999
932
1041
1022
937
1092
1088
910
1049
901
936
954
1061
995
898
998
1074
861
1044
877
947
1005
957
1086
1100
912
1030
1040
905
940
1033
927
1101
1062
852
1018
1002
1089
906
898
898
986
1073
981
1060
1025
1003
918
875
963
1046
1003
1066
917
926
872
1097
1082
950
1023
1105
1028
1020
1022
1013
939
978
1087
1041
895
985
1052
909
919
955
1083
1074
972
1085
913
996
1005
926
1006
996
919
955
1091
966
1029
959
1083
881
1054
1009
1106
994
981
973
1011
1035
886
925
1046
1100
886
917
1004
977
978
883
993
1108
1092
892
1089
1040
1043
1091
903
1047
976
949
906
1084
935
991
999
990
951
1032
986
912
1022
1065
1023
923
1043
982
921
1062
1006
1018
964
1030
1085
961
922
995
946
1061
1098
1052
1034
888
930
1028
869
977
938
913
900
1093
970
910
975
929
954
905
941
1012
896
960
957
959
1030
1078
1024
949
1108
1000
1008
970
1033
959
1065
1037
1016
906
857
944
936
1043
853
1028
1073
864
910
949
943
882
979
1075
908
1092
963
984
1045
959
948
954
980
959
1072
979
1034
1019
926
843
924
881
1012
1057
981
970
1099
1087
905
998
896
852
904
964
1038
997
1005
902
955
1067
1092
1076
982
1075
898
1031
946
1010
869
1087
899
937
999
864
848
901
932
1014
962
951
1093
1099
1080
1069
925
872
950
981
972
1064
1082
892
994
913
921
934
1029
989
1114
1011
905
869
1006
849
1083
995
1031
874
1068
934
985
980
916
959
937
932
942
912
1104
908
1050
890
927
905
976
963
911
921
1017
1100
967
1021
894
994
920
1078
923
973
993
945
891
921
1000
937
950
1061
1081
834
995
1060
956
1044
869
1080
970
898
970
1056
861
926
939
910
1035
1043
936
865
904
989
1030
905
1009
1056
977
1053
939
1074
1068
929
993
881
895
1044
930
1052
893
993
1036
962
1006
959
877
1039
963
846
877
879
1032
966
934
1022
1077
1021
1091
1022
1020
929
918
850
877
1045
907
992
939
1003
1001
961
913
1051
931
965
934
1075
1031
1092
1097
911
1020
910
895
897
1013
972
967
1007
1107
993
1023
922
1061
903
925
897
1053
1029
1072
997
972
902
956
857
1027
861
1019
978
959
905
1070
1070
892
964
1070
944
1061
993
960
904
1042
951
1050
928
1016
943
1012
893
1094
1088
1040
1040
906
866
880
924
941
987
951
945
924
1055
972
958
932
1047
869
1085
1014
915
954
883
1056
957
848
947
995
1086
1090
1041
1072
1092
1064
1029
1025
1067
1107
920
1093
910
924
1007
972
1097
1045
873
1036
1073
1026
952
980
926
995
875
915
1099
1069
883
914
1012
1122
952
864
849
1076
994
846
937
914
926
1100
915
1039
1065
999
1102
1032
1062
1009
1024
1060
918
891
927
952
956
1008
887
896
923
1074
933
1008
931
1077
1056
952
891
1086
946
1095
1017
952
1002
1103
1012
1048
1078
950
849
867
1036
1002
998
1062
898
997
946
902
909
985
1091
1099
1034
1074
900
911
905
875
962
921
1038
1114
1012
966
896
1008
1051
917
1103
892
884
942
1056
1078
893
1055
863
909
997
968
888
914
1090
980
962
937
917
912
1092
1056
968
955
971
1054
992
1078
870
978
997
905
999
861
1018
1101
1029
1105
867
996
1001
908
956
1071
907
965
973
1094
904
914
1066
1071
881
1033
892
961
963
912
988
968
967
972
963
956
1033
1092
1027
1028
879
1044
982
931
918
907
1015
1012
866
950
1040
915
1030
960
1076
876
867
919
1044
979
893
1012
981
986
925
873
914
1085
1007
908
933
972
1020
1017
1014
1034
1066
916
1014
947
904
884
948
937
983
929
958
1083
1026
865
989
937
1017
937
970
921
1056
929
955
1015
922
1016
1006
1041
1080
883
888
864
891
958
865
889
940
1001
929
1084
860
948
940
911
993
1011
877
861
978
1035
853
970
878
1051
922
1046
971
1050
921
903
1075
870
922
898
961
1103
1078
971
990
877
1067
1068
1085
851
878
901
932
870
912
935
1029
1076
1023
938
899
978
1050
1051
978
905
925
966
948
1064
1055
937
858
1084
1094
1000
961
880
998
1025
1009
905
889
1035
1003
1065
972
940
981
922
1000
1023
954
928
925
1090
969
980
1003
886
992
931
1041
946
1083
938
1083
853
1079
992
1034
880
973
1004
1044
1096
988
941
1056
965
927
1008
1096
997
1096
941
919
1109
928
922
958
941
1086
972
1038
1017
1079
923
1051
949
929
891
925
1071
990
1058
1031
1044
917
1019
953
921
968
895
1047
856
1001
882
935
871
989
1064
979
928
887
893
889
980
1013
1090
897
946
904
919
1068
949
1067
949
902
1096
937
902
996
906
1026
863
1072
952
964
903
949
1006
875
1039
915
939
899
891
967
896
1036
974
892
925
892
867
975
968
909
1013
1026
1092
988
1070
1017
1036
895
972
911
1038
949
932
1051
1021
1088
850
1053
899
937
1053
879
1024
996
966
1049
999
1020
1073
842
939
887
961
1089
1001
870
914
1095
893
910
980
1041
1050
893
905
982
1087
1074
1101
918
1072
988
933
893
1101
902
872
893
969
922
1050
943
1036
901
1032
877
1015
1016
884
917
1005
968
854
877
891
1080
868
999
937
917
1070
1034
1118
892
1029
921
937
884
1051
942
959
866
1003
963
900
977
923
925
954
1042
929
1038
1044
1031
978
992
897
1113
1090
955
903
1038
914
1034
887
893
982
961
893
999
1011
963
1032
1024
1056
882
1092
973
896
975
1094
1062
907
1030
974
1091
993
1027
914
854
1068
957
960
982
982
873
930
950
980
947
893
925
1038
926
879
918
1090
1059
866
879
1042
883
1044
937
925
889
952
1094
1028
982
908
979
1095
968
913
868
1067
880
949
1090
1033
954
920
1094
1008
874
1024
918
939
1036
1016
941
919
885
986
882
894
1093
1022
911
898
1006
1004
965
1102
828
1009
1028
938
880
958
1042
1095
971
1033
1066
891
997
1007
909
870
987
1046
1094
981
1028
1057
986
946
901
1050
1016
871
895
1089
857
893
1005
933
975
1033
991
1072
939
840
907
1090
1097
1014
869
984
1024
1050
1099
1082
950
866
1040
1032
989
932
973
1030
973
872
965
909
1048
1099
1062
978
937
1066
1010
900
986
902
929
1049
988
982
1047
1070
1067
1034
919
905
1102
959
1010
1078
1042
962
909
963
950
907
905
942
880
1003
1075
1033
1068
1085
1051
916
988
968
853
1047
1046
1046
1072
1023
1073
899
1050
1038
1062
1046
922
894
1064
948
1077
994
899
965
892
860
965
899
1089
935
965
1032
1016
1028
951
876
1005
992
993
916
926
1081
940
1072
1091
1097
1060
919
1056
1051
991
1038
1075
1057
952
1093
927
1058
914
976
880
1077
1090
1038
879
968
941
1057
991
939
1055
1081
1050
867
1087
1064
962
1098
986
987
999
902
900
997
1020
1093
988
969
923
834
929
960
1096
1041
865
1111
1032
1075
1084
942
919
1066
1032
1070
967
1054
978
915
962
992
1045
1035
880
881
1064
905
957
860
985
1043
1059
864
1027
915
920
913
1043
942
1093
945
910
889
998
1028
1069
904
977
866
921
938
1045
882
1043
963
941
1046
1019
1046
1027
880
1038
958
952
1015
867
938
906
890
965
909
864
1076
1023
880
967
951
928
928
1026
936
935
976
1039
1099
931
1029
1071
1081
863
898
1085
897
914
1061
889
926
920
1079
869
1037
1014
993
895
1087
909
919
901
1044
832
870
888
893
888
970
1087
968
1028
949
1095
865
1058
1095
1054
894
909
996
984
979
1058
991
960
896
954
837
882
1039
918
1023
871
885
1030
867
985
1083
1021
1041
898
911
980
907
964
928
895
1084
905
1092
845
850
973
874
881
874
999
952
1043
981
924
967
928
1083
1061
855
982
1091
872
1080
988
1016
1091
918
993
1002
1022
980
1098
1077
902
987
914
966
1014
1081
925
861
986
1005
973
1002
1038
1025
903
951
1014
882
921
978
1063
901
1070
958
1039
869
1093
899
1071
961
959
1053
990
1085
1062
955
1040
1018
849
1021
916
1087
1094
1043
996
1064
1001
922
912
1100
1078
1031
1079
1060
969
940
1049
1084
924
962
833
892
920
919
894
870
970
1031
903
898
1102
910
910
1017
1064
963
995
1111
998
893
902
1039
975
1042
1077
1010
886
924
987
916
1023
871
869
1035
1085
911
902
952
866
1009
946
932
1089
909
1049
949
1024
886
1061
1012
963
1013
938
1037
1037
1080
1073
852
1058
1059
1037
927
1104
937
1007
1007
1031
1075
1023
898
984
931
1076
910
911
1062
1014
991
916
933
901
899
971
1036
905
903
902
978
909
1049
976
939
860
908
1058
1017
1086
916
981
914
1097
1058
962
1068
1036
1090
865
1069
918
1094
1037
997
993
1082
1116
882
942
989
1028
976
963
1081
1067
921
1065
1080
894
1076
881
903
993
900
867
908
1102
1079
1023
1018
940
926
875
888
1099
884
1000
964
895
915
942
947
961
985
1011
1089
874
918
997
987
905
908
980
1046
1047
1096
1033
936
1057
1053
1006
984
936
1084
874
942
914
872
952
992
940
1100
983
963
863
915
841
859
1077
985
1062
1019
913
949
1032
910
887
1042
1008
868
1007
1051
1093
946
1003
900
951
873
958
944
970
984
1022
1000
879
856
987
991
991
1078
883
918
1041
970
1052
839
925
919
971
891
1084
1024
983
1052
1103
1098
904
1005
1090
1055
1049
932
868
924
979
1024
924
880
1101
882
1076
1019
1092
968
917
1072
929
913
844
1113
958
1040
1067
1068
934
1013
1006
1037
997
883
1075
1088
910
1072
1004
859
890
942
1075
1022
956
902
907
1035
1093
1069
995
861
1082
1017
1024
1096
906
1005
881
973
934
937
981
920
1029
884
1050
1005
1087
977
935
1060
1038
962
968
995
905
980
976
1051
1086
943
1061
969
1057
893
912
906
906
1097
912
897
878
844
1050
952
999
1042
986
1015
928
1109
1030
1113
1004
1082
920
1045
991
1056
1034
1010
940
1041
1094
861
895
1062
951
1028
1021
1009
1065
848
873
1035
925
1038
1022
995
968
954
1009
901
980
926
878
929
1099
925
991
852
893
906
892
1080
1009
928
924
880
893
842
971
923
1069
992
867
991
996
1021
906
897
1101
907
864
1021
1016
1016
1003
872
931
1001
1097
878
957
1026
947
911
928
1085
901
891
1032
1051
912
1082
920
870
893
902
1077
1073
1103
860
1067
981
864
881
899
1024
1106
859
927
883
975
1102
972
899
866
1070
976
992
1044
1041
1029
1028
994
966
1071
1001
1044
882
1023
898
1076
996
1032
1086
894
1055
927
948
1016
997
911
955
1041
1101
972
998
937
1018
945
881
1026
1086
942
853
875
868
1024
1063
908
980
979
875
832
1014
1048
1035
1080
845
946
879
855
952
1042
1009
989
