958
847
904
1145
1067
1046
942
1038
1029
1077
1048
967
1156
1041
1106
983
1006
922
1062
1072
905
960
1104
913
1022
1010
1052
1128
1071
1022
1008
1130
1111
1074
1035
1044
1145
987
871
1048
972
1146
1105
1152
1011
1055
1012
1002
1046
930
1073
1082
1120
1005
1021
944
1021
1059
924
1113
1016
1138
978
1029
1034
925
1054
916
1053
987
999
972
1105
896
970
996
1118
1000
990
938
1137
1062
1031
1037
1132
1151
1036
1060
1103
1131
1069
1095
1040
1057
1057
907
945
832
955
904
1032
975
1091
995
988
936
1141
936
1062
1045
1087
868
1005
1004
1050
1025
857
1162
998
871
1058
1104
1114
903
1156
931
1057
862
1109
1103
1172
841
930
954
1061
986
949
960
878
1049
976
953
1095
979
941
1009
996
1124
966
1150
845
1078
1092
1112
1070
885
1140
944
1091
1076
938
1121
1000
1050
1094
939
1089
1069
1031
1027
898
1081
1139
897
1008
1085
958
1090
1102
895
895
947
1072
1070
1017
1123
982
1054
1137
937
1050
956
1097
982
1145
988
1008
828
1029
910
1142
956
899
1032
1159
1041
1048
966
1131
1133
964
968
1058
894
1074
1057
1120
871
1025
1108
1156
994
978
1079
970
1076
1042
906
921
1009
1037
1017
1009
1161
1124
1004
1047
1044
1124
1020
920
1074
1183
960
1074
1029
1026
998
1162
1041
1095
1091
1080
1049
1093
1122
1089
981
1011
987
1070
1029
1070
1078
994
972
925
1008
1108
1005
1070
1121
1031
1001
1062
1146
957
1024
994
862
1052
995
989
941
1081
998
1151
841
971
950
1133
876
958
1005
997
1060
1118
933
982
1112
931
1086
1074
1193
966
1038
894
1080
870
1089
1079
1160
1078
944
1139
982
1070
1139
1070
1015
964
1047
1025
1056
1131
1054
1051
1060
970
1055
1002
1112
959
1069
962
999
977
1154
1051
1087
1094
953
927
1003
1096
981
943
1052
1016
1014
949
1031
1108
993
949
1167
1045
1073
978
1073
1005
1109
1032
912
1072
970
987
1143
997
1034
1117
1006
1011
1080
966
1106
953
1034
1013
1082
1006
1077
1038
1061
967
1034
1141
1024
883
1100
1167
1156
1034
1034
1135
1116
880
955
940
870
958
1076
1027
899
1055
976
1060
902
1143
1074
1068
901
1008
1128
1115
1089
1075
1007
1098
1145
1038
861
1063
1057
1138
1055
1028
1022
985
1047
1039
1136
964
1109
1081
1115
1030
907
906
1032
1174
1108
1037
1047
1131
873
989
1030
1137
1053
979
999
955
930
1052
1064
969
908
1031
885
909
869
869
896
1023
1009
1003
1033
1124
966
1018
1036
1026
1052
929
1168
1087
986
889
959
888
895
1117
1064
978
924
1138
1045
922
1090
1025
1144
1122
1077
990
1119
984
1078
995
974
1149
905
994
1121
1088
978
1002
1072
992
1008
850
1049
1002
958
992
1167
1026
1040
1011
968
945
1096
1123
968
1073
1009
1039
1040
965
1089
1179
1120
1048
1096
994
1128
1118
1030
1111
1135
1039
943
1067
982
879
938
1038
1016
1098
1067
1011
1131
1014
1007
956
1103
1063
1024
1074
1108
1007
1120
902
963
1073
1054
913
863
1128
1121
1050
1057
1059
1045
1167
1059
1076
1164
1023
1011
1045
1081
1039
1021
1039
1119
1066
1073
1067
1013
1165
1052
1112
1059
1083
1043
1067
1066
970
981
1029
964
1057
1086
929
1001
1101
1019
1088
961
993
868
1027
1058
1142
1026
1058
977
1128
969
1047
1033
1050
1061
1039
989
1111
997
1154
1018
1099
1099
1008
1016
971
887
895
919
1019
954
1027
947
1052
873
955
1087
961
935
1064
926
1038
1113
1140
961
1097
1073
1043
1125
1107
1138
1024
1080
1069
902
1123
1010
1079
941
1148
1103
942
911
941
1059
861
1116
1105
1046
1037
1008
1008
953
1170
1032
1015
960
1081
986
1047
1055
977
1070
1106
979
969
1059
931
872
959
1067
1127
992
971
1131
1006
1021
965
965
948
1091
1041
941
1101
1117
977
1024
1025
1167
1059
1083
1090
1034
977
1081
1034
1145
972
914
932
1130
937
1085
1120
1037
1036
1026
1038
932
937
1117
1135
1090
942
1091
1129
892
1117
1144
984
868
1151
1020
974
1093
903
1016
894
908
1027
950
1088
1115
972
1137
1040
958
977
925
926
991
927
1087
1087
1000
1061
1005
940
926
1015
1018
1100
1032
1044
967
1029
1043
1143
980
1127
1118
1123
1093
1055
1065
1032
1057
972
1149
1038
1037
976
983
981
1126
1090
1124
889
1099
1032
906
973
1019
964
1003
1110
1061
1053
1076
943
968
1173
1000
929
918
1050
1102
1028
1092
1010
1151
1155
1092
1127
902
968
975
1100
855
1148
1129
1073
980
1002
1011
1001
1008
1138
1065
940
986
938
1057
1093
1128
925
1108
1102
1088
975
1159
1020
995
1014
1172
1023
1052
932
1095
982
1079
1121
1048
973
1137
1103
887
1038
1128
987
1038
1136
1065
1035
1071
1095
1005
1031
1094
964
1039
1009
1092
1048
1185
944
1093
1078
963
934
1059
976
1140
1027
993
980
1104
971
948
1132
1048
991
1109
1088
946
1105
915
860
1098
1051
1029
934
908
928
973
1173
1039
967
1057
951
1072
953
954
1131
1045
903
1082
987
1089
991
1071
1099
1067
993
1150
1036
996
1059
1154
987
999
912
1095
912
1089
1027
878
1119
1089
1015
1088
1002
991
1048
1131
1037
908
880
987
1101
1168
1058
1122
1056
1018
1129
1147
932
1068
972
926
1012
1058
925
1020
1076
1108
1129
994
1008
1063
1124
857
1075
995
1047
1144
1014
1033
1013
989
898
888
980
946
1103
1057
981
990
1090
1095
1110
933
996
1089
1113
1005
1054
1009
984
923
1011
957
1067
1001
1071
996
942
1074
1003
1092
1060
1118
1135
1118
966
947
933
1103
878
968
1152
1146
1045
1117
898
979
1157
1102
1096
1045
1058
908
1150
1070
999
1142
972
1064
986
1113
1147
931
1032
1046
971
910
1130
942
945
1046
926
1062
1112
832
1000
929
997
872
1131
1037
1091
947
1046
1022
1038
1009
1055
1142
974
1045
933
923
1083
1021
980
1066
1106
919
916
1025
1160
973
1126
1007
874
1136
1155
1025
1033
1037
1068
967
1147
1076
989
1108
1085
1121
1044
967
1024
1027
945
1021
1116
986
1096
1023
970
987
1059
1084
935
1022
977
1100
1057
1133
955
997
1013
1057
883
970
993
1072
940
1126
1042
1125
866
1075
1108
1112
1020
1024
1001
1121
1160
1090
1012
995
1017
1097
1115
1076
1054
1004
872
1074
1153
1099
1087
1008
1067
1014
897
1076
1085
987
1085
1020
974
985
1116
1088
839
1070
991
977
1067
1073
1073
926
1042
1111
943
1035
956
973
1160
1129
1072
1001
1137
988
940
1003
1079
1135
1051
957
989
1119
1053
1010
892
1139
880
978
1080
901
1140
890
1095
1063
1092
900
1001
1095
1018
962
984
1127
1052
1138
967
1166
974
1168
1145
952
1047
1131
1125
1045
980
975
1110
1056
1105
1173
1044
1122
1046
933
1088
1059
947
1007
1077
983
1006
963
1151
1034
1106
1030
943
870
1080
1106
942
1075
970
1139
1139
1126
923
858
945
1059
883
1108
908
983
947
977
1130
1092
1049
984
1135
950
1129
1133
1122
937
1030
1050
1068
948
980
1154
1150
1021
1067
1086
1144
1037
1096
1062
992
932
930
1087
1035
1040
909
1130
1080
979
1152
1046
1114
949
1100
1034
962
1105
1103
1010
919
997
1101
1153
1010
1042
1026
881
1106
1137
1172
1065
934
1094
984
1066
1087
976
1159
1034
894
1130
1049
948
960
1103
979
1058
1052
1084
1008
1012
1127
1131
986
1010
991
934
1071
1125
1087
1089
1061
1073
1148
1067
1128
940
926
1062
1077
971
855
907
1095
1084
935
1014
972
945
1030
1014
937
857
1032
1091
1015
979
1121
1006
913
1035
984
1080
1024
1104
1013
1008
1037
1016
1083
1002
940
1104
1088
973
1066
915
1148
1017
936
1098
1057
1111
942
972
1168
1043
927
1050
1015
1063
997
1051
967
1110
922
1068
1135
893
1001
1074
918
1091
998
1069
959
1002
1057
1193
1181
1136
1052
1063
1140
974
1057
1133
1034
1087
982
1064
975
934
893
1042
1098
935
963
1119
946
1116
939
953
1024
940
1083
1048
1098
1063
870
1089
877
1153
1004
1012
991
997
951
966
975
946
1092
860
1037
1009
1079
1016
1047
1042
1074
945
885
980
1005
1105
1012
1041
1103
1010
1117
1033
1101
1018
1170
1041
1007
1019
1112
995
1002
1164
929
1082
978
953
1103
890
1112
972
975
907
1122
1075
1059
1118
1108
1141
1075
994
1076
1103
1057
1062
1045
1077
1097
1073
1030
1137
1031
936
1016
1139
955
1054
918
879
883
1030
977
1064
1034
1042
974
954
1090
1010
1048
948
931
1002
1083
1012
1109
1151
970
1069
936
885
1107
1021
1132
999
1033
958
980
1102
1152
1096
1023
1011
959
1023
982
1029
1139
941
1071
1093
1094
1009
1023
996
998
1003
955
1097
1045
874
1120
1123
1014
1031
1098
1120
983
961
1115
969
1021
940
993
1094
1052
978
1099
1061
1113
1137
1009
1004
972
1035
838
1120
1080
992
1135
1101
1010
859
988
1071
1038
1164
858
1015
946
894
1104
963
1009
1082
1079
1151
1046
1068
920
929
1035
1152
1054
1044
1105
1049
1111
1121
869
980
974
1121
1075
1046
1048
1009
991
978
1032
998
1107
970
1037
1140
1130
1034
1043
1006
886
1121
1045
1074
997
1106
1079
1098
1008
1042
1087
984
1099
1127
950
993
1009
1004
984
1054
1168
930
1011
1101
977
991
1153
989
1140
1155
983
992
1092
897
1130
853
1012
1081
1152
883
902
940
1045
990
884
1007
1026
912
1026
1032
950
1002
1105
1077
1182
1068
998
1085
1028
1067
915
1024
1074
1061
1077
964
1075
1051
1079
1084
1109
1139
1000
1053
1032
923
1090
1008
987
1047
968
872
1095
1073
1053
993
1044
1009
1008
1138
984
1143
1014
872
1013
952
945
1092
993
985
993
1126
969
1098
1162
1086
969
1055
1036
1128
1001
1087
1017
1125
1050
972
1010
1041
969
1084
942
1116
1085
1072
959
952
1065
1009
1021
1049
1070
1003
1103
938
1037
1008
994
978
1092
1057
1121
962
973
1070
969
1048
931
1093
1075
1119
1065
1010
929
1109
1015
1094
947
1105
1033
967
1127
1012
1090
1015
1012
1091
992
1074
1055
1017
995
999
1008
905
1123
981
985
1048
1110
1006
980
963
1197
1033
1059
1058
1059
1118
978
923
977
1028
1071
1125
1063
1116
1054
963
1133
998
1052
1083
1180
1040
1064
1075
979
1122
995
1026
946
1065
998
854
1075
1015
1045
1060
1055
1063
1146
998
1066
971
1010
1161
1119
1080
940
968
983
1095
1128
1058
1165
1098
886
1096
1004
973
981
1099
1001
1143
1067
1126
981
1102
1154
1030
1053
1175
939
1020
941
1102
986
1130
1107
987
971
1075
1078
900
1018
1056
1030
1118
1151
1035
1137
1078
1071
1145
1085
1092
1089
912
1063
1088
1068
1036
1078
1018
1139
887
839
1045
1040
1030
928
1145
1002
1004
1071
1104
1125
1014
1070
1050
1018
970
1054
1152
1028
1093
894
1172
967
1046
1124
1068
1039
1081
1072
1020
1000
1025
1045
1138
981
1073
1051
1009
1008
1101
908
1080
882
939
1031
983
1020
1004
1132
1003
992
1121
1007
949
1158
933
1031
1094
1125
1120
1098
1090
841
1006
997
1044
975
1160
1127
959
1043
972
1137
1064
1135
1071
1019
1133
1082
1001
980
971
982
1029
1029
893
975
1026
1052
971
925
908
912
1069
1009
1001
1124
1010
1070
1121
1086
909
1085
1092
1087
992
1075
1180
1045
1007
1108
912
1015
1017
1055
974
1010
1011
1038
1066
1078
1021
1032
991
1082
977
1055
859
991
973
1061
957
852
960
963
1071
990
966
1019
1141
1027
1000
930
1058
980
1083
1018
982
1060
1144
1001
1054
884
889
998
1130
960
985
1142
1129
1099
990
1088
908
958
1034
1067
1122
980
845
959
873
1007
1051
1050
850
972
1030
995
884
1000
1033
1118
1124
870
1051
964
1099
1054
1019
1095
1129
996
999
1051
990
1003
1031
976
1154
1051
1070
1095
984
1081
983
1129
997
1035
1071
1121
986
971
1035
994
1045
1140
972
1000
1111
930
995
897
879
1086
1016
1141
956
1002
1060
1047
1131
1060
1034
1121
1055
948
1127
924
987
1160
1099
939
1060
945
889
1122
1104
931
1026
993
1102
993
965
1052
1065
1060
1070
990
1107
1168
974
991
986
948
881
953
1039
951
1002
1110
990
1130
1009
1153
1121
936
915
1103
1063
966
1039
1029
1008
1092
1108
1088
1119
982
1058
900
993
1098
985
1024
992
848
1097
1165
1100
1015
1133
1111
1048
992
990
885
1156
921
1142
1137
985
1045
1095
1140
972
1139
1056
963
987
1090
1116
979
1088
1019
931
953
1090
999
986
923
996
1147
855
976
1062
1000
1112
1120
1067
1056
972
1139
1074
1087
987
1016
1097
1123
939
950
955
944
1149
923
1013
1090
1183
868
1092
1040
1011
940
958
1163
943
986
1162
1102
921
939
863
1118
979
900
1027
839
1148
1034
1037
1020
953
1127
917
1127
1056
883
957
1136
1055
994
928
1109
1034
1018
964
841
959
1069
1013
999
918
1045
1075
988
1159
956
975
1127
996
1191
1008
1033
1043
972
1151
1135
1048
875
1031
1119
965
964
1102
1095
865
953
1024
1114
962
1020
1014
1124
1109
953
1053
879
1107
1004
1123
972
1125
1025
1051
1033
1068
1105
922
1020
928
988
1029
873
988
970
869
893
993
1066
1003
1045
991
1059
1017
1075
924
1147
993
931
1037
1159
1126
996
903
1036
965
936
981
944
1010
1105
964
1151
1053
1058
1077
1076
1012
1134
988
1073
1078
1099
1025
1019
989
874
1169
922
1097
1058
1093
978
920
872
1087
1098
1051
931
955
999
1079
1130
1150
945
1084
1051
952
1135
1010
931
1047
982
1096
1091
1123
1008
1135
887
1120
932
1071
1134
994
1046
1147
1033
1119
1000
1110
992
1130
1001
1021
1113
1050
944
991
906
882
1145
1122
1020
1110
1059
1136
1001
1086
991
972
1036
964
886
1058
1102
1049
1087
1036
910
1022
980
1043
919
1135
1008
1088
986
947
1054
995
1076
1038
964
1122
965
1057
1122
1017
886
927
1011
943
1043
1084
1100
1091
848
1160
1141
1053
1112
936
1056
1063
1093
976
1127
976
1080
947
965
964
1124
1077
1086
1121
1158
967
851
1023
1115
1095
1079
1028
930
961
902
1014
1103
1014
1033
995
1093
889
1119
1146
1048
896
955
931
998
992
1021
1089
962
1020
1104
1056
990
1062
1025
899
1135
1156
1042
1108
1109
1031
1062
1136
1067
1067
1031
902
912
831
1031
1019
1046
954
1070
978
1095
1011
1058
900
1029
1003
1005
1013
1047
920
1094
1146
1080
943
916
1059
885
1048
1163
1043
1076
1017
1048
1082
889
1148
839
995
924
1064
1139
1099
1140
846
1039
1071
1018
1089
1055
1067
1145
1040
1030
966
859
1123
900
943
1044
1138
926
1017
888
1093
1110
1010
1056
988
995
1033
1070
924
1167
1079
999
1029
982
1029
981
1083
887
935
1068
1078
1097
1035
1073
972
1129
1066
1030
984
1017
1101
1099
1020
1070
956
1036
963
1074
1014
884
1036
1053
1075
1034
1016
1037
1149
986
983
1113
995
1106
1060
1010
1065
1066
893
974
1038
972
933
1044
1028
1107
1130
1062
1153
957
1027
1047
1014
1072
1040
1093
922
1063
913
1173
1046
1056
1039
931
1079
1035
895
1084
994
1058
1110
1106
987
1153
958
1040
1134
1049
967
1028
961
927
1072
916
965
1111
1018
920
964
1132
936
901
973
974
1034
1027
918
1111
966
1066
891
1142
900
1028
1027
943
1098
1023
1114
1005
1067
1057
1032
1117
1099
1077
967
949
934
1161
1100
1015
1083
1149
1053
1053
1168
992
1077
898
986
1030
1103
906
1013
958
1008
1073
1019
1090
1017
1033
1089
1057
1017
1081
936
945
1029
1076
903
1127
1027
1174
1074
1079
984
1022
875
1050
1031
878
1056
988
1113
950
928
865
1020
896
1065
922
1106
1038
967
990
972
1112
1024
1073
1077
1026
1075
1001
946
1073
1029
1126
985
1036
1126
988
1065
997
917
997
1019
1075
1034
938
1088
974
1137
841
969
992
1047
1155
977
1044
1014
968
1033
1078
1056
1031
1113
1002
957
1106
1061
1136
1068
1123
1120
1084
1034
972
1130
1099
1009
1124
1006
951
961
1127
1068
975
955
1136
1153
1114
1073
911
966
957
903
984
1144
964
1138
1163
868
912
1057
995
885
1059
1034
893
1097
980
1136
907
1140
1018
979
1073
1041
986
989
1057
1086
1022
932
1071
996
963
1083
1095
1126
955
882
1115
1019
1156
1012
1056
1164
1102
1038
1088
931
938
1071
1141
935
1148
1141
1122
951
866
1009
863
947
1000
910
932
1094
1075
950
963
1159
881
1008
1001
1007
1052
968
1096
1125
1088
966
1160
929
1054
1001
1035
1086
927
992
1141
1171
954
1009
1079
1108
1043
1009
934
1050
1026
968
1036
1087
990
974
960
910
976
1028
1142
1037
1042
1068
1101
1130
1142
984
998
1101
1080
852
1128
1039
1075
1123
964
1013
1136
858
1116
927
916
1009
1056
932
904
1008
1081
1000
1095
1045
880
855
950
973
1013
1142
1019
1031
1051
1123
1084
1025
1050
839
1130
994
965
880
868
980
942
1149
1123
1004
995
1098
1086
919
1073
1099
958
1054
1141
931
1106
1085
998
943
1089
892
971
994
1100
925
1076
1032
1111
1173
1101
1094
932
1066
1022
918
1133
983
1010
1089
1036
940
1010
1044
1138
1001
968
1105
1045
924
932
994
1052
1128
1037
1074
864
909
1139
1023
992
881
1065
984
1116
1094
1033
1060
896
987
1064
959
838
1055
1053
1063
1011
1014
957
986
963
1078
965
1070
945
1055
1116
1083
913
1024
1037
1158
1086
1084
1000
1141
1007
1084
1012
1017
986
1059
1157
998
1153
1086
1142
1004
1038
957
977
1145
891
1064
970
1076
1128
873
1069
1139
1039
1055
1056
1009
978
1129
866
1160
1156
984
1109
994
905
1000
1105
997
1034
884
901
982
1006
981
980
1018
1015
941
1077
998
985
1078
1054
1000
1071
939
1080
1160
1105
943
1128
1054
951
1097
1072
1096
1158
1091
921
1005
1128
1077
1018
974
1140
1032
997
1047
926
1061
919
1126
1049
988
1129
1019
950
1033
990
1121
1058
1084
1061
1127
1127
1146
1149
1168
1122
1001
900
985
1028
1078
1086
974
1137
914
917
1089
1131
1014
1153
1114
1025
1164
1044
1145
891
983
1069
974
1031
972
1031
1029
1092
982
1111
1123
1021
1081
935
1155
928
949
999
1160
1148
1123
1100
1081
1011
1018
1059
1061
1020
952
913
979
965
1001
980
988
989
1010
1019
993
1112
1090
1070
977
1119
1127
1163
1020
1092
939
969
1011
950
965
1087
972
1015
1031
1008
1073
1130
937
1041
1097
1043
978
966
1104
1006
1094
1038
977
1141
1023
1020
1110
1016
1055
975
1112
1060
1048
1098
956
1012
940
1141
1129
1086
1042
999
976
991
940
925
1033
953
1031
1052
954
1123
1052
1159
901
1123
1087
1154
993
984
1053
1141
886
993
961
952
1070
1012
1067
1146
1059
1053
1020
1002
1084
1074
1077
1019
1100
1127
1121
1032
1070
960
1101
1108
1073
931
1173
1116
948
1045
1091
984
1145
1095
1000
1032
989
976
1125
1126
927
1046
999
1021
1103
838
1088
1090
944
1044
960
1140
1069
983
988
1062
1122
978
1135
943
1047
989
1045
959
1085
1086
1041
866
974
1113
903
1176
1045
1080
1018
955
1034
1065
1125
889
1135
1125
1127
1106
1028
836
1132
1016
912
911
904
998
982
1154
1058
1078
1044
1121
969
874
995
998
1007
1131
1070
914
1074
1144
1135
1035
1081
1019
1045
1014
976
1029
1046
1027
921
1039
1039
959
851
1180
953
993
1033
1091
1080
1154
1051
998
1046
1020
1126
1094
924
1102
963
1038
1081
920
1093
1055
1057
838
924
1134
1125
1187
1058
998
1111
1038
1190
1130
860
1026
1127
961
922
1046
966
1084
1065
1093
1101
1089
1053
921
1008
1066
846
1111
1148
1029
869
945
958
1045
1072
1054
1101
1095
938
1126
1045
907
974
1032
1013
999
925
956
1089
1150
1069
1166
909
1076
1096
1088
1049
1113
1065
1008
1067
1009
1040
955
1078
1114
1139
970
1070
961
1065
1005
1078
988
1135
1011
1128
1082
956
988
1121
1102
1003
1152
1092
1165
1091
1075
1003
978
1130
882
1009
1093
908
1138
1149
1068
1096
957
992
1049
1000
930
1091
872
978
1133
951
1063
1070
937
884
1047
1009
1135
1028
1099
892
1086
993
1081
1004
1101
992
901
897
1025
1025
1141
982
1107
1054
979
1020
1135
1120
963
973
1056
877
1013
974
1029
1083
1061
1002
946
1062
990
1092
893
1150
1015
879
1007
1162
990
924
952
1107
1012
969
1013
1130
1059
984
1089
1012
1088
1102
1009
1047
1064
1113
1057
1087
988
1013
1078
1048
1016
1045
1035
1157
909
1110
1044
1030
1029
981
1064
1013
1051
1031
1101
930
1154
853
989
1153
1080
985
1022
987
1097
1013
1023
1081
966
1052
1102
1087
983
1051
1170
965
1129
974
1084
1136
1011
1055
898
1004
1139
1033
1082
1101
1108
974
877
1089
1031
1055
964
907
1115
1035
1002
970
896
1117
1061
1010
964
971
1076
1158
1102
1067
1090
1048
1010
1095
896
1100
986
1015
1193
1066
1156
1072
1161
1031
1042
1099
1122
1095
1005
976
1122
1067
1127
1124
1044
957
984
1017
894
887
1180
1016
1043
1137
979
1023
895
1078
1038
1017
1100
947
1016
862
1059
1109
944
994
985
1069
873
980
1079
993
1047
1008
1106
857
1070
933
1003
996
1111
1057
938
948
926
990
1104
1128
1052
1188
1071
1138
930
1078
981
884
1051
1028
1101
1078
1036
1051
1028
1018
1064
1097
1123
1122
992
1004
883
1076
1053
1135
1030
1021
1051
1087
1117
911
1043
1133
1022
908
1077
1159
1007
975
918
949
957
1020
1001
1029
892
1012
1076
1059
1087
1151
1034
978
1066
1058
1037
1078
1122
987
887
1032
1099
1161
1100
1098
1076
1130
1112
1105
1124
1060
1009
1045
1022
928
1061
923
1021
920
1032
1133
921
1029
1060
951
996
839
1014
1065
1078
1090
1058
1069
1006
1100
1054
930
1024
1000
1002
1008
1026
1129
1118
1123
1052
1151
981
1084
1026
1127
956
1065
1123
950
1115
905
1068
870
1131
1092
1039
892
1032
1045
1127
966
1092
1067
1114
1094
966
925
1002
994
1026
998
1026
1144
1138
1011
1047
1165
1161
1092
931
1015
946
1144
980
945
1122
1047
993
1060
961
1010
1160
1089
968
1048
988
1019
1102
1014
1149
1088
987
1057
1017
1105
1081
1052
1081
838
1002
966
1111
890
1126
948
866
930
1106
946
973
986
990
1025
939
1069
1121
1020
1103
916
953
1123
1062
1073
1067
940
1025
1121
928
1143
1126
1043
1144
1007
1109
976
989
1022
982
978
988
975
971
1106
966
991
1082
998
1123
873
957
1110
1031
884
1127
966
868
1054
1009
972
1000
930
1011
1041
1075
1072
1018
988
905
977
843
1013
1047
1106
952
1001
1085
1119
1036
1113
1141
1091
1099
886
1154
944
1169
975
960
1177
1022
1147
1171
1032
963
961
1063
1041
917
1026
1088
969
1126
895
943
1042
1009
1018
1140
903
1011
1167
1159
981
1090
1136
1065
1102
873
1069
1049
1085
904
969
1088
967
1122
1031
972
1087
1011
1139
1055
1062
1136
1077
1161
1043
1084
943
1034
973
1127
1122
1050
991
1127
1089
1115
1122
910
1037
957
1006
944
1039
1092
994
1171
1090
953
1092
1061
1084
948
934
1018
1073
981
964
909
931
955
1027
1050
995
978
1142
992
1044
1132
1109
873
1048
1032
1092
1055
1117
1070
1088
1153
1066
1076
1155
982
976
1081
950
998
1115
967
1010
1080
1076
965
1087
1164
861
987
887
908
1071
1075
1032
999
1157
979
1123
1059
931
1111
1102
901
1048
896
966
1077
1051
1056
916
1139
1138
989
921
1017
1033
1050
1066
996
1000
928
1042
1145
1095
1157
983
928
1103
1052
957
901
851
1065
859
925
1107
1024
1070
862
1012
1122
1024
967
1029
1031
868
964
1132
1049
1040
1020
1119
1166
1065
960
942
1061
1173
1005
1103
1056
902
1058
921
1094
1144
972
956
1100
1039
1055
1042
980
1077
950
968
1097
915
1138
1157
933
1020
1099
1007
1010
1099
972
1017
1054
886
1063
1010
1031
896
972
1027
1074
1149
989
1167
938
1014
1073
1066
940
984
1043
1038
1078
1134
1017
871
955
867
1108
1080
1135
945
1134
1066
1021
1139
879
990
1007
914
958
868
1148
1001
1139
915
1084
1076
1028
1061
987
944
1037
943
1139
1060
919
974
1086
1025
1061
980
1148
956
924
1144
1111
1001
1016
1057
961
951
1036
1032
981
976
1149
897
1019
977
959
972
889
1025
1050
973
1004
910
1118
1111
1158
1152
1135
901
1171
1106
1132
1047
1128
1009
973
1004
841
1114
1133
1064
1166
1108
1105
1126
1055
1132
1164
1070
1110
1109
1099
916
1075
1147
888
1012
958
1030
1100
1166
1008
927
996
1060
1069
966
867
984
1032
1093
974
1138
928
945
1139
1017
942
1007
971
987
916
1049
985
1086
1035
1073
1061
1010
1110
962
1069
1055
960
1112
1078
908
1034
1118
1106
1107
1123
1142
916
929
939
1005
924
1095
970
1111
1155
1100
1072
998
978
929
1080
1102
1045
1044
906
936
926
893
1033
1070
1103
1151
1129
1050
1034
994
1008
1001
994
1141
962
1016
1157
917
1147
1035
1026
1032
1007
963
929
916
1071
1096
1038
966
1034
1169
1049
978
1073
1042
964
1039
1103
991
1025
1062
1159
937
980
919
1056
1047
907
1127
1033
1033
1136
988
1070
1040
1020
1089
1017
1068
998
946
1060
1097
1016
1055
938
1032
1157
892
986
1027
1023
1008
1054
1065
957
920
1140
1015
1011
1000
1053
975
1127
937
961
986
1018
1031
1054
1129
1068
981
1042
1157
1027
1059
1058
1043
1027
1067
1025
978
1083
1122
982
990
1023
959
917
869
1107
1082
1017
1108
944
837
919
1090
925
1068
972
1137
1081
1125
969
1112
832
960
1091
1014
1041
957
1099
1081
1120
1123
988
1109
948
1069
1013
948
1015
1025
1032
999
1094
1076
1042
891
933
934
1167
1091
986
1072
1127
905
1098
973
1005
1003
932
984
958
1076
1091
980
976
1017
1062
1158
1000
976
1107
1010
1148
866
951
958
945
833
1041
945
1075
1036
1090
1038
1050
1066
933
914
936
1017
949
898
1155
1121
1156
1116
1146
1038
1151
957
989
1026
965
1064
1060
1093
1094
924
1145
910
1141
1173
939
973
1114
1037
1002
1088
1085
1030
1081
870
934
911
970
891
1109
1110
1080
1062
1025
1066
995
1048
979
957
1159
1093
959
1134
1127
1048
1036
1129
860
1066
978
985
1134
1147
1045
996
944
1086
1082
1134
1010
946
1107
1032
1157
1008
1055
1032
1053
858
1004
1076
1083
1016
918
922
1069
1055
1137
1032
1016
1064
1081
1111
1154
958
1090
1139
1082
1011
869
1009
1076
981
1118
917
1060
1036
995
945
1085
1139
996
976
1122
1140
912
1029
938
1010
1059
1090
963
956
924
967
1046
1154
957
1063
1093
991
971
1154
1080
1122
1073
916
1050
986
1049
906
934
1006
1016
958
1038
1095
1091
1101
934
1077
1015
950
1048
982
1046
989
1011
1088
999
1015
1060
1057
1081
1041
1129
1137
1151
958
1098
1084
1007
1124
1027
1044
900
1106
1009
970
1030
1050
1112
1070
1040
1052
1080
901
1142
1095
1098
1104
1027
1087
1011
1054
1156
966
1087
987
1080
1059
893
1008
1027
1142
1045
933
1039
995
1089
1145
999
1140
1046
889
1109
1107
1138
1148
914
1143
942
936
