304
371
310
292
303
327
363
377
336
339
332
380
351
405
437
393
272
283
331
429
289
365
346
318
358
316
255
358
370
290
259
388
313
366
414
345
334
298
282
362
358
365
401
362
338
386
386
399
328
257
264
311
349
268
292
283
386
309
413
251
315
282
329
277
393
350
324
335
328
270
384
253
376
451
307
367
364
383
342
355
374
359
339
324
263
348
390
374
303
374
253
392
266
266
339
343
358
350
283
399
345
350
267
355
359
262
316
386
329
274
370
387
405
291
309
271
305
342
352
371
306
298
313
372
331
308
331
319
336
385
329
269
294
429
287
395
360
384
353
379
367
452
306
258
439
420
328
359
247
388
352
338
389
326
296
387
423
270
298
348
309
336
339
299
278
319
408
304
289
326
257
385
321
314
287
349
379
376
266
364
299
299
275
314
299
273
312
289
255
311
368
309
301
387
265
269
294
321
337
372
337
405
342
289
359
448
326
347
392
414
432
379
358
292
283
373
309
345
267
378
464
335
266
260
345
355
274
405
357
346
344
333
429
386
397
379
252
297
427
403
310
365
256
412
307
328
437
418
289
373
252
282
378
263
332
380
315
308
420
297
406
392
354
249
348
366
351
285
328
450
380
293
255
412
252
298
291
373
282
262
298
383
394
330
259
365
385
303
291
404
300
260
389
315
307
249
261
355
332
355
362
331
298
320
305
361
269
357
344
416
301
371
356
322
311
310
364
340
267
402
373
396
418
348
453
381
291
367
387
329
458
402
399
417
424
305
465
266
420
353
321
406
407
391
287
359
304
277
405
365
348
274
396
338
381
306
408
356
435
300
281
355
393
265
368
364
348
343
364
329
361
395
254
353
319
284
400
428
315
310
337
391
392
349
271
299
305
331
337
367
306
267
336
303
349
311
409
262
309
316
287
400
388
353
254
337
385
318
270
334
305
411
346
381
366
464
325
423
418
279
358
366
444
303
362
357
400
362
453
260
312
305
345
307
414
368
414
336
388
334
358
347
357
356
311
386
317
261
331
398
388
412
250
254
339
290
360
329
301
371
322
313
311
331
323
302
295
398
301
364
265
394
341
337
350
445
333
303
312
414
296
295
314
334
301
391
416
254
410
439
347
334
299
265
299
371
276
264
271
417
400
285
348
407
265
321
334
355
397
380
338
370
280
361
299
317
332
331
284
411
348
320
405
336
367
312
353
306
253
258
270
271
398
405
341
367
384
426
447
310
254
351
412
403
358
307
426
294
366
318
342
283
330
298
326
321
382
343
282
361
397
302
317
423
380
435
288
290
343
319
292
323
334
372
304
335
298
312
378
292
335
329
371
365
269
277
323
333
423
327
385
385
401
305
254
266
322
332
334
260
298
375
330
294
428
366
328
371
368
374
288
386
329
315
369
373
324
369
362
361
280
363
299
260
398
301
350
316
299
361
276
262
283
324
307
319
428
405
376
313
379
385
284
328
322
392
349
307
313
292
254
357
346
357
255
276
325
374
391
312
286
323
328
317
376
255
271
412
303
335
279
389
454
322
353
325
302
320
361
338
379
357
369
398
332
414
343
313
453
276
312
396
359
388
397
337
390
354
383
355
371
265
417
424
372
355
318
360
270
263
371
301
321
255
279
357
349
375
299
292
315
320
301
332
286
268
327
369
327
323
334
337
379
272
401
379
263
350
358
276
328
425
351
311
414
373
361
378
323
265
386
367
284
334
282
383
306
314
360
379
289
379
265
345
386
306
302
253
399
291
392
358
296
426
291
400
313
378
323
381
376
342
344
315
328
352
295
448
311
383
328
351
457
286
381
341
386
304
293
329
298
286
359
397
293
394
262
342
306
304
397
310
329
300
356
373
363
397
298
254
340
392
385
390
339
278
335
267
274
354
343
410
284
257
316
342
312
292
419
372
269
342
259
361
346
330
361
343
396
359
312
266
369
370
376
331
372
361
311
421
293
320
348
375
308
387
327
307
289
321
417
352
372
246
357
314
377
358
373
390
313
338
430
284
454
302
283
294
290
307
351
277
265
262
340
299
393
311
384
319
406
266
337
330
294
285
295
284
395
413
312
379
305
362
407
254
286
254
255
455
330
331
299
297
384
318
331
338
251
414
335
403
405
310
372
364
371
300
398
338
311
380
365
331
327
408
331
310
322
268
289
352
245
386
334
330
390
411
320
302
395
367
410
374
333
327
260
264
345
287
330
374
344
337
258
363
281
449
335
319
359
327
269
405
410
262
269
275
287
298
370
335
282
320
316
265
394
326
409
358
379
324
321
405
271
391
297
395
316
254
304
307
353
345
377
316
329
315
382
312
314
351
296
281
379
359
302
366
320
342
254
305
350
362
349
408
263
393
306
363
349
411
384
357
292
345
295
341
307
397
330
325
373
383
337
326
270
337
384
352
320
314
259
413
390
316
444
416
376
347
376
456
387
394
289
387
263
387
274
362
258
395
341
249
327
311
395
312
249
355
296
361
302
368
293
319
322
365
288
313
326
408
284
293
365
360
282
338
396
350
316
309
318
376
315
285
339
273
268
333
297
341
274
281
294
410
384
314
445
367
276
357
412
315
283
275
374
455
409
284
326
346
275
325
334
402
333
269
281
385
272
334
257
264
329
314
390
332
296
351
279
358
396
340
387
342
364
280
353
361
245
304
309
336
390
269
360
389
355
294
363
396
277
289
293
322
272
347
257
448
385
352
341
279
299
385
365
297
285
302
345
390
333
362
370
322
381
403
269
348
311
383
412
397
290
354
265
264
467
359
311
330
384
278
337
378
260
268
279
316
370
380
295
307
311
385
278
448
261
287
291
393
448
349
319
384
459
343
347
291
399
371
335
360
363
299
299
418
377
404
373
356
357
396
452
405
280
361
307
271
367
320
317
298
345
379
299
342
304
390
299
316
440
284
262
279
338
274
288
317
328
406
292
297
339
391
380
362
313
376
283
311
334
266
311
379
456
393
345
323
274
336
345
323
449
359
319
401
367
273
384
299
388
281
344
254
358
353
322
341
321
396
292
286
264
328
262
390
430
330
385
364
378
349
329
380
264
300
443
277
408
280
342
395
339
324
288
321
278
289
294
328
341
321
320
264
425
265
403
298
303
386
254
361
298
350
384
380
303
383
298
279
321
264
302
342
266
335
301
315
270
272
323
330
315
299
347
378
275
269
417
441
354
315
377
396
245
433
370
297
273
345
326
275
367
310
414
318
293
457
256
379
264
354
422
249
389
358
357
350
256
345
354
345
318
452
376
385
373
357
296
302
308
390
266
336
339
380
339
286
436
287
424
272
308
305
257
309
352
370
307
331
353
372
359
323
352
446
326
337
270
345
269
298
271
256
429
395
428
385
405
427
453
382
380
414
244
355
317
330
388
347
335
321
356
402
371
322
278
378
315
393
276
349
367
316
337
452
398
308
370
363
397
272
271
302
352
289
269
350
344
260
308
286
292
389
412
373
404
465
287
270
414
391
314
386
384
350
354
313
277
265
313
314
298
356
406
456
393
374
370
385
403
394
393
405
397
405
344
395
317
342
428
367
311
347
385
286
288
375
303
315
373
307
290
260
384
387
345
369
316
388
320
365
415
323
390
357
309
375
375
314
318
308
368
334
357
363
262
382
387
395
336
399
309
357
377
379
276
449
338
255
345
261
343
267
261
300
388
266
452
249
302
297
381
254
323
337
406
305
328
375
281
376
260
428
303
339
308
296
279
389
373
310
385
444
359
329
326
278
274
332
271
330
290
280
256
372
346
347
412
292
332
282
372
363
301
390
273
295
321
266
304
265
411
351
311
379
267
312
305
406
333
294
314
330
278
355
267
353
263
271
382
357
259
343
295
384
299
340
333
334
351
301
278
363
341
372
343
417
291
401
293
347
377
345
417
279
429
319
328
329
304
345
395
393
374
269
328
338
283
268
293
426
352
382
310
330
295
381
282
264
314
278
315
442
398
282
325
262
382
332
323
258
355
364
406
439
312
351
325
366
266
342
374
369
349
257
323
312
285
355
251
366
360
341
320
310
313
277
298
360
326
381
409
376
285
353
427
337
320
334
358
297
310
305
342
298
403
366
337
344
277
417
401
419
299
298
406
370
335
408
307
360
262
317
412
330
342
312
289
304
371
315
323
357
365
279
252
316
356
318
324
289
388
280
386
353
339
377
343
272
359
293
339
301
345
290
306
375
316
294
293
331
367
309
283
380
287
356
321
283
301
319
343
384
387
310
358
443
389
386
313
389
386
295
340
317
394
275
281
334
265
427
365
260
362
373
253
419
264
417
378
303
262
327
459
361
304
324
294
387
292
338
368
269
392
269
384
329
261
407
272
385
378
408
376
312
305
333
368
298
379
375
417
309
279
349
312
329
375
432
361
384
308
337
364
282
361
423
381
297
327
369
336
376
264
430
273
411
254
306
391
269
400
328
330
313
290
265
403
460
387
297
414
312
245
377
338
342
419
362
370
261
328
372
319
383
298
333
403
294
334
352
338
435
386
323
364
271
348
289
317
397
433
400
303
261
357
316
329
269
301
250
327
338
396
319
407
379
372
305
393
314
302
446
394
354
293
258
364
328
381
381
330
325
422
393
374
399
349
354
358
314
385
430
451
323
261
393
296
359
371
265
363
333
330
260
408
294
292
279
268
352
464
353
358
360
389
295
329
352
376
259
373
355
386
312
357
384
379
339
335
289
384
322
305
373
445
319
281
296
399
322
367
301
294
353
321
289
264
334
259
393
372
292
303
434
364
377
298
405
269
295
244
398
320
447
366
409
330
245
270
380
298
276
328
361
377
265
393
401
290
327
388
270
393
391
377
337
300
368
330
328
298
340
261
268
354
308
317
288
353
446
356
372
399
431
329
357
373
459
328
298
294
362
448
416
368
247
435
294
381
315
376
339
276
292
350
340
280
349
254
368
396
254
358
333
302
432
378
351
297
316
310
302
339
335
405
361
384
329
365
397
369
311
302
403
250
401
263
371
410
394
337
323
381
287
313
362
274
360
254
245
418
293
329
403
296
252
403
285
284
385
363
400
285
407
378
385
263
384
347
348
339
403
259
315
439
301
385
332
343
305
302
267
370
357
357
449
307
280
294
412
361
330
350
381
374
385
306
319
359
304
348
351
363
393
275
272
275
293
327
305
331
287
300
257
302
456
331
421
374
342
307
275
412
444
416
269
338
379
308
413
330
302
361
304
389
338
371
333
395
398
277
316
262
399
343
313
410
287
334
457
275
430
422
341
340
253
332
294
421
267
370
371
321
388
448
382
300
251
319
406
291
324
257
460
400
391
301
365
426
268
302
414
362
385
397
416
331
265
258
370
303
311
298
390
339
292
360
282
385
393
357
404
362
375
397
309
316
389
289
329
265
350
275
276
391
339
331
431
332
305
338
407
317
263
379
407
356
457
337
313
312
321
382
293
336
299
450
351
352
274
451
316
337
333
288
365
380
362
254
321
376
383
331
387
306
328
305
400
288
265
285
320
336
317
302
404
300
363
338
276
281
251
346
367
397
339
302
399
385
372
356
331
382
395
382
288
295
357
411
306
348
413
326
289
307
384
282
360
405
258
271
374
302
286
396
281
336
344
248
394
386
371
415
354
384
403
360
286
387
356
248
327
419
461
395
375
375
353
306
266
257
335
295
297
457
358
319
378
294
327
263
309
353
344
314
366
329
294
447
358
264
336
371
262
312
371
399
252
299
301
409
295
262
375
383
350
316
418
298
341
336
249
371
365
312
278
374
327
278
258
381
335
383
308
320
269
333
330
382
309
388
405
304
322
293
317
363
373
293
386
430
288
273
406
309
382
308
288
358
265
311
290
414
378
454
273
379
354
314
362
334
313
375
354
302
331
397
375
328
278
257
261
332
284
307
402
362
401
330
284
296
255
336
265
410
348
336
390
394
373
283
336
293
457
397
255
329
386
284
332
370
321
301
317
392
348
276
365
395
356
325
282
321
333
301
252
285
277
324
420
325
402
405
344
279
282
367
346
400
342
355
286
373
340
377
345
377
285
319
417
387
301
346
338
320
290
245
322
418
320
324
292
386
308
317
337
371
330
398
291
351
301
392
295
324
278
365
297
305
303
358
347
350
347
360
331
400
350
365
426
324
307
281
351
417
273
327
349
322
313
379
285
341
412
425
303
334
298
376
303
324
409
403
299
313
281
334
378
429
373
318
278
419
335
348
318
387
256
322
438
435
292
369
301
295
257
321
314
333
252
256
364
358
320
291
314
304
289
317
318
345
352
305
332
315
384
298
342
354
367
286
408
390
340
410
326
386
376
402
303
382
340
331
307
302
401
429
335
265
336
299
299
427
303
387
285
327
393
458
374
267
353
262
444
330
311
381
441
326
374
366
373
315
400
303
412
334
314
416
347
348
415
314
295
283
326
291
325
252
310
298
325
409
366
280
339
319
294
314
317
392
412
330
390
292
405
298
307
344
345
318
302
285
373
350
256
349
318
339
307
314
353
296
290
305
360
259
328
294
412
338
321
259
372
252
343
333
354
301
356
263
277
260
379
263
403
334
330
356
354
320
296
295
397
436
266
315
338
432
339
402
284
306
315
379
289
307
315
324
323
449
397
380
319
372
355
268
267
284
403
362
364
343
340
298
343
356
320
339
332
362
423
314
279
264
261
356
320
328
320
430
304
339
267
338
328
406
364
387
371
393
416
333
373
449
345
259
302
249
363
361
336
320
379
318
351
321
333
352
259
386
429
409
376
271
391
345
383
408
363
367
361
363
255
308
366
283
326
417
358
365
293
355
391
393
348
355
403
353
397
396
323
260
313
316
393
268
296
287
380
328
342
395
334
339
333
320
381
388
327
379
416
324
349
345
409
257
350
349
403
333
329
318
334
410
414
360
394
382
425
273
309
249
298
344
330
385
342
345
310
290
343
326
267
328
272
448
282
451
280
371
382
379
279
399
361
379
289
374
318
370
373
271
377
370
314
309
406
402
344
259
391
307
297
354
414
347
448
262
399
292
387
349
336
295
388
299
345
322
351
319
292
273
451
352
319
262
289
407
367
418
355
302
253
261
413
323
318
306
339
356
352
410
368
340
271
311
408
339
362
262
360
336
259
357
305
343
360
419
393
261
305
405
348
391
270
353
415
332
278
393
259
262
399
420
366
340
360
370
439
347
337
366
300
322
270
324
312
318
336
340
336
285
397
433
387
428
298
287
281
321
275
269
335
371
437
354
368
278
265
359
418
418
330
259
253
419
463
273
256
298
414
270
379
249
450
283
294
296
374
386
381
352
339
367
377
347
259
353
271
301
343
290
294
325
372
371
305
414
370
307
337
400
387
331
331
289
324
278
281
372
278
328
356
376
419
358
403
294
319
358
327
409
412
297
387
394
339
352
395
358
340
254
284
252
332
260
317
338
435
371
280
313
352
380
412
299
284
323
326
442
373
309
287
413
402
360
322
323
377
317
320
250
369
308
281
252
312
313
305
321
421
385
410
385
284
364
335
348
380
311
258
284
292
366
255
267
354
271
300
387
304
360
330
309
348
403
385
352
380
363
428
271
329
349
294
357
354
371
396
276
294
331
415
360
264
391
416
314
386
320
404
341
413
312
378
364
361
269
413
348
330
342
417
454
336
377
382
375
385
402
378
407
331
383
358
324
345
291
342
366
363
332
360
327
383
354
346
285
266
332
350
301
299
335
380
312
314
313
384
379
323
344
376
340
250
258
298
344
346
352
401
345
352
320
256
387
408
407
260
279
266
312
395
290
348
244
361
340
362
345
389
373
386
426
309
374
362
385
272
298
298
394
382
366
342
294
385
452
306
325
391
398
354
301
279
307
356
323
380
455
282
348
424
364
302
368
368
372
335
405
316
344
296
399
259
253
410
276
264
289
435
264
326
256
272
330
304
401
404
326
370
290
311
335
381
316
359
365
363
402
342
382
295
317
358
391
321
452
268
375
367
266
310
252
293
292
394
383
294
267
450
267
345
261
385
378
335
378
261
271
325
266
312
273
359
327
288
306
350
332
371
327
301
321
266
255
333
317
345
304
311
326
285
374
302
383
259
322
461
441
353
311
434
357
332
373
445
264
277
359
329
364
388
270
298
362
319
312
297
424
371
278
430
272
396
340
393
318
355
443
348
324
418
367
299
267
360
325
302
279
422
320
375
296
280
357
323
339
398
362
351
370
361
450
300
345
387
374
395
327
289
305
358
391
347
362
399
342
331
338
388
264
379
338
302
378
340
414
329
276
302
349
305
314
318
384
277
401
385
254
357
301
382
380
278
358
320
397
326
266
334
256
299
315
374
363
274
314
300
350
352
310
362
394
373
328
435
359
384
303
436
372
373
398
419
401
462
453
252
376
370
424
337
350
339
354
315
314
298
337
346
381
457
288
318
319
249
361
270
250
350
343
289
406
320
334
344
318
315
342
421
399
380
368
305
351
331
374
410
328
298
402
273
290
362
315
331
392
303
454
300
336
355
308
336
359
347
334
353
366
281
303
341
342
283
388
393
360
334
367
384
346
276
383
255
383
405
421
288
371
257
339
391
374
301
332
363
362
352
352
279
271
340
328
335
332
363
362
335
285
335
345
329
305
334
381
441
351
380
454
414
328
317
297
415
343
452
319
344
377
378
258
327
329
361
365
332
344
387
401
397
433
376
347
286
341
275
347
386
337
316
307
315
354
412
375
390
355
404
414
302
354
321
375
320
442
350
301
292
333
259
335
381
304
386
351
254
441
397
318
354
313
291
303
300
263
404
265
302
277
353
370
396
426
309
334
326
322
289
370
388
363
331
341
328
306
352
301
329
264
339
381
354
423
430
357
341
305
379
413
318
361
330
310
286
343
340
366
317
347
320
304
398
411
281
261
430
276
354
359
368
280
348
378
297
345
298
256
369
320
372
331
323
254
310
277
316
270
451
434
393
354
355
378
280
343
403
378
347
318
352
276
381
344
375
344
297
299
387
302
295
276
298
433
307
355
427
347
308
345
339
280
291
370
414
314
320
403
407
386
428
439
385
315
450
278
259
389
385
319
453
340
312
276
320
352
383
254
324
420
400
370
303
321
302
298
440
318
345
345
383
343
455
386
423
283
296
252
276
339
375
316
385
330
359
324
316
331
326
353
321
273
365
279
285
262
424
388
444
306
384
368
328
333
374
378
334
259
332
404
360
309
432
389
368
414
258
413
405
414
406
250
276
345
292
405
334
264
321
335
362
254
404
294
340
329
310
276
297
275
394
323
283
403
358
306
273
246
264
339
348
401
319
277
303
321
299
385
286
345
354
332
396
340
344
390
272
263
344
294
296
256
329
330
403
350
338
300
319
252
327
398
356
376
315
396
301
369
340
375
417
381
321
299
310
342
400
279
428
311
370
403
306
376
329
403
349
390
296
386
269
309
378
400
275
303
292
343
292
282
312
354
332
380
247
305
365
358
406
330
300
371
427
350
330
357
294
245
333
336
284
376
316
351
292
290
365
292
376
330
366
286
402
347
326
372
279
318
349
362
314
347
309
321
342
329
332
397
280
402
389
320
363
421
285
351
287
284
321
265
340
304
397
323
401
339
265
344
430
355
292
403
364
301
383
368
352
378
325
346
414
422
321
263
430
311
394
276
394
289
400
354
386
373
318
347
380
286
293
346
259
347
357
362
354
379
382
322
323
389
326
303
269
444
298
411
276
383
340
400
374
311
400
393
330
262
320
269
384
311
350
404
406
353
316
357
330
393
347
271
420
351
409
376
273
393
255
405
358
388
256
266
338
390
295
359
330
341
411
355
319
259
311
355
380
388
323
415
306
384
308
362
263
330
302
306
277
294
329
389
333
439
253
249
339
317
309
309
335
338
358
348
284
283
317
353
410
389
365
271
275
332
285
401
384
310
343
291
273
363
323
306
314
404
283
324
309
342
387
341
256
315
316
326
289
448
320
325
274
272
435
388
399
375
441
285
362
382
332
322
287
312
253
419
266
321
347
303
303
342
298
383
318
358
321
325
376
333
404
294
362
375
369
285
328
249
410
299
307
333
291
371
413
329
330
308
268
329
407
412
386
355
332
337
264
381
363
383
365
293
436
394
401
433
365
322
423
357
351
406
399
297
338
432
268
261
325
330
351
409
374
413
377
405
323
269
396
264
362
314
275
331
324
333
323
386
381
392
369
349
338
370
315
320
405
424
304
338
258
302
386
403
297
369
359
274
366
284
355
323
256
310
362
359
330
304
304
262
338
312
303
413
372
413
359
372
295
406
281
310
322
342
325
349
265
446
273
287
397
285
406
292
309
313
418
379
332
302
348
314
420
279
320
379
369
302
358
411
411
458
326
269
281
310
377
323
448
336
277
364
312
357
303
371
307
365
337
376
379
266
263
307
275
376
325
293
416
402
300
345
425
293
449
363
284
330
295
270
372
332
282
264
400
276
393
294
376
405
316
320
408
258
371
338
286
323
337
403
350
334
376
420
367
284
258
350
294
362
430
412
326
276
343
371
298
283
411
309
429
274
410
258
322
409
371
331
314
323
310
348
388
411
395
408
262
358
373
364
333
258
279
389
315
257
410
362
312
266
393
374
349
399
278
340
257
328
286
333
298
298
320
420
397
345
392
412
320
308
333
257
346
295
265
364
394
303
264
355
255
314
405
261
367
342
263
392
301
370
333
322
290
298
258
263
323
258
416
357
352
277
414
341
318
301
353
315
255
374
427
320
425
357
381
405
301
334
365
350
331
311
324
354
299
419
321
290
373
306
410
378
301
299
389
352
319
281
376
346
351
250
360
332
312
337
405
438
372
366
411
304
303
296
310
361
337
370
410
411
354
318
375
354
334
342
305
379
337
310
375
358
314
391
362
358
316
329
292
458
253
383
347
256
268
311
285
421
397
271
394
341
353
292
271
273
293
327
354
372
338
311
270
289
333
418
318
273
282
397
302
322
300
291
299
273
396
379
337
291
302
344
379
348
300
278
370
254
337
323
366
320
256
301
346
375
398
358
288
263
321
293
355
282
290
376
431
464
365
398
401
252
317
267
317
404
428
395
314
309
268
307
294
289
402
390
303
405
361
350
280
399
253
375
380
303
409
429
318
367
295
334
255
407
329
278
406
293
332
406
388
362
404
439
281
389
287
351
320
373
292
324
264
414
278
355
338
358
389
326
333
274
328
453
361
364
417
399
357
250
329
283
320
337
378
343
309
311
357
306
356
323
406
295
293
348
392
386
304
329
354
424
294
293
430
368
279
411
328
381
322
422
331
405
299
296
295
313
276
245
293
283
341
305
385
400
347
368
304
300
324
368
317
351
369
286
296
254
321
356
253
366
350
347
405
332
345
406
350
384
293
266
323
265
434
317
438
429
328
362
383
263
364
431
378
374
426
321
328
432
367
340
340
312
399
334
392
311
397
269
322
334
271
342
295
349
373
255
300
317
389
270
434
405
405
337
289
365
382
283
420
437
316
404
278
259
414
322
359
251
300
339
302
254
327
260
402
295
436
367
326
276
404
381
304
262
338
262
254
340
340
245
333
367
379
385
385
383
359
309
298
344
416
323
351
441
376
397
368
323
333
399
335
265
401
392
399
275
380
452
381
304
355
281
344
334
394
253
347
307
360
337
345
378
271
384
263
339
381
358
320
352
383
265
327
382
343
319
350
321
308
377
346
347
368
342
277
329
385
377
415
345
377
301
310
335
264
436
293
404
269
358
355
300
304
376
319
381
375
316
374
383
366
330
293
371
358
403
408
286
414
359
296
405
285
326
257
314
325
364
399
387
413
371
293
340
350
293
255
285
260
274
324
272
349
319
451
337
267
306
406
409
345
315
333
343
314
341
274
290
415
261
392
331
300
341
271
350
258
377
364
464
294
318
407
298
323
443
294
369
302
277
322
328
320
252
361
383
336
358
287
357
302
353
313
336
299
358
306
408
258
340
411
369
430
348
407
329
271
338
337
284
410
404
340
349
328
384
396
334
290
440
300
377
327
282
316
289
250
431
387
277
354
389
357
301
385
301
369
280
315
278
436
386
329
335
391
365
268
281
371
360
374
383
354
324
305
366
340
280
353
365
391
294
356
382
418
420
311
350
355
319
377
366
301
287
344
288
312
360
372
369
255
275
329
272
360
318
463
338
320
262
266
332
362
343
373
374
269
304
382
427
392
350
409
389
260
290
340
264
377
436
312
354
380
336
318
369
342
274
332
458
283
316
383
302
393
300
342
286
264
387
349
460
360
411
401
305
333
449
369
342
345
310
366
378
273
313
287
255
302
339
357
377
407
299
282
318
341
379
372
336
380
401
350
315
283
355
262
394
352
441
283
350
460
426
259
412
353
275
379
327
304
356
294
295
335
273
264
376
298
384
301
434
426
379
396
293
304
253
304
377
291
343
398
334
282
367
289
421
409
456
394
344
312
317
438
426
394
397
390
376
367
363
399
452
306
283
368
299
359
341
244
341
271
437
319
304
309
365
350
300
452
436
264
345
304
275
279
383
440
299
338
253
388
292
376
291
406
336
373
291
277
332
394
320
318
347
343
349
308
252
392
314
307
401
352
313
269
263
372
343
296
259
393
280
268
294
389
403
292
344
440
325
313
337
295
361
295
389
358
301
401
312
377
315
262
338
313
326
303
325
379
372
270
400
263
355
346
301
260
259
272
279
304
380
331
258
380
258
276
387
432
385
315
405
396
447
286
385
324
307
269
290
355
266
387
371
324
358
355
247
381
262
357
324
320
384
299
338
318
448
457
386
256
319
390
294
339
419
420
446
367
328
304
365
291
431
403
316
291
397
323
264
353
253
290
457
285
406
370
336
368
373
361
370
365
342
321
386
318
387
256
408
301
255
385
312
353
285
299
355
349
321
248
399
350
278
326
366
371
411
330
372
267
399
378
345
310
338
348
290
256
318
346
348
363
361
370
421
333
425
363
264
359
433
445
463
300
350
355
367
323
387
379
374
396
374
369
274
276
263
264
319
387
317
344
333
330
348
325
310
410
322
303
264
270
317
400
384
338
355
307
334
328
409
285
288
359
273
287
308
304
286
329
354
264
388
324
280
361
365
276
255
355
315
347
278
405
350
341
358
276
353
253
351
255
383
252
364
387
343
326
282
289
294
298
320
254
268
445
285
309
253
257
349
303
296
381
262
312
379
348
355
319
340
293
276
308
375
354
390
258
454
408
357
301
337
291
312
293
296
281
299
278
345
272
382
322
399
291
373
343
316
387
368
359
345
299
319
404
414
262
370
333
399
333
414
269
294
368
464
295
371
264
316
283
257
408
325
349
332
264
330
293
357
320
366
313
347
265
330
280
264
311
380
390
385
343
393
262
333
273
301
300
428
385
300
328
350
288
356
360
434
328
270
305
301
386
282
351
339
358
393
282
346
315
447
384
358
366
339
410
319
386
289
333
257
318
297
312
350
309
325
375
343
355
375
340
366
404
357
377
333
410
261
381
330
352
315
255
318
292
307
319
396
340
391
352
316
260
339
307
300
431
294
368
317
325
371
366
396
409
309
340
295
259
264
412
396
302
367
338
315
348
334
328
304
440
369
333
451
357
393
356
321
320
390
318
436
378
284
311
259
414
348
356
405
354
341
412
369
385
373
283
258
369
285
321
368
414
367
319
363
274
300
331
336
377
363
333
318
357
285
307
379
357
394
272
294
350
421
352
367
255
351
356
290
399
400
340
287
336
379
306
393
327
370
394
367
328
407
313
407
372
347
456
373
357
381
381
316
361
384
288
340
349
268
266
387
445
322
336
348
354
329
430
338
345
373
272
251
350
262
313
363
353
311
371
454
396
380
323
331
418
368
354
389
438
341
357
256
327
331
371
387
348
335
316
307
273
245
368
370
263
322
389
375
369
245
355
289
324
340
247
320
338
406
399
311
261
344
254
424
364
334
316
295
445
340
342
345
369
338
446
354
329
254
391
324
373
357
294
382
284
340
284
395
330
358
366
299
365
423
348
377
420
405
348
437
385
416
377
446
362
296
330
359
413
350
293
395
336
316
265
372
320
377
314
338
431
324
302
282
375
399
283
286
314
351
360
401
287
327
349
357
290
326
341
378
298
385
293
365
395
378
350
383
266
377
284
331
381
340
262
284
345
306
312
282
245
273
355
349
334
376
270
358
270
297
353
394
323
280
277
283
338
337
443
390
331
393
339
388
310
329
315
325
354
429
332
374
291
345
324
263
314
353
274
265
377
383
315
283
411
342
334
291
379
261
365
347
309
440
266
306
278
287
412
255
286
277
359
392
399
397
389
263
250
314
287
298
335
346
271
262
371
291
274
255
264
401
376
256
301
323
357
419
275
260
422
294
279
326
267
368
291
352
441
331
307
313
278
361
451
355
307
264
257
295
369
345
272
384
255
310
283
329
326
355
346
333
319
378
326
354
401
362
289
294
393
444
323
303
418
411
347
289
295
270
380
261
287
293
308
459
382
260
404
343
275
290
268
302
381
374
282
360
314
312
386
320
364
393
330
341
379
307
306
418
398
263
393
339
318
369
366
350
296
352
293
374
317
350
381
359
286
294
258
373
460
272
374
314
283
442
296
379
298
328
304
250
447
301
271
331
375
295
395
427
260
369
323
333
348
363
414
315
353
349
352
345
271
379
295
368
416
315
333
280
317
278
286
283
301
363
261
344
396
262
356
431
374
333
319
304
337
455
395
447
282
385
319
358
278
367
404
351
334
394
370
290
362
298
349
360
319
402
356
264
307
252
298
319
272
318
258
298
423
270
414
352
392
350
365
266
282
352
257
360
339
313
348
347
363
368
312
413
379
307
367
407
271
272
362
292
382
394
335
416
341
279
298
384
346
371
312
427
363
283
266
270
299
375
276
300
317
295
313
325
429
309
263
325
318
295
304
381
457
397
372
258
323
280
261
255
292
286
334
380
247
378
327
429
255
402
332
303
343
389
331
315
379
304
311
448
375
370
302
400
329
348
387
266
375
354
322
294
370
420
392
328
381
420
346
328
295
354
315
274
376
306
370
368
414
353
253
327
318
349
300
332
355
388
304
273
399
358
311
336
437
263
261
282
348
364
334
278
277
348
350
293
343
285
347
369
303
406
302
338
289
371
305
445
343
349
323
355
337
255
321
370
437
430
374
345
360
357
346
401
396
361
353
333
369
452
342
312
314
305
328
345
399
392
378
253
296
301
322
345
303
307
452
301
359
424
277
374
357
365
355
364
330
304
400
366
349
344
259
332
312
411
349
376
384
336
294
355
374
290
305
307
283
295
401
314
272
269
343
360
368
270
356
261
380
285
253
413
300
288
302
405
379
305
367
366
330
326
338
324
266
382
260
306
333
273
291
365
298
304
346
377
355
317
266
259
285
414
364
458
427
355
344
287
415
389
283
356
268
374
295
328
350
287
299
382
370
323
364
274
375
315
388
338
327
281
394
300
301
273
425
338
313
263
318
287
381
306
362
379
271
257
420
336
284
318
318
428
272
414
366
334
346
306
359
325
319
390
439
413
365
316
292
347
277
321
382
369
372
266
409
315
309
374
396
426
430
380
332
337
282
402
346
323
345
352
317
375
305
344
276
307
320
414
401
264
284
325
385
365
387
249
321
337
265
272
277
349
455
417
319
366
445
376
387
317
319
332
384
297
388
265
271
370
339
411
364
306
384
332
379
465
398
374
390
376
304
351
293
389
289
303
344
308
274
291
437
324
328
410
288
317
387
349
271
307
390
350
401
323
278
447
382
332
390
319
261
381
304
278
379
424
426
369
303
292
321
266
334
379
332
346
373
301
378
443
349
388
340
362
347
362
264
362
376
388
330
448
381
371
379
338
362
300
255
416
378
416
302
305
364
324
361
370
440
309
363
315
351
337
350
362
374
360
382
393
318
371
334
315
382
266
392
286
341
348
405
347
333
397
271
379
348
379
358
370
415
314
254
433
296
301
268
337
329
401
393
346
296
366
295
353
266
345
278
394
405
367
283
364
268
313
318
387
412
433
304
303
413
253
283
436
388
402
353
272
395
321
395
346
419
334
319
408
381
449
357
333
299
347
341
327
366
382
336
343
297
383
377
281
394
350
365
333
377
358
405
266
387
332
295
280
373
315
406
328
373
298
355
422
404
300
310
325
299
315
292
303
340
404
383
331
454
399
278
362
401
306
317
311
303
295
289
347
345
290
396
371
383
349
352
373
315
383
310
296
245
360
268
307
293
405
364
402
321
339
380
342
319
253
258
249
343
402
372
315
278
379
324
410
347
317
286
353
315
354
250
426
317
316
300
268
351
316
332
331
328
329
323
323
367
248
302
366
441
425
250
411
362
311
428
259
281
395
352
348
377
350
368
414
273
268
333
328
272
393
396
361
279
419
358
340
391
384
359
277
344
382
289
385
402
292
276
322
387
289
342
353
302
321
459
361
350
296
381
340
326
307
285
428
288
371
375
430
354
316
332
377
310
315
318
301
423
404
356
378
342
291
373
381
245
306
315
293
304
298
408
345
326
459
265
400
302
358
299
388
351
371
276
336
302
364
433
366
416
273
333
326
423
254
286
339
386
271
344
363
315
385
289
321
348
407
245
335
381
316
389
304
346
292
382
282
393
387
355
443
306
264
316
309
292
267
298
271
293
384
349
441
368
302
367
402
376
317
351
438
369
427
276
380
301
320
287
282
389
360
401
333
360
321
372
312
391
359
436
307
250
265
293
326
366
297
306
289
350
312
257
347
275
377
269
351
365
365
292
315
260
377
367
354
332
290
274
284
359
424
273
267
349
316
435
307
367
376
274
326
331
358
316
318
307
255
436
410
339
298
329
323
332
262
319
265
315
289
264
315
332
268
268
352
388
268
301
392
315
318
338
355
338
306
305
348
364
313
390
337
292
347
331
428
250
355
368
314
377
337
395
360
305
323
290
329
324
443
334
343
366
333
403
371
297
389
253
311
283
354
456
355
401
312
383
316
292
251
300
345
439
258
260
276
266
307
360
263
273
306
303
439
391
434
343
433
388
385
388
398
314
337
369
247
265
272
349
364
399
383
286
334
256
291
399
378
318
400
400
330
308
272
347
261
293
390
330
435
300
268
293
267
304
398
379
327
383
278
339
270
451
289
266
325
360
361
254
308
341
376
328
353
439
383
293
277
295
285
337
300
350
314
350
364
425
362
411
312
327
402
323
286
335
303
406
291
389
374
337
356
275
305
341
288
386
301
370
349
290
426
252
283
286
423
347
315
314
340
383
323
294
396
303
404
392
448
368
299
313
310
399
406
354
351
333
367
356
304
399
333
369
285
333
371
292
361
357
399
407
285
361
400
323
400
385
343
287
307
375
328
298
333
274
361
278
360
279
396
338
347
367
254
310
394
292
307
315
325
309
262
375
418
282
392
280
272
399
357
311
304
323
263
345
266
415
405
345
279
424
331
399
380
374
336
307
278
396
450
328
361
289
426
251
312
272
364
264
389
250
360
383
407
347
371
351
401
391
335
342
310
338
328
267
396
376
297
319
412
378
413
273
351
382
300
278
352
347
401
364
303
412
338
357
382
339
289
327
400
267
337
397
305
296
307
368
254
314
300
422
280
306
412
297
334
408
377
328
282
380
336
287
327
308
402
348
314
346
273
262
435
308
308
320
301
313
434
309
399
265
404
363
428
337
303
346
321
307
267
389
339
332
296
325
305
382
426
327
337
320
325
288
318
257
339
273
365
373
397
424
299
254
320
281
301
324
254
315
318
395
357
284
398
307
295
305
362
380
415
363
285
374
372
266
333
394
338
286
283
337
320
362
315
445
388
266
336
333
400
351
272
322
332
362
372
277
337
375
334
438
370
266
250
262
319
293
280
275
268
376
292
408
327
318
374
295
320
314
292
316
404
294
389
414
337
426
376
309
278
395
264
319
416
363
362
337
295
364
323
379
286
399
384
394
267
366
287
372
342
338
307
354
295
331
314
253
367
300
441
260
362
357
295
375
371
403
302
305
267
351
353
326
265
381
363
302
343
439
349
337
279
276
333
376
338
331
290
384
368
349
371
324
309
268
335
366
275
247
336
340
380
320
323
417
420
349
332
276
291
366
372
384
366
377
266
425
321
317
297
321
284
257
376
294
337
357
267
272
327
455
370
286
331
285
377
321
294
410
295
340
336
357
333
258
351
291
309
255
418
294
445
253
272
372
369
270
353
396
408
295
377
319
271
298
381
427
377
342
247
357
321
258
357
261
410
343
339
281
311
320
345
346
287
329
380
297
275
282
317
356
425
375
253
411
427
414
376
365
386
387
350
393
339
379
333
337
355
378
315
404
285
364
266
443
352
318
293
387
368
256
421
357
339
260
309
319
393
344
378
400
332
312
332
370
285
413
406
307
285
347
388
387
451
298
289
286
419
363
419
285
351
332
309
344
305
388
327
332
310
417
352
320
446
332
299
311
330
368
325
412
399
391
283
364
315
283
389
380
346
255
268
358
373
314
290
304
343
268
305
263
330
282
399
300
311
371
387
289
379
337
405
355
338
333
265
426
326
371
311
337
368
252
351
356
306
314
322
389
264
418
297
321
364
355
345
256
348
346
400
296
378
393
279
315
303
337
287
385
320
351
306
347
423
323
316
350
399
357
274
275
453
349
316
358
374
342
333
313
369
298
306
344
381
339
372
263
249
358
254
371
299
327
385
341
321
365
358
374
250
383
334
398
414
279
291
354
309
379
318
323
362
418
336
364
303
322
318
316
373
273
365
427
394
298
435
317
322
346
399
254
272
332
254
324
258
416
442
396
346
357
368
316
400
279
366
341
332
263
284
283
400
356
356
368
337
310
280
263
326
344
358
367
342
255
290
262
293
364
285
274
353
343
318
378
340
327
259
350
374
289
355
386
375
329
341
404
284
276
322
338
371
332
301
357
332
385
414
316
255
313
333
314
395
268
364
393
344
342
359
363
265
360
301
349
372
352
336
365
396
255
382
348
383
294
399
307
368
343
338
394
358
279
347
366
354
433
379
259
281
418
331
387
282
377
312
331
385
350
393
397
374
256
312
393
260
368
359
373
382
445
280
357
394
339
261
371
350
361
311
360
274
257
333
402
377
274
276
359
260
421
297
365
320
302
353
323
385
311
324
376
359
350
282
347
378
273
301
273
326
381
311
268
318
256
337
418
432
321
347
385
276
340
315
338
314
336
320
336
293
289
266
366
410
361
298
362
262
264
280
466
395
306
277
326
395
357
259
378
376
284
382
375
324
393
254
300
341
270
333
314
301
368
305
298
415
283
409
420
264
263
362
380
338
343
328
311
265
377
377
350
347
324
352
374
266
401
373
338
261
447
376
260
378
376
351
276
346
318
376
424
308
378
434
301
379
333
320
280
300
381
293
291
401
287
280
264
329
273
331
270
371
281
354
408
312
370
373
339
368
353
320
363
411
274
292
266
322
336
272
292
344
277
296
286
317
247
424
448
304
248
299
339
267
298
444
298
317
312
316
365
285
362
428
326
334
315
357
293
278
270
258
352
394
309
296
406
433
291
344
399
383
364
308
329
289
308
280
324
293
257
353
350
302
296
265
341
358
284
278
265
272
270
332
355
388
379
355
361
336
340
284
329
349
346
384
353
326
424
337
404
314
403
316
292
403
323
310
418
282
315
316
380
395
379
341
378
293
318
421
385
284
313
391
359
296
313
256
300
319
344
356
317
333
302
305
286
375
330
265
303
302
317
386
375
329
363
390
338
375
377
308
321
301
365
347
376
281
378
363
283
314
357
318
421
397
372
263
404
298
361
309
306
402
288
394
355
428
453
298
350
366
331
254
358
340
359
313
394
323
307
365
307
349
295
365
291
264
335
314
347
275
329
333
378
294
302
426
361
330
296
399
273
401
458
342
246
331
288
349
283
318
255
413
376
397
266
292
390
424
261
272
340
406
359
362
330
305
313
404
314
321
261
337
415
419
342
365
298
317
363
347
362
447
378
365
403
335
311
303
307
284
399
424
250
332
362
304
400
324
307
359
292
261
279
389
340
355
318
267
404
379
271
365
357
279
273
349
329
373
357
328
370
370
352
360
434
265
411
341
362
354
305
262
450
352
338
317
405
389
393
381
363
363
325
371
355
320
257
301
365
368
320
264
391
313
396
280
316
386
337
288
267
298
358
299
356
331
270
390
345
290
326
302
259
332
342
378
286
290
343
267
260
360
391
311
388
328
414
348
371
287
361
317
326
262
332
289
397
290
274
293
403
351
459
374
326
347
369
363
260
366
388
326
247
450
322
447
288
278
414
289
322
408
353
276
397
339
305
316
338
350
403
305
336
360
299
311
281
283
435
307
376
275
390
312
387
439
417
271
261
299
381
302
281
298
324
325
376
250
306
287
426
278
259
290
365
294
333
309
320
395
334
396
302
355
325
335
384
418
409
349
325
399
416
406
365
414
301
337
409
279
320
311
302
333
300
353
346
345
324
378
360
373
369
292
324
298
382
343
361
293
373
259
314
360
331
327
277
375
329
331
333
297
265
402
387
303
362
402
292
338
455
330
360
414
346
351
268
392
329
347
325
408
310
395
434
315
351
406
345
308
379
324
340
392
347
253
413
359
284
450
318
330
428
320
384
321
338
364
369
286
299
380
338
247
293
300
272
331
384
424
312
351
304
280
369
346
413
359
407
396
427
301
300
322
266
346
333
379
370
315
329
316
379
353
333
287
316
343
338
278
413
317
302
274
313
294
372
332
319
261
324
373
269
377
415
330
376
277
289
340
308
385
254
289
249
414
286
295
328
325
304
374
379
365
315
397
359
298
359
312
363
342
312
364
292
330
348
406
310
254
391
277
293
267
348
385
332
311
360
385
404
393
315
366
338
326
252
291
296
330
361
361
268
412
405
289
304
396
288
378
297
318
321
289
272
271
326
346
267
289
404
359
327
312
309
298
288
460
299
337
404
310
264
259
314
302
357
458
254
294
371
374
277
355
321
292
253
291
293
261
444
411
305
384
346
315
365
374
347
314
364
304
344
388
399
356
321
319
336
327
330
369
288
321
273
318
410
290
354
381
255
400
389
333
294
332
367
324
399
333
350
388
304
395
278
311
283
284
347
358
298
312
295
285
304
273
271
252
396
379
366
303
387
303
363
326
312
399
379
349
265
313
311
284
407
358
393
417
407
291
279
343
388
374
284
375
297
292
262
385
457
322
355
367
393
295
268
348
362
335
275
271
354
300
266
374
303
258
299
260
378
406
353
387
329
274
369
302
318
277
409
331
348
300
377
445
372
307
301
283
249
362
248
298
357
325
315
345
381
371
325
290
384
404
293
367
330
322
342
269
348
348
370
358
328
367
335
394
258
380
272
305
406
369
406
355
376
329
360
280
330
277
314
271
334
270
460
351
290
315
331
319
321
465
315
323
347
285
338
370
294
300
350
332
299
354
297
292
391
302
404
289
284
441
358
350
332
279
332
305
299
289
277
380
257
327
437
362
316
344
276
272
315
369
370
404
310
406
275
267
358
313
337
347
406
340
362
266
274
382
324
275
440
403
416
351
360
381
314
301
344
333
369
277
354
259
389
255
419
266
356
261
388
353
369
314
349
275
379
328
330
293
337
300
298
363
321
334
412
370
284
298
294
361
311
325
288
320
362
345
400
265
300
298
300
291
341
260
275
409
341
301
289
263
342
358
350
437
391
335
341
321
329
259
323
253
253
302
320
380
365
327
399
367
453
274
362
335
293
275
361
336
339
272
374
268
352
275
306
349
342
250
389
301
351
305
326
287
264
285
282
351
346
346
361
391
358
318
281
285
387
303
399
343
304
339
303
379
375
362
295
302
352
310
287
301
372
345
345
387
288
326
285
322
338
312
447
311
360
370
367
327
352
366
285
265
350
362
369
410
394
263
267
385
386
331
326
312
345
302
382
297
359
306
416
311
309
344
320
337
322
347
275
372
412
307
333
457
327
377
397
271
318
354
257
311
329
305
283
340
357
298
301
268
328
379
258
305
399
336
302
383
358
327
333
397
337
318
277
413
387
420
254
266
345
301
300
302
312
338
358
350
386
266
375
295
332
333
304
264
356
388
354
293
248
382
341
285
290
318
245
360
362
289
295
334
285
360
341
299
284
365
443
258
295
306
310
379
374
261
354
373
273
457
354
260
410
328
315
333
261
421
308
407
342
291
289
326
332
343
343
339
400
370
397
403
283
349
301
262
368
323
280
388
289
417
290
273
398
315
343
247
290
322
273
370
391
340
326
355
340
339
356
350
314
379
342
398
336
334
355
389
368
361
380
402
409
322
360
327
298
432
360
344
349
339
386
343
355
355
324
341
343
421
360
284
362
276
350
331
374
355
344
285
404
280
364
369
273
297
355
419
267
385
300
293
395
352
264
367
406
299
418
434
362
425
300
342
413
379
339
362
314
338
384
323
348
320
315
263
293
377
305
349
459
414
343
375
339
332
272
392
424
279
278
416
297
381
317
327
338
344
313
315
312
358
338
357
305
305
406
391
270
374
347
338
383
361
322
377
305
360
312
353
402
341
416
334
298
302
298
274
348
264
414
377
355
382
276
341
356
266
446
408
261
268
278
319
316
323
295
370
373
333
330
408
325
261
332
383
332
421
286
416
375
324
410
411
325
392
419
