0
0
4967
386
832
2226
0
0
606
0
0
960
0
2937
4840
4591
851
0
2427
0
0
4320
0
1947
4783
3545
0
0
0
3574
3242
3463
1682
1015
308
0
0
2437
0
427
0
0
3805
901
4296
0
1322
0
0
4231
0
4071
3093
0
0
4734
0
1738
3158
622
0
0
919
3914
3053
0
3952
1741
0
0
0
0
0
0
1929
0
0
0
1766
4023
2608
2557
3034
114
0
0
0
3041
0
1903
0
2946
0
4292
0
0
3859
0
2546
784
4870
1333
4890
2475
0
0
0
0
3988
0
0
0
0
122
0
0
0
0
0
4613
4253
163
0
0
0
3846
0
0
95
0
58
0
0
0
0
0
3300
0
2449
0
3585
4994
766
0
0
3345
0
0
0
2056
1365
3282
0
0
1735
0
4638
0
214
4484
4219
0
1886
0
0
1837
0
0
0
3412
457
2662
3779
830
1380
0
0
0
558
1079
0
4228
0
0
4149
0
2907
4761
0
3249
0
2793
2248
0
1444
0
535
609
2317
4555
498
0
232
0
4588
0
1889
3827
0
1553
2651
0
0
0
0
4873
3913
2956
0
0
0
0
1952
0
3775
0
0
1692
0
618
0
4816
3101
0
0
0
1036
2299
0
0
0
0
0
0
0
2798
0
0
0
1941
0
920
4614
1557
4581
3528
0
0
0
855
1423
767
0
4443
2706
0
1715
0
2739
1713
1360
159
1323
0
0
0
2068
0
0
0
4342
0
0
961
0
0
1989
0
0
2496
0
0
2774
0
0
0
3503
2318
4475
0
4904
4689
2336
0
2418
0
0
174
0
0
1498
0
0
0
4118
0
0
0
0
4375
0
0
0
0
0
0
0
4007
2428
0
0
4157
0
0
664
3668
464
1363
1004
3090
0
3777
0
2046
0
2314
3798
4466
0
0
0
0
3839
3856
4509
3563
0
1695
0
0
4522
3364
4464
4287
0
0
1330
2012
0
3620
0
0
3166
4735
0
0
2116
1458
0
0
0
3257
3287
0
0
2476
4627
2870
1279
0
1763
4239
0
2724
1761
2859
4487
4955
0
1930
4059
974
1529
2600
330
4006
0
3003
728
1130
4193
4330
3764
0
3109
0
0
0
2628
0
3534
3188
0
0
0
1990
0
290
4803
168
0
0
2722
898
2740
0
0
3172
4403
0
1773
3403
0
206
0
4604
0
1730
1985
185
106
892
0
2288
2569
0
0
531
0
3512
0
0
0
2920
4882
1305
1674
0
0
0
0
0
0
0
3082
0
3091
3338
0
304
0
4120
0
0
713
0
0
0
3011
4888
0
0
0
0
3650
0
0
4862
1880
4317
448
0
0
2553
0
0
65
0
3103
1651
0
0
3233
0
0
0
0
0
0
0
0
0
0
2204
0
4558
4024
3413
836
3058
2567
0
0
0
280
0
0
3920
0
0
0
4961
1865
1908
4350
655
0
761
0
0
0
819
127
276
2222
3747
0
2236
0
0
4835
0
1614
372
230
2445
2309
4720
0
2537
0
4229
0
0
0
4052
0
0
0
4201
196
0
4875
4121
0
803
0
0
2572
3488
3790
3808
1161
4017
0
2460
4512
2082
4396
0
0
3917
0
3885
0
3578
0
105
0
0
3656
456
0
0
0
0
1062
0
0
2560
0
2471
3374
0
0
1807
4903
1786
4695
2316
0
0
0
0
0
2040
3842
2008
0
0
0
1668
1510
0
0
0
0
0
0
0
1862
918
0
880
0
0
847
0
0
3566
0
1320
3854
4886
0
0
0
2207
3359
2970
2464
2767
0
244
0
0
0
0
0
3926
0
251
4660
0
0
0
650
1381
2542
0
0
3030
0
4416
0
0
0
4779
0
4408
0
3116
0
0
0
170
2650
0
0
0
0
0
0
173
0
0
0
0
0
4280
0
3579
2617
0
1210
0
0
0
1987
0
0
3056
0
0
0
0
0
0
0
1087
1511
0
0
0
476
0
0
2666
2597
459
0
2630
0
1303
0
4573
0
0
0
0
3106
992
1009
4457
0
0
1453
0
3193
0
366
0
4623
0
3124
4404
0
0
3221
2138
0
3901
192
0
0
2380
0
2754
0
3894
4111
3311
4134
0
0
0
0
141
1963
0
1799
0
0
0
834
2159
0
0
0
1115
0
0
0
1841
0
857
3714
0
0
1063
3409
0
0
617
0
0
0
4516
0
1244
3007
0
1248
4283
0
2857
0
4670
3490
4044
51
0
203
0
2085
3874
0
494
0
0
0
1094
3155
2151
0
2551
4210
0
3711
0
0
1565
4574
4182
3929
0
0
0
0
1910
0
1812
0
3142
0
0
3113
1294
2022
0
0
0
0
0
0
0
0
2661
4699
0
0
0
4910
320
0
2614
2282
2484
3698
3407
4815
0
0
4202
1864
18
0
0
4222
4470
2997
0
0
0
4199
4708
3724
0
3148
2703
4234
0
1383
3234
0
0
4612
3871
0
0
4299
4233
0
2033
3742
3984
4491
726
0
0
0
0
3122
0
0
0
0
2444
2079
2914
0
3062
0
0
3930
566
1250
3341
1483
3075
0
4850
658
4483
0
4572
3456
4260
0
2963
0
0
324
864
296
2164
1936
0
3572
2112
0
2605
374
0
0
0
0
2694
0
2962
0
3569
0
0
0
4332
569
0
0
0
0
3081
3840
4348
0
1192
0
3425
0
0
1781
36
0
4719
4279
0
0
4690
0
3260
2504
4743
0
1485
4328
472
0
0
0
0
0
2029
3294
0
0
585
117
3878
487
0
0
0
3370
189
3838
3529
2905
0
0
4419
2023
4357
4525
0
0
1847
4650
1148
0
3270
0
2938
1720
1617
0
0
4765
0
3814
0
2411
0
0
1879
0
0
0
0
0
0
4042
3376
0
3191
240
1074
1293
0
0
1065
0
0
4251
0
0
0
4388
0
0
3559
0
3410
0
0
0
329
4067
891
532
2828
175
3049
0
3772
0
0
0
4607
391
0
736
4527
3692
3362
2769
2393
2958
4498
4589
0
0
0
289
0
0
334
509
0
2266
0
2645
0
0
769
0
3761
0
4450
3693
483
0
0
305
0
4167
0
4078
2947
0
0
1994
0
0
0
4173
1110
0
0
0
1098
0
0
1873
824
0
2132
0
0
0
4130
1152
3401
2524
516
4957
2094
0
0
0
0
4184
0
0
0
4413
0
513
0
2498
0
3481
0
0
0
4692
2321
2254
0
2126
4726
110
0
742
0
0
0
3662
0
3291
0
1420
0
199
0
0
4468
0
0
0
2379
0
0
0
3293
0
0
0
2035
4440
0
843
4713
4160
2987
450
3069
1109
0
0
0
4918
894
1395
1727
4289
465
2433
0
0
2143
0
0
687
0
3196
2790
2989
679
0
0
2028
4514
0
2271
4556
0
4180
0
4585
4091
4703
2149
0
1810
0
0
0
4999
879
0
0
0
0
0
1424
4682
4934
0
3329
0
3126
3986
3726
126
0
0
639
0
4806
0
0
0
1437
0
0
1694
839
0
4368
3812
0
4678
0
0
4018
0
323
2692
2837
4947
0
3567
2864
0
0
0
0
0
1325
0
0
0
0
2099
0
2018
773
479
49
0
0
1100
0
1341
0
3666
0
0
2359
1025
3094
0
1827
0
0
1477
0
187
4241
991
0
2286
3280
0
348
0
4632
1855
38
0
0
0
0
3351
3361
1592
0
2761
0
0
2487
0
0
271
0
0
0
0
0
0
0
673
4945
0
3690
3252
0
1622
1676
0
0
0
0
4786
4501
3433
2304
0
0
3444
0
394
311
2820
4209
0
0
576
4112
0
0
0
1685
0
3892
484
0
4110
3284
4421
3129
0
0
0
4526
741
3695
0
2021
537
0
261
1487
0
0
2720
3784
1127
0
0
0
0
1299
0
4232
0
1159
0
0
1387
0
0
0
2005
972
0
3331
0
0
0
0
3823
1010
4681
2949
4267
2315
1573
0
0
0
1514
0
0
0
0
4931
3363
0
0
2124
2979
0
0
0
0
0
0
691
4220
3015
1189
0
0
0
1209
0
1643
4795
1599
0
0
0
341
0
397
0
4407
0
2909
0
4077
0
0
2353
4028
3263
0
0
2912
0
1242
0
0
3647
1206
0
3458
0
0
0
0
0
3965
4339
0
1366
649
0
2430
0
0
0
2889
640
0
3204
0
3983
0
2154
1566
2416
1664
0
0
1355
1667
0
0
0
0
2034
3688
612
0
3643
0
1791
0
1407
3073
3096
4261
0
0
0
0
1593
0
473
0
0
0
0
4813
0
0
1517
1627
0
0
3932
2827
4645
0
0
0
432
1215
0
1145
437
2326
0
0
0
0
0
1138
888
4789
1934
115
0
0
4122
4124
0
4238
2886
0
1857
2131
3974
0
0
0
1442
0
0
0
3002
0
0
1108
0
0
0
0
0
2243
0
0
2943
835
430
1893
4179
0
4196
3400
0
0
0
2448
522
3938
0
3710
0
0
0
644
4895
0
1314
0
4165
4027
0
2783
0
0
0
0
0
439
0
145
4372
0
0
0
0
2755
0
4133
2244
0
1623
0
0
3977
0
2198
157
3383
0
3185
0
268
0
3957
4733
2330
0
2603
2095
4069
3170
0
0
0
0
0
2780
3953
0
0
804
0
0
0
0
2185
0
0
2564
340
0
1587
706
0
0
0
0
0
0
0
3659
0
0
3405
0
0
0
3164
1102
0
1237
0
0
480
0
3542
3679
0
2611
4089
2579
0
0
0
0
0
0
0
0
0
2268
0
4401
0
0
0
0
0
0
3793
1874
2069
2906
0
0
545
1762
3844
0
3422
0
0
0
0
160
0
0
0
0
4272
4502
1391
0
3240
1959
2627
0
0
0
0
0
0
0
1121
1002
0
833
0
0
0
4542
301
0
1689
1276
0
1231
0
0
4547
646
0
3807
3556
0
936
0
2462
0
3980
3796
0
0
0
1502
3802
0
584
1602
0
3999
1900
1626
2921
0
0
0
0
0
3392
2214
3744
4096
0
0
1358
845
0
4998
895
0
0
0
0
0
0
207
2854
0
4602
0
2663
1216
0
1181
1088
0
0
4568
0
739
3278
2733
4384
4285
0
1768
0
3207
0
0
4529
0
3224
3539
867
0
2841
0
322
808
0
2327
0
2580
3020
0
3299
3048
3651
0
0
0
0
0
0
581
0
0
0
0
1342
0
0
0
0
3032
3831
0
4437
0
1854
477
4447
805
0
96
0
0
0
0
0
0
0
4618
0
600
0
0
0
0
0
0
1518
3611
0
3140
0
0
4211
3520
0
299
0
605
0
3344
3498
0
0
1111
752
0
0
0
1175
2165
2672
4126
4314
2283
0
3505
0
0
0
3795
4046
2652
1091
0
1955
0
0
935
0
0
0
0
112
2788
0
1052
1624
0
1479
0
0
0
2404
0
2495
0
0
0
4844
0
0
0
4925
0
2285
3367
2961
0
4045
4198
1630
534
316
0
1031
0
0
2182
1657
0
0
3877
0
0
3411
0
238
0
1340
3799
0
1748
3487
0
1902
0
0
3189
0
0
3310
147
0
3553
2422
2469
4351
0
2110
3971
0
1309
5
0
2959
3990
0
4206
0
0
0
0
2183
0
197
4669
0
0
0
3330
2818
0
0
0
3281
0
0
3303
265
0
0
0
0
0
0
0
2791
555
3641
0
0
0
0
0
0
705
963
0
0
292
0
0
3108
0
0
0
2485
3819
2765
4265
0
1173
4488
0
4138
3991
3210
4561
0
0
4155
113
0
0
3948
0
0
2240
0
0
63
0
0
4453
3161
4820
3130
1280
99
1525
3535
764
1001
0
0
2911
1869
982
0
1064
0
4784
2063
0
2629
0
1003
3067
0
2541
0
0
0
501
1116
1776
2016
1490
0
3570
2760
0
0
4975
1045
1494
0
0
0
4486
4926
0
0
0
2736
0
236
0
0
0
0
3947
0
0
4101
0
3734
0
2436
460
0
3918
2333
1526
0
1853
0
0
1392
0
202
1318
822
0
2351
0
0
4754
4810
3955
1359
3153
1705
0
0
0
0
3084
3507
815
0
0
0
2536
3716
0
4722
0
0
3608
3648
1469
67
0
0
294
1316
1981
0
1527
4278
0
1906
0
3149
3575
4161
794
521
2599
2372
0
1760
0
0
0
0
848
0
1235
0
3484
3317
0
0
0
4477
3197
0
977
0
0
1921
0
0
1468
0
4060
1048
3404
789
0
1901
0
0
2719
2595
0
0
0
0
3180
3596
0
4400
0
3050
0
2146
0
0
0
0
0
1563
0
0
1492
0
3615
3486
0
0
0
0
2792
2409
298
0
0
2011
4520
4361
0
0
0
678
0
1182
878
0
2796
0
0
0
3533
611
1724
2891
3911
3391
0
0
0
0
0
660
0
0
0
0
0
0
0
952
0
0
0
1944
2510
0
0
0
0
2441
0
2216
0
0
176
2565
86
402
0
0
383
3591
4039
0
4268
3068
2673
0
2785
121
0
0
0
0
0
0
829
3247
0
0
0
48
257
0
0
2388
2813
0
1737
0
0
1700
0
85
1753
0
1126
0
2328
0
1641
0
1302
0
0
3767
0
0
0
0
0
0
440
912
0
0
1221
1508
0
0
1957
1673
1033
0
1699
0
0
2669
0
2178
4901
0
2292
4563
500
1561
0
0
0
0
3881
2049
4497
2699
4076
0
245
4456
0
0
0
0
1840
0
0
0
0
3251
181
3654
2058
0
2080
0
1096
0
0
603
4610
42
0
654
3399
0
0
0
155
3960
0
0
0
0
0
1416
0
0
4785
2206
3254
0
3017
3037
0
0
0
0
0
0
0
3078
0
1909
3720
0
2750
1027
0
0
0
0
0
0
0
4640
0
4582
0
1224
0
0
1475
0
826
0
4821
428
3682
1338
1233
0
0
4674
897
3829
996
946
4836
4557
0
3824
1856
3684
0
2247
2047
2483
1693
2366
3614
0
1160
1723
0
1374
552
0
0
0
0
615
0
2077
1665
77
0
1634
4652
3209
0
3755
32
2518
4176
0
0
0
0
0
0
1636
4772
0
0
0
0
0
1897
0
0
260
1480
0
0
4014
0
0
1683
0
4169
0
0
0
0
0
0
0
524
4980
0
3072
0
1106
0
2027
4636
2249
2789
677
3043
2173
359
1164
1539
1397
0
0
0
0
0
0
0
0
0
2202
231
1473
2725
1787
0
3754
2898
4021
0
0
4424
1679
3636
4617
2429
0
0
0
1556
0
4393
3414
0
0
444
0
1179
0
0
0
0
2163
0
3071
2869
0
0
3373
0
0
0
0
0
0
0
0
2647
4090
0
990
0
2787
0
0
3066
0
520
0
4766
4063
4389
3353
0
0
0
1907
3783
2054
0
0
0
0
3869
2515
709
62
4113
0
0
4935
4773
3816
0
2635
165
0
4492
1163
1524
0
0
2896
2443
2741
0
0
0
0
518
1589
2431
333
4383
0
0
2310
790
0
1404
2516
0
4305
0
0
0
0
1165
2122
0
0
0
0
1277
0
3583
3875
2777
1579
2902
0
933
4291
3810
0
0
1506
0
3288
3225
2641
4068
0
4663
0
3996
0
0
3725
0
0
0
1978
0
0
0
1308
0
1536
2701
0
0
0
0
0
2649
0
0
4284
0
4436
0
0
0
1905
0
695
0
0
3451
0
768
1020
2208
2048
0
0
4154
0
321
0
0
3904
3712
4654
1497
0
4537
0
1034
0
1050
4164
0
0
0
2142
0
0
3436
4718
0
56
0
1310
4103
1848
0
0
2025
0
4933
0
0
4706
0
4874
3008
0
0
0
0
1793
0
0
3105
0
395
574
0
0
2839
0
0
0
4880
0
0
0
0
2695
3699
0
0
0
0
0
0
0
0
0
0
4356
0
0
598
4038
0
2133
0
0
0
4216
0
0
0
0
4286
0
0
0
2558
1562
0
0
4369
0
0
0
2031
0
0
3728
2677
4560
0
4308
0
0
1011
4349
352
0
0
3448
0
3371
0
0
0
1196
2084
0
0
0
0
0
4885
3899
1647
1988
0
0
1984
0
1357
4694
0
0
0
4549
0
0
0
2167
0
0
0
0
0
3749
0
0
2191
4097
1824
0
0
0
0
2743
2865
4894
1744
0
0
0
3673
0
0
4249
1581
1335
0
0
1097
0
4000
0
0
0
0
0
2199
0
0
0
0
455
0
0
0
2922
4855
1881
0
2187
0
1838
0
424
1822
0
0
4943
0
1489
0
0
1436
0
1882
0
3198
2508
619
0
4707
0
1266
0
948
4978
1834
2942
3365
0
0
0
1772
1405
0
3439
0
4142
2904
3092
0
0
0
2890
0
0
0
4494
1747
151
3685
0
0
0
0
0
2688
973
2571
0
1484
0
4156
310
0
0
80
2134
3558
3546
0
0
1128
0
0
4869
0
0
0
1801
0
3328
0
4868
0
0
0
0
0
0
0
0
2396
1369
3275
4782
0
3891
1265
0
0
3550
0
2751
0
0
0
2802
78
0
2593
1040
2383
4395
1996
2227
0
0
3013
0
0
1555
0
0
33
0
0
3758
2424
0
0
0
0
1813
0
827
4269
0
0
0
0
3865
1652
3452
1646
0
3549
0
0
0
944
2350
0
0
3305
1037
0
1717
1241
0
0
0
0
0
0
0
0
0
595
0
1166
0
777
1463
342
137
0
3447
0
474
1382
0
4538
515
0
0
1712
0
693
853
1767
0
2160
3667
399
2242
1658
3652
21
0
3340
0
0
1454
4626
1035
0
1750
0
0
0
717
2940
10
4430
682
0
932
4174
0
0
653
3218
0
3835
0
0
3316
0
0
2368
0
0
0
1604
0
0
1200
327
4741
3962
2711
0
0
0
2717
4825
2674
3229
0
1390
4655
0
3547
0
0
0
0
0
1104
2533
1596
2259
0
0
2397
3104
332
0
0
3095
2916
0
75
355
0
0
0
1261
1928
4590
0
1890
0
0
724
4625
2402
0
0
0
0
2888
0
0
0
0
1422
2954
2223
0
0
0
701
1135
0
0
0
0
0
903
0
2951
3115
2357
4548
0
4171
548
886
1578
3946
2117
0
0
2678
3514
2491
4747
0
0
3729
2671
0
0
1238
0
4221
4769
1016
4499
4376
0
0
0
183
370
3009
0
0
0
1356
0
1153
4919
142
866
0
0
0
1441
0
0
425
0
0
4367
0
0
57
226
755
0
0
0
2097
0
2062
2550
1802
2781
0
0
0
0
104
0
2161
0
0
4523
0
3301
0
0
220
1367
1066
0
0
0
0
27
0
1396
0
2492
123
4478
3780
2638
0
1156
2849
4172
0
0
497
3973
0
4801
0
0
0
0
1078
0
2135
0
0
0
2561
0
4598
0
0
3143
1082
0
0
0
0
0
0
0
1964
0
4500
0
315
0
0
0
3217
303
635
0
2983
2812
414
1158
3803
0
0
2513
0
3307
0
3680
0
0
1644
2675
0
0
0
1719
3261
0
0
0
0
2369
0
3713
0
0
0
0
3628
3518
0
1663
0
3496
0
0
583
0
770
0
4630
3860
659
1771
4658
0
0
0
0
0
0
1353
735
3884
0
1842
4081
373
3323
3440
0
0
0
3306
771
0
1351
0
1564
1350
1411
4762
2457
0
0
0
4809
575
0
4224
1926
1493
66
2953
0
4807
0
3205
0
2878
4298
0
3663
4363
0
0
357
868
3970
1814
4088
0
4493
1023
0
3128
0
4255
0
0
20
0
3029
2772
1629
1943
0
0
869
0
3538
0
3396
0
0
3813
3627
0
1446
0
0
0
0
1697
3276
335
4248
4767
0
0
0
3083
0
2794
1256
0
3862
139
1443
0
0
1394
2584
0
0
0
0
4114
4324
0
2038
4303
0
0
3063
0
1030
2768
1226
0
3212
1998
3902
2339
0
0
0
0
825
0
3811
3655
0
0
4700
364
0
2197
1296
1637
3368
1401
0
984
0
0
0
0
3491
0
0
4559
2644
0
3479
0
0
0
0
4615
0
2573
3267
0
0
0
0
3175
1199
0
0
0
0
0
0
0
934
0
0
745
0
1516
1044
3527
3001
4302
0
361
0
567
3552
751
4454
0
632
462
0
0
4872
0
4011
4321
661
0
5000
0
1973
2955
0
4898
854
0
0
0
2361
2753
2493
3482
1095
3243
0
0
0
0
0
2150
4791
2590
0
0
0
1618
4832
1860
4507
2581
0
0
143
4503
0
4672
0
0
2184
212
0
4584
1967
4859
4966
0
2842
219
937
0
2814
3561
0
0
2583
0
434
0
2763
0
4001
0
0
1538
3590
3434
0
0
0
0
1866
482
0
0
994
1259
3168
0
4010
0
0
0
3511
0
0
0
469
4030
0
0
2241
2668
0
0
408
2728
1858
0
2615
0
3119
0
823
0
0
0
0
0
1264
0
0
0
4207
1751
443
2848
2862
0
3536
3548
0
0
0
1878
0
204
53
3123
0
4276
795
502
781
0
1995
2770
0
3925
504
971
0
0
543
1270
2879
0
0
4757
0
0
3994
0
0
1825
530
3222
0
0
0
0
2534
3
2347
4048
3245
930
0
1032
0
0
0
0
0
0
3633
9
3339
1688
1070
0
0
0
0
0
4730
0
4664
3315
0
955
0
0
0
2260
0
4768
2098
302
0
0
0
0
0
2251
2201
0
0
0
2193
0
2225
3696
549
0
3428
3152
4055
4247
3500
0
0
2932
166
0
0
426
0
2766
2394
2762
0
0
4740
0
3601
0
4327
3967
0
0
0
0
0
0
0
3782
0
4151
0
4923
0
3429
0
4034
0
0
2913
0
94
1275
3449
0
0
0
2238
300
4752
0
0
0
0
0
2237
3406
2088
0
716
0
0
4128
0
0
0
0
4922
0
662
0
902
0
0
0
0
2125
4013
1584
4932
0
0
2784
1047
0
0
0
0
0
272
0
0
0
0
0
2343
2294
3393
4845
1798
0
4065
0
0
0
2452
2604
0
3532
222
0
0
4738
0
0
507
0
309
0
2687
0
0
0
1923
0
3664
0
3272
1746
0
0
0
0
3236
0
0
0
3949
0
0
0
4677
0
2712
0
607
0
1090
0
0
0
2925
0
0
2738
0
1393
0
0
3588
0
0
0
29
3672
0
4086
422
3658
379
1272
3513
1346
0
2419
0
1512
451
3568
0
0
550
4294
4109
1449
3443
0
1976
0
2051
4778
0
0
905
6
253
0
0
0
0
0
563
1081
0
0
0
0
0
0
2797
3733
2364
0
398
2342
377
697
1447
527
4427
1945
0
0
2685
0
0
0
1118
2378
4657
0
4445
4793
0
1828
3052
780
0
0
1133
0
1154
3438
0
0
2993
0
4057
4736
0
4940
0
2549
0
0
0
0
70
3937
1150
0
1607
0
0
0
0
890
0
1892
0
1861
510
541
1067
0
1253
1287
0
0
0
2039
0
1911
0
0
0
0
0
927
0
2406
495
0
0
358
0
3387
2278
0
2850
4536
4240
3587
0
0
0
4459
0
4696
4495
0
1249
0
4899
0
1119
1591
0
4337
669
0
4749
0
0
3602
4012
4508
3416
0
1937
2810
0
1481
0
0
0
1922
0
909
0
0
1069
0
0
4335
0
0
1739
2637
1167
3388
981
0
0
0
0
4429
4148
0
0
0
136
4474
2578
0
4163
4528
1085
3033
3382
4982
0
237
2952
0
1872
786
3581
1288
1816
0
0
838
4802
2073
3676
0
1754
1267
2691
259
3564
0
0
0
1540
801
0
1402
1421
0
4958
2308
874
1141
132
523
3928
0
0
2528
0
0
0
0
0
0
0
0
3021
0
0
1843
0
2563
269
1792
4991
0
4534
0
0
215
0
2538
0
0
0
2104
0
2764
0
3398
0
3868
975
0
0
116
3956
4181
0
0
0
1467
0
3117
3941
0
0
588
0
0
0
3852
806
0
0
2376
604
0
3335
3515
0
2664
0
4653
696
1871
4346
256
4770
227
2481
4668
0
4824
0
2398
0
4398
3589
0
2552
630
0
0
2420
0
0
998
2643
4152
0
4412
436
0
2846
93
0
134
560
0
0
0
0
0
2506
993
593
0
0
0
3378
0
3855
2377
0
506
1701
2512
2461
3347
627
0
0
3431
0
0
913
0
0
169
1914
4701
2895
723
4306
209
0
0
1758
0
4892
0
0
0
4575
0
0
0
0
1541
4258
1205
1041
4230
779
0
0
0
2494
0
0
365
0
4878
0
1992
2624
162
186
0
1334
0
389
0
0
4948
0
2684
4322
0
3743
0
0
1831
0
1582
0
1597
0
0
2386
0
2539
3746
1306
772
0
0
0
3150
0
0
0
0
0
1850
0
2990
31
0
610
0
1208
0
0
0
1371
707
670
2511
1726
3215
0
0
4876
0
0
4776
283
3181
1055
1195
3858
0
0
3465
4397
0
0
4608
3939
0
0
4611
0
3540
0
4364
1183
0
1609
3044
0
0
0
0
0
4914
2071
4716
3719
4340
0
2006
0
0
0
807
0
375
0
0
0
0
4476
1379
0
0
2106
0
4153
0
0
3573
0
2598
3850
4058
4954
1491
1939
0
850
1254
0
0
0
562
4737
1543
732
1789
0
0
0
3638
0
0
536
2435
0
0
343
2004
1687
1005
2074
2884
2196
0
193
940
0
4107
0
0
0
2881
0
35
0
1594
3954
0
0
2265
0
46
4489
0
0
0
2682
2174
1168
0
406
0
0
1660
3924
0
0
674
657
3464
0
2349
0
0
1476
2399
4108
0
0
0
1721
799
0
862
4988
0
3151
0
3678
2968
4562
0
0
641
3951
1428
0
1982
0
381
0
0
0
3800
0
4805
2806
0
0
0
4301
885
2522
0
0
1961
0
0
0
0
2543
0
4540
2809
2319
0
52
922
0
2830
0
4379
4127
1046
0
318
4586
0
0
1017
3454
4826
0
4354
0
0
0
2468
1804
0
3622
0
625
814
4143
4993
3098
916
4510
0
2324
0
1686
0
629
4025
0
2059
0
0
3727
0
3768
0
0
0
0
0
0
0
4725
0
3250
3975
1103
2525
1300
2926
1060
3908
2465
0
307
1654
0
0
0
859
884
0
0
1625
0
0
0
1669
2808
0
0
1645
0
0
870
694
0
0
0
3531
205
0
0
76
2382
1410
0
3934
4382
3762
0
0
3279
2502
0
0
0
1731
2742
0
3060
665
3826
0
0
0
0
0
0
643
0
0
4676
3603
0
0
0
2957
0
0
4970
0
636
0
0
547
0
3202
0
0
0
0
1228
0
0
1172
2425
0
0
0
1586
2880
0
2843
0
3606
3312
0
3121
0
4683
0
0
0
4577
0
0
0
1681
0
0
0
59
4517
0
190
0
0
0
2000
0
0
2872
0
0
0
0
0
0
0
0
1559
0
0
4659
0
0
2298
0
0
3872
0
616
0
2707
0
1068
4742
0
0
4748
154
0
2825
297
4799
0
0
0
1740
1049
24
4020
156
3760
968
4227
0
0
0
0
2710
0
0
2400
0
40
4688
0
4129
243
1704
4595
1745
4213
2555
0
4829
953
4592
0
3178
4594
3089
0
0
1024
0
1124
0
0
0
0
0
0
1240
0
3773
1875
4639
3494
0
3480
967
0
0
0
3133
0
0
0
2976
1728
0
1197
3915
1329
2354
0
3192
0
554
2446
3905
0
1146
2910
4236
1386
3424
0
1965
0
0
2715
0
0
907
0
0
4673
1012
0
393
0
4009
2213
0
0
0
0
3660
0
0
0
0
0
2586
0
0
0
4972
2279
4119
0
0
3607
0
0
2931
0
0
0
0
1220
4812
0
0
1817
2367
4714
2554
0
0
0
0
2714
533
0
0
0
0
1412
0
0
0
2374
3369
1285
0
0
409
0
0
0
1505
0
3599
3324
1292
0
4986
0
4099
2745
1835
1621
0
4256
2114
0
0
0
4667
4852
1661
0
783
0
0
4857
0
4580
0
0
1806
0
3216
0
3432
0
0
2306
0
2119
1488
4352
1429
499
621
2144
3644
0
344
3483
0
4123
1343
0
642
0
0
0
0
1790
1255
3025
0
0
4448
4293
2264
0
1230
0
0
0
762
0
0
1155
0
0
1698
4941
4026
0
2224
0
0
4804
0
926
1851
2632
1895
0
0
0
0
0
0
246
1968
0
2036
0
0
0
4953
0
3266
2297
727
0
1620
2702
0
0
1203
0
1101
0
3681
2826
0
2853
1193
0
0
0
0
0
3825
954
0
2836
0
0
0
0
0
0
3255
0
3322
2434
0
0
0
0
1859
1131
1887
0
0
2129
2636
4254
0
0
2713
0
0
0
120
0
3873
470
730
0
1304
791
0
0
239
0
883
1400
4891
0
17
0
3910
0
1452
0
1970
2657
0
1213
0
841
0
1092
3995
2803
4946
0
1818
0
0
0
2329
0
2824
0
0
3890
648
0
0
0
0
0
1757
0
0
0
0
0
0
0
0
0
2801
3227
2277
0
0
0
4684
0
0
689
0
1600
4449
4304
943
380
0
1803
0
1962
4062
0
0
3737
0
0
0
876
2015
419
466
715
467
0
0
2748
0
1370
0
601
729
0
3174
0
0
1021
514
0
2291
1794
0
0
0
0
0
0
346
2153
2137
0
0
3703
0
4884
182
0
1522
4035
0
0
0
0
0
2303
1519
0
0
0
2210
1703
1080
4951
1263
0
0
1570
3708
1071
4252
2775
0
128
0
1151
4817
3537
0
875
0
0
4619
908
0
4242
0
3472
1073
0
2855
0
0
0
486
3012
4461
0
0
3355
0
1983
0
4985
2060
0
0
0
0
3024
0
1136
0
3352
1117
0
2974
1132
0
0
0
262
1666
0
4054
0
0
2108
0
1635
2408
247
0
0
821
0
0
0
4444
0
0
2091
0
4386
0
4218
0
3466
4004
647
3912
4758
0
1419
3866
809
0
387
0
4325
0
0
0
2501
0
4921
0
0
0
0
0
0
463
3139
3120
0
0
3923
0
69
2305
3886
0
0
0
3706
2261
1389
0
2147
4344
0
0
4629
0
0
0
0
0
0
3592
2656
0
0
2776
0
4008
0
2531
3295
0
3088
539
0
0
0
828
2348
2559
3610
3987
4273
573
0
3736
0
0
54
1202
4924
0
0
1993
0
3187
2640
4797
4358
4984
3292
3506
0
0
4900
0
2757
1482
1678
0
1413
1606
0
0
3631
0
0
4621
0
0
2655
191
0
0
3059
0
2815
571
4189
0
0
0
0
0
4535
0
0
0
0
331
0
0
1567
1931
2941
0
0
0
4197
3467
0
0
4541
0
3135
3969
2322
0
2747
0
2829
0
0
4792
0
0
0
0
703
0
0
931
0
0
0
0
0
2252
0
0
0
250
0
0
2773
0
725
0
378
1780
2642
3190
0
0
2113
4936
3469
3208
4362
0
0
3358
2417
4106
1950
4814
1811
0
2170
0
0
0
0
1942
0
0
0
0
4290
1399
2410
0
4729
0
2467
0
0
4628
0
0
0
0
3989
0
2423
4796
0
1222
198
3847
959
0
0
3320
0
0
0
0
0
737
1184
2340
3530
0
1268
2851
0
0
3460
158
0
1830
3906
1537
2582
0
293
0
0
2771
0
2928
0
4359
2984
3740
0
1427
326
0
4601
4896
0
1038
0
4519
0
3753
4879
0
505
0
3972
0
3206
0
2215
0
1337
0
0
0
4818
4856
4264
3771
3285
2566
0
2344
1406
0
0
978
1638
2807
4433
0
0
0
2050
0
3061
367
3183
111
753
1756
3794
1619
2786
0
0
217
0
2726
0
0
0
4620
0
458
0
0
4983
12
2439
3642
4871
0
0
281
1547
423
0
0
0
0
0
1832
0
4288
0
980
0
1574
0
0
0
0
0
4300
3036
0
0
1072
2805
0
0
1105
0
0
403
4704
4651
0
2576
1808
0
270
0
2871
4571
0
2045
0
0
4183
0
2972
3159
1028
0
613
1348
0
0
4139
0
0
0
633
624
3797
1174
0
4245
73
0
0
0
1743
0
1513
0
0
4952
0
0
4973
2612
3752
2345
88
0
2189
0
517
0
0
542
0
2024
0
0
0
4365
3085
213
1590
928
2168
4095
0
4937
0
0
337
0
135
2401
0
3246
0
4244
0
242
0
4583
404
0
3145
0
3379
0
0
2601
4686
1290
0
2540
1140
0
0
0
4037
0
3689
3640
1534
0
1867
0
0
0
0
4811
1784
83
0
0
3595
4788
0
579
0
0
3509
0
0
0
2545
0
3674
2901
0
0
0
0
0
0
1170
2831
0
733
2915
0
0
3958
1113
0
4405
0
4750
4015
4061
0
0
3228
0
4593
4326
1307
1417
4309
0
2263
3809
1162
3271
3757
4511
3302
2155
2014
0
0
4938
3804
3888
274
1142
0
0
1986
793
3907
1899
0
488
3430
2971
3861
1775
4794
0
2730
4259
0
4373
763
0
3686
0
708
2274
0
2868
0
0
0
4543
842
0
0
4579
0
0
0
0
4277
0
3450
0
0
0
0
4755
3834
3677
976
0
873
0
0
4731
353
336
0
3064
0
0
2594
979
2194
37
3502
0
2358
2290
0
3027
0
2323
2639
4471
3632
1188
0
2311
0
3047
0
3348
1368
3634
0
2700
757
3415
0
2120
1426
4263
3694
0
4410
0
704
1364
1430
2087
0
0
413
22
1800
0
3418
0
4432
3313
0
0
0
0
0
0
3173
0
0
0
614
0
2876
0
4200
0
0
2010
0
3474
0
0
3833
1670
0
4513
0
810
0
0
3903
2686
0
0
1974
1434
3944
0
0
3000
153
0
0
0
2618
3232
2232
3156
0
0
3179
2209
0
0
0
0
4881
0
0
4087
0
2903
0
0
438
0
0
131
0
0
0
0
4049
0
3935
210
2373
234
0
0
0
0
0
0
0
0
4751
89
0
1377
0
3584
0
0
0
0
0
0
0
0
0
0
0
0
0
471
0
0
0
2115
0
1551
1640
0
0
0
2044
3010
0
0
1123
1844
0
2999
0
2607
0
2860
0
0
1949
628
1979
4195
0
4141
1648
4463
2337
0
392
3621
4990
1245
0
3337
2455
2275
0
454
2121
0
4391
3594
1180
1471
0
0
0
1042
2883
0
1257
249
0
0
1269
0
0
1598
4649
2470
2587
0
3283
0
812
1317
0
2519
0
3943
2718
2653
0
2250
4188
577
0
252
0
221
2517
1883
0
0
0
0
3815
0
0
4036
1139
325
2574
3661
0
863
0
0
0
3882
0
2458
0
4552
1535
0
4822
0
0
0
0
2822
0
2220
87
421
0
0
4331
277
0
1461
2190
4959
0
858
0
2346
0
856
0
0
0
0
2473
264
1691
985
1785
0
0
0
1662
4597
4117
2312
0
1710
3054
345
0
0
4842
235
2821
0
3560
0
1716
0
0
0
0
3963
3334
2482
4040
0
2276
0
109
0
896
3788
0
0
1414
0
2800
3702
0
3471
3019
0
2838
4902
0
0
1711
0
1059
749
0
2338
1227
0
350
0
0
0
0
50
0
178
651
1653
0
0
0
0
0
3437
3735
0
4446
4274
0
0
1782
2708
4022
0
0
0
0
0
2076
969
0
637
964
1972
1765
0
0
0
995
0
0
0
3645
743
0
988
1298
3828
0
4016
124
3543
0
0
0
0
2169
208
0
0
0
0
2900
796
1671
997
1783
4915
0
4452
4698
4554
1971
0
3821
0
3997
0
447
0
1019
0
3110
0
0
2622
0
0
2716
0
3427
0
0
0
4671
0
0
0
1924
4553
2985
0
3470
0
0
3492
0
0
1008
0
431
4969
2272
0
0
0
3326
0
3381
4075
0
2514
2867
4685
0
2233
0
1504
1252
0
4041
1714
0
0
2659
4185
3626
3785
0
0
0
0
2289
1521
0
0
2093
0
0
0
1137
0
0
4465
0
2693
0
3485
0
0
4297
4545
0
0
0
0
3160
3035
0
1885
4029
0
0
0
0
0
0
0
0
0
4341
1054
4679
0
2325
3916
0
0
0
0
0
0
818
844
775
0
1403
0
0
0
2705
0
4490
4374
3055
0
0
0
2360
1232
0
0
3184
0
3165
0
0
0
2795
0
0
0
0
2228
1053
0
3959
4864
0
0
2180
2996
1273
0
0
0
4928
0
0
1639
0
0
4056
0
4962
0
0
0
0
0
0
3333
634
0
0
0
3354
0
0
0
0
3848
0
0
0
4073
0
0
0
2690
0
3141
405
0
3005
1455
1169
0
0
3806
3462
4858
1466
4600
3730
2390
0
0
0
0
0
0
3132
0
4839
3332
2371
0
0
2899
860
0
0
0
0
4539
0
0
0
4780
0
3998
0
3523
4518
1852
2415
0
2575
0
0
0
0
407
2704
1006
491
957
2816
0
0
0
676
4927
4409
0
2020
0
0
0
714
0
0
2994
1560
1459
0
2631
1916
0
0
0
3087
3318
0
2986
0
0
1211
0
2858
4944
3080
4166
0
2683
0
4849
2355
3791
1149
645
0
849
4366
0
0
0
0
0
0
0
721
0
950
0
14
388
0
2026
0
30
0
2300
949
4438
1725
0
45
0
2840
4616
275
3897
0
0
3982
0
171
0
2009
1933
0
3394
4521
2529
0
0
1445
0
0
0
0
0
2497
0
2877
1958
4392
0
0
0
0
102
710
0
0
4313
0
0
0
0
2823
0
3526
4116
2917
1680
0
0
2313
415
3118
2613
0
0
0
0
2535
0
1709
0
1373
266
0
0
4423
3597
2665
4942
0
1029
0
0
0
4422
914
0
2936
1940
0
0
0
0
0
3519
267
2341
0
0
0
4085
2523
0
900
3495
0
4905
4485
2930
0
0
0
4266
0
0
0
0
3038
1826
0
0
2136
2544
0
2799
4187
0
0
0
0
3397
2413
0
98
0
831
2927
4215
0
0
0
3226
0
0
1051
0
0
3818
3613
4146
0
0
0
0
0
0
0
229
0
2861
0
1576
0
0
0
0
602
1336
1147
0
0
2395
0
2995
4467
0
0
0
0
4662
0
4830
2654
2894
4746
0
787
0
420
0
0
4455
0
0
44
0
503
881
1107
4853
2381
0
164
0
0
540
2287
2043
0
4665
2520
0
4833
3870
3086
1331
785
0
0
4633
0
1295
0
411
2081
4439
0
3107
802
1114
2055
4175
0
0
3968
0
0
1129
0
2301
3517
688
0
3186
3541
0
1212
0
4390
0
4877
3787
0
4504
0
1788
194
1778
0
1845
2352
1328
3297
3453
4480
0
79
734
0
0
0
0
4442
3841
0
0
597
2934
0
0
2157
0
4569
0
544
3683
4434
0
0
0
0
2002
663
2562
3366
0
313
4079
0
4956
4177
0
1378
2833
3182
0
0
0
1975
0
2893
0
3521
0
0
0
0
3769
1425
60
0
4848
3889
0
3201
0
1605
747
1433
3402
0
3669
0
0
0
4648
0
0
4566
1282
0
3635
0
0
0
546
3786
0
0
0
0
0
0
0
1615
2365
0
2626
3919
0
0
0
0
1345
0
4646
4170
0
2759
3114
620
1585
0
3857
0
0
0
0
228
0
0
4162
13
4479
4093
0
3750
2633
4066
0
0
3461
1440
3896
0
0
278
418
2882
2530
0
0
0
3051
722
0
1742
3605
4115
1796
2835
433
1327
3551
0
1823
2334
0
4125
4717
3978
4622
1733
2980
0
0
0
0
19
224
2592
2253
0
4979
2756
0
4214
0
0
3554
1764
0
0
1552
0
1500
0
3380
4680
899
0
0
0
0
1532
0
0
100
0
1977
0
0
1912
0
0
0
4082
0
4505
4912
0
0
0
893
0
0
778
3571
3057
0
0
0
578
68
43
519
0
0
774
0
1969
1523
2749
0
4418
0
0
0
2231
2123
28
910
0
2474
2195
0
317
0
2844
452
3739
3701
0
0
3801
2866
0
4960
0
3321
3384
2205
0
0
3705
3508
0
2681
0
0
3759
0
2256
4411
417
0
0
4084
0
3732
0
0
4908
0
3927
3979
0
4243
129
0
3356
3171
0
4191
3478
0
1707
0
0
0
71
0
0
4647
0
0
0
0
3157
840
0
0
2527
0
0
1580
0
0
0
0
0
2526
1759
0
4641
0
966
4047
3076
760
2109
0
223
0
0
0
4827
0
0
1917
1120
1435
195
685
4666
2500
0
0
4178
0
0
2696
0
0
201
987
0
384
1093
0
0
0
0
2270
0
0
0
3933
0
0
0
3421
1884
0
0
1187
0
0
0
4644
0
1805
2078
3817
0
0
3617
586
0
626
0
92
1089
0
1083
0
4798
580
1178
2066
0
4887
0
0
0
0
0
0
1084
0
0
2480
2387
3244
0
0
0
1732
101
3637
4246
692
0
2897
0
0
4019
0
3741
3763
4080
4712
0
0
1708
1177
4194
0
4781
0
0
295
1829
4282
0
4270
103
3497
0
0
412
0
0
3522
0
1677
0
0
0
1289
0
3562
512
0
1022
2075
1820
4262
0
0
328
3290
0
1125
4168
0
0
0
1877
0
0
904
0
0
1291
3385
0
0
0
0
929
3624
0
0
1415
4144
1219
0
0
0
0
0
0
0
0
3612
4596
0
2887
0
565
0
4441
0
2988
0
0
0
1980
3718
0
0
0
1075
3776
1633
0
0
0
4316
1515
0
0
3269
3922
1898
4863
0
3395
3616
1833
4414
225
0
3004
3639
0
4656
0
2507
0
1326
0
2964
3042
0
0
2230
385
0
0
4760
2658
1018
0
0
4250
0
0
1702
2432
2737
0
1194
446
0
0
0
0
0
0
3623
1251
2037
4032
906
0
4336
0
0
0
1575
138
0
2239
0
2503
3557
0
2440
90
0
0
4724
0
0
3649
0
0
1432
3565
683
0
0
3604
0
4917
1722
0
0
0
2052
4968
453
0
0
1616
4564
596
0
0
4334
0
0
0
3248
4987
564
4587
1450
813
0
0
0
4472
0
0
2723
0
4693
0
0
0
2421
0
3203
0
2709
167
4721
0
0
0
0
3766
0
0
0
2258
82
1496
3336
0
3372
0
0
1354
0
0
0
3459
1352
958
0
0
1229
0
2945
255
0
0
3238
0
800
0
0
0
0
0
4190
0
3286
2819
0
0
0
0
2885
2609
0
3389
4355
1530
0
0
0
339
0
4841
0
0
0
1601
0
788
140
0
0
0
999
2391
608
1262
2302
1919
401
0
0
0
911
0
3675
1204
2973
3853
0
0
0
0
0
2105
0
4715
1935
84
3992
2118
0
0
376
2488
130
0
0
4150
0
3504
0
0
4531
2262
0
72
3717
1026
0
0
3031
0
1218
0
0
0
1610
0
0
915
3671
1000
0
2102
0
0
2158
0
4697
4333
2384
0
2454
0
2218
3325
0
0
0
4371
0
0
2405
26
3169
1846
0
0
1815
3147
0
2967
0
1144
1755
4132
0
0
0
3163
1997
817
0
0
144
0
1122
0
0
0
2667
0
0
4033
0
4771
0
0
0
4135
0
0
0
3863
0
0
2403
4883
3942
2585
0
1384
0
0
0
1951
3501
0
3586
0
0
2067
0
1372
0
3876
3950
0
0
3309
589
0
2929
0
0
2447
0
3625
0
2689
0
738
2589
0
2505
0
0
0
2731
4808
0
0
0
410
0
0
4774
91
2246
2217
4074
3580
2156
4635
0
0
2729
666
0
0
3765
0
4687
0
0
525
369
0
0
0
4204
0
0
681
3308
1438
2619
0
3544
0
1946
4530
0
0
0
4950
1311
0
962
2152
0
0
0
0
2385
2680
1927
489
0
0
718
0
0
0
0
3993
2175
0
0
0
0
3582
0
0
0
0
1361
4732
0
0
0
2103
2782
1690
0
1448
0
2453
3493
720
1324
0
0
4217
4473
2273
0
3137
258
776
0
0
989
0
0
0
0
0
0
1225
0
0
1190
0
4907
481
0
0
0
0
1099
0
0
4381
4929
0
0
3262
0
0
312
2935
2908
4377
0
2030
0
0
2181
2200
3976
0
1171
0
0
744
0
4482
0
0
0
4920
0
4728
41
0
0
2107
3419
0
0
1632
0
0
3704
2128
4702
1839
2466
0
125
0
0
2267
0
0
0
0
3700
686
0
4860
0
0
0
0
4981
0
2732
2370
0
4420
0
0
0
1039
0
0
0
0
0
241
4533
0
3349
0
3239
4064
3014
983
449
2172
0
47
0
559
0
4854
0
3211
287
1157
0
0
0
2414
0
3499
0
0
0
0
0
1583
0
0
4338
1271
3697
2950
4425
0
0
0
2960
2634
0
0
4451
0
0
0
0
4094
2032
4192
3296
0
0
590
1920
0
0
0
0
4031
0
0
0
561
0
4343
0
1558
0
0
1077
0
0
2
0
0
0
0
4893
3223
0
837
750
0
0
811
1431
1214
0
0
672
0
0
4711
2234
0
0
0
0
0
0
0
2019
0
211
2392
0
4387
4992
0
2779
0
0
0
3134
4223
0
0
0
2969
0
0
0
3131
1779
0
0
0
3653
0
0
0
4790
2856
0
0
4606
0
0
1749
0
0
0
2734
0
0
0
3598
553
478
1849
0
0
3845
0
4532
0
0
7
0
2606
2295
0
3609
1718
1549
1451
2092
2332
1472
0
0
528
0
0
0
852
0
861
0
362
0
0
1470
1612
0
0
0
0
2978
0
2892
3900
0
0
0
1007
0
0
0
0
3274
0
0
1134
1819
2255
925
4275
3468
0
3921
0
0
4083
0
2166
4846
0
2186
970
4370
1554
0
3723
0
2130
0
0
699
1198
0
0
3446
0
3477
2141
0
0
0
872
1991
3074
0
0
0
0
0
941
0
0
0
2042
0
4977
0
0
347
284
1495
0
133
0
150
0
1347
2479
0
0
4995
0
3745
0
0
0
2053
0
2229
1112
0
702
0
0
0
349
572
441
3420
0
3577
0
0
4739
0
2521
0
0
798
0
0
0
0
4787
4310
0
0
2356
0
4237
0
0
0
0
2177
1478
3177
0
0
3709
0
4764
1896
0
0
0
4208
0
3555
0
511
0
0
0
748
0
0
4800
3273
0
3176
0
4496
538
2924
0
4964
1278
119
0
526
3256
1769
0
0
2744
754
2852
0
923
0
0
0
0
758
631
0
4603
2070
0
4
1546
0
0
0
0
1058
0
3360
0
4971
2975
2948
4997
0
0
0
0
0
2219
1503
671
3268
2648
4823
0
1894
0
0
3138
4145
3898
3789
0
0
0
3214
0
0
0
4605
1795
3343
4003
698
0
0
0
1456
4866
0
0
2211
2375
0
3342
0
0
1888
0
0
0
0
965
3265
0
1
2245
2090
0
0
2477
765
1752
4319
0
792
0
3792
0
3879
1642
4550
4415
4315
0
396
0
0
2065
1286
3426
0
1611
0
0
652
797
3022
0
3836
3100
0
1588
4838
871
3111
3820
4136
3887
0
0
0
0
3040
0
4930
0
1736
3099
0
3646
1457
0
1185
3721
0
0
0
64
0
0
0
3070
0
4378
3298
263
0
0
939
3525
0
0
0
319
0
690
0
0
0
1474
0
3357
0
0
0
356
0
0
0
4002
0
1684
0
3473
4709
2472
0
0
0
4417
61
4072
3026
4759
557
3241
0
3475
0
1439
0
0
0
1956
0
0
435
887
4323
2041
4318
2923
0
416
0
0
0
0
0
1595
0
3576
0
3346
4205
3112
0
2281
0
0
0
4643
3006
1960
0
4691
0
4458
3375
3200
0
0
354
0
0
2145
1533
3748
4965
0
2982
0
0
0
1729
0
3961
0
0
0
1797
3707
0
3516
0
4070
0
1061
0
0
0
0
0
0
2478
667
0
248
3264
0
4578
3600
0
942
2670
4637
2660
1876
0
3981
0
3687
0
0
2463
0
0
0
2532
0
3231
0
0
1315
0
3985
200
3408
0
4828
0
3822
0
4834
0
3830
3350
0
0
0
0
756
0
4147
0
0
0
3657
0
2442
3162
0
1572
0
0
2697
0
2602
0
0
0
0
2335
4889
1398
0
1545
0
2998
0
2061
0
0
2874
0
0
1258
3277
0
1821
3065
0
0
0
0
0
0
4775
0
0
0
2459
0
0
0
0
3386
0
0
4551
2620
1014
3751
1925
0
0
0
0
0
0
1388
25
0
4661
0
2834
0
986
445
0
0
3670
4462
0
2140
4345
2621
0
0
0
11
1836
3883
3893
0
0
0
3524
0
4705
4506
2280
759
2965
1284
2616
0
1501
0
0
0
0
0
0
2307
2407
4624
568
0
0
1375
4360
0
390
2162
0
3314
1953
889
0
4385
0
2057
865
2919
2758
4949
3837
4104
0
0
938
3455
0
0
2179
2811
1932
0
1649
587
0
0
4913
0
3194
118
3945
2625
2072
680
0
15
0
0
0
4763
1191
2331
1656
0
0
0
0
1608
0
3457
1507
1672
0
2235
2296
1509
1569
0
0
0
0
0
306
4100
1777
0
1297
0
0
0
0
0
0
0
0
2083
0
0
1706
4281
4203
0
0
216
4257
0
0
0
3016
4399
1234
3230
0
184
4481
4837
0
3018
1913
429
55
16
314
485
0
2817
947
4996
0
0
0
0
0
152
4756
0
0
740
3235
0
0
1013
0
4897
4212
3895
0
4426
4567
3102
2456
4469
0
0
0
0
1301
2171
4271
0
0
3936
2096
3629
877
2977
0
4710
3966
0
0
0
0
4307
0
4329
0
1274
0
0
3476
0
0
0
3028
368
0
0
0
4642
0
0
0
148
956
0
0
0
1863
2426
1870
0
0
4851
4050
0
4634
0
0
0
4989
0
711
4861
0
3738
1734
4226
0
3144
1283
4131
0
0
1236
700
0
0
0
746
2944
1486
273
656
4675
2257
0
4347
3593
0
0
951
0
2320
0
0
0
3319
3258
3618
0
0
2727
820
4909
0
0
0
1260
3377
924
2003
0
4847
1246
0
2451
338
0
0
0
4053
0
0
4831
0
0
0
3327
4311
3964
1650
0
0
1207
0
0
1239
3832
1332
0
218
0
0
0
0
0
0
4380
0
0
0
1319
1499
2389
0
0
4353
0
2412
1143
2623
0
2778
4225
0
2646
172
0
0
0
2577
1043
3127
2192
2086
0
0
2176
556
0
1520
1243
0
0
0
1966
0
0
0
0
1186
4005
0
1999
668
0
4544
4609
0
0
0
3289
0
2064
0
4727
0
0
285
360
4092
4570
2596
0
0
0
4428
0
1868
0
279
0
0
1548
0
0
0
2293
591
442
468
0
0
0
3097
0
0
2438
0
4431
712
3023
0
1918
0
2148
0
4723
0
3909
0
179
0
0
2981
0
0
0
0
3253
3489
0
3442
3781
0
4631
0
0
0
551
0
108
3665
0
0
3880
0
0
0
2992
0
0
2450
23
0
1339
4939
371
0
0
0
1577
0
2676
1247
3445
2746
3125
0
0
0
0
0
0
882
0
2509
592
0
0
782
0
0
0
3213
0
0
0
0
2548
0
3722
2832
0
149
97
0
4102
0
1176
0
2007
0
3039
0
2089
0
0
4546
0
1313
0
351
1462
188
1696
0
1086
0
1057
2847
3045
599
0
0
4753
2489
0
0
0
1659
0
1376
0
0
161
0
0
0
3778
0
39
0
3195
0
1809
719
1408
0
0
0
0
4051
0
0
1362
0
0
0
2013
282
0
3220
382
1281
0
0
0
0
0
0
1571
4777
4974
4744
3417
2212
2588
2875
1460
1349
1568
0
0
1217
4406
0
3237
8
0
0
4435
0
1603
2939
1904
0
0
0
2991
0
2139
3077
0
508
2100
2362
2556
0
0
4963
1542
2591
570
3146
0
3046
0
0
1774
4515
0
1631
731
0
3864
475
4105
0
675
623
3770
4158
0
3619
0
3079
0
1891
2845
1938
0
0
0
1465
3167
0
4865
0
0
1344
0
0
291
4402
0
2547
4312
3731
2698
1076
0
0
0
684
3510
3441
3154
180
3849
0
3304
1056
4140
0
490
2568
0
945
0
0
0
4460
2188
0
4186
1464
2490
34
0
846
0
4159
492
0
0
2804
4867
1312
1628
3630
4599
0
0
0
493
1201
0
0
2873
0
0
0
0
254
4576
0
0
0
0
0
638
0
0
2203
0
4911
0
1915
400
0
0
4843
1954
2721
3715
1544
3136
0
363
0
0
0
1948
0
1385
0
0
0
0
0
0
2679
74
0
2363
0
0
0
107
0
1418
0
0
3851
4916
4976
2735
0
0
0
2499
0
0
529
496
146
0
4524
0
1770
0
1321
3259
0
0
4819
3774
2966
0
0
288
2127
0
0
2269
0
917
0
1409
0
0
1675
2001
0
3940
0
2933
0
4565
3931
0
2221
0
0
2486
3219
0
0
0
0
0
1655
0
2111
0
582
0
0
4137
1223
1613
2752
4394
4098
921
4295
0
2610
0
0
0
0
0
0
3756
816
0
0
0
0
3199
594
0
3691
2284
3867
0
1550
0
0
0
233
0
177
0
81
4235
0
4745
0
3390
286
2101
0
0
1528
0
3843
0
0
2570
3423
0
4043
3435
1531
0
0
2863
2918
0
0
2017
0
0
461
0
0
4906
