3603
1842
4145
2129
4962
2660
2350
4670
4662
225
2667
3583
580
3657
3249
1965
3129
271
1976
4491
1973
1041
3228
1513
2799
139
2466
4374
3356
190
958
4561
4468
3514
2865
2696
3272
3265
806
3584
1099
2988
2303
107
2390
2787
1405
3231
1498
3480
3439
3880
4930
3255
3526
4602
1812
3170
2505
2943
4028
654
4310
1555
2843
3607
4187
3361
2200
2687
4226
2321
918
2042
2362
2789
598
1140
980
2422
1742
2415
362
3405
2396
4632
2426
4585
4447
4037
260
1331
784
1873
2600
4246
262
3158
2778
2766
2997
1470
1219
15
2015
1932
2358
4074
1854
2701
125
2822
638
3893
1804
2622
3545
84
3413
923
3105
517
1350
3551
1150
4280
1522
4850
321
912
1594
4328
2475
4923
160
1115
101
3981
1477
3627
1122
2348
2216
4902
1851
3042
2145
4014
1389
2048
2813
332
765
2327
614
2677
4475
1726
2334
1121
3060
1296
2968
203
3358
4063
3203
226
3471
2777
38
578
1431
862
492
233
4783
4036
566
2671
2299
4283
2982
798
1816
1267
1810
2516
4110
1132
920
2268
2820
2598
3401
4471
159
1957
1339
1722
3924
1245
4535
2601
4910
4341
3658
4581
4639
11
4017
430
307
217
2402
181
3509
1784
1167
3445
3004
753
990
1500
2965
1105
416
1912
628
2871
3965
3662
1552
737
2517
1038
1935
2934
1786
4901
3330
1694
4820
4519
3466
2856
3879
875
659
2259
1628
4147
1315
1396
265
512
4594
4521
451
869
1969
3602
3776
3548
2395
1318
2775
3133
2180
3630
3787
3442
3637
2461
388
4986
1825
3892
3216
1441
1610
379
392
936
1369
4247
4918
6
1325
3218
4527
1613
322
3976
1023
600
3378
2352
4951
3257
977
522
1035
2877
1911
2882
4895
2645
2738
1030
3624
2478
3086
1914
2295
1126
228
3980
1066
1345
2990
1945
4229
4143
3749
2689
4099
583
473
4265
2336
962
3651
1782
4060
1787
3493
174
2252
1981
1855
4305
1639
3120
3625
3564
1482
4461
2049
2329
460
1027
1046
1129
4478
3962
841
777
3958
2659
383
2023
2445
1929
2469
3756
1740
4566
3156
4540
1093
1917
1544
1553
1626
855
375
3738
683
3406
420
1861
4909
4952
866
2604
1925
4721
497
591
520
1282
1416
186
3054
3375
2266
267
4449
4853
3600
2744
303
1284
3640
692
1380
4788
86
1040
4166
1536
4392
4094
1419
4644
4703
2499
1699
4813
4980
3002
3437
3274
1835
2781
3475
1937
2955
1471
166
2150
1908
4325
4021
343
1020
2751
3494
1143
2075
929
4103
1795
3614
2846
2608
4122
2033
4782
3768
4842
1571
1870
605
3227
4778
4768
3312
959
716
4545
893
1955
2467
3091
3890
4620
4131
3115
3993
1008
1388
1117
1086
498
2842
2457
1201
2737
3971
1096
73
185
1535
1299
3778
4291
4735
889
3440
571
4426
2948
1272
4722
1845
916
2936
3626
937
2682
1469
2105
141
3402
3225
296
4356
3960
561
157
2149
593
3857
1830
4269
3363
2872
4409
732
705
1878
3419
2989
329
2059
3665
2127
1883
2441
3840
3362
2022
3492
714
3448
4522
949
120
3729
199
1319
3319
113
4748
891
1271
2977
1692
4869
1636
390
4649
4683
562
1161
249
1849
586
3256
2876
1706
1542
4173
484
2124
1227
4894
1934
137
4376
325
3395
2521
2412
1793
88
2011
2113
1343
1354
156
3253
3372
470
3865
1476
1676
2675
1192
4588
3629
4500
2958
2484
3396
240
4438
1019
4605
2907
163
4160
2280
2262
2384
4181
148
295
4998
4319
1799
1979
4877
4848
4938
2847
4665
1094
3013
3190
3075
3183
2559
2589
3397
2243
530
987
791
2883
3823
3917
3111
551
4412
989
1474
4883
2588
4822
3686
399
4408
311
29
3518
1586
1794
257
2768
1938
3424
209
721
3828
3132
3527
932
3567
3674
3588
4942
787
556
3699
3724
2613
3562
4348
4743
2503
1232
1447
3233
3020
4891
4272
1898
3832
1263
3443
736
2076
4638
2099
2897
4775
4693
554
1568
2302
2364
4253
4044
1031
63
1811
859
234
2752
4467
533
1994
1425
1266
237
2062
2656
1922
4897
4760
3110
179
4773
810
2918
3192
2004
3092
2649
4040
2590
348
103
2188
408
1907
1145
1068
4817
652
1196
3172
3264
4756
4227
4601
4194
1939
4570
3723
3181
779
3376
26
701
1931
2818
2288
3273
168
1259
405
1216
441
3038
1659
1953
4161
3097
3476
558
3465
555
1103
1468
3952
4604
4977
800
2495
4106
426
4298
1308
3541
1367
1
67
4066
3177
4273
2632
3826
2972
396
1681
4622
1963
4786
3884
1139
2419
2249
3126
1831
3672
3582
2162
1637
2837
1171
4216
778
1928
4730
3458
1102
1279
3290
3325
143
4667
1288
3711
1573
4172
154
1508
3368
3868
4290
3752
70
4682
4323
2794
349
4929
1363
1705
1184
723
427
1249
3152
2530
264
1709
2210
2492
3082
1409
2759
917
1401
2112
4299
4631
3883
4244
2528
1529
1467
4358
1734
3725
2630
3966
3735
3066
581
2416
2582
2702
3399
968
3636
2800
2323
2718
1530
4059
1147
1946
3045
1199
1497
1462
1463
1525
755
1992
4364
4852
4652
986
3905
4825
1338
2792
4698
214
429
4685
4025
1273
3275
1888
1130
4205
3209
1033
993
3506
499
999
2012
3305
1044
3536
3447
4093
2367
2624
1443
252
368
3248
4375
3053
3721
900
4154
1399
2083
506
2164
2118
4844
684
3859
763
1138
2916
892
1580
2045
3616
766
4834
3560
1230
4240
931
298
3805
1517
950
2203
2201
847
4437
865
308
1448
407
1950
2584
360
836
4837
191
1961
2670
964
1166
4921
2811
3261
3808
4203
2125
1572
1792
350
963
1295
1195
1076
3747
66
2148
4953
4984
4847
3318
3342
4861
4322
807
4258
3044
4231
1176
4177
3796
3251
2383
4386
4866
2193
4723
2626
2796
4221
221
2232
1766
3421
1292
4872
1640
4116
4769
314
2039
2769
2919
4716
201
2034
10
2607
3081
2372
1358
134
858
1978
2413
472
231
3781
781
3098
2213
3057
2995
2894
4610
1759
428
4224
1729
3168
3750
542
3145
4653
2073
4968
3896
3982
3531
1144
273
2248
2623
2643
1032
3010
685
3138
3427
2596
4243
2851
4069
1621
805
2663
3036
3252
3347
2580
4479
1453
627
1089
51
2898
3297
973
1061
827
3775
2938
3336
4080
151
2221
1084
2005
2873
4940
3843
852
4591
1850
1913
953
4111
631
3267
2829
1834
4092
3400
1356
4254
1607
128
4192
496
1328
2312
3210
4329
1014
675
3258
432
4345
4557
4043
3610
2178
2866
699
3646
4663
2875
59
983
1085
1436
3058
1269
136
64
176
242
4781
1274
2414
3125
4434
374
4551
2183
696
3834
967
3352
424
4697
4006
4191
2091
2195
1893
3700
1872
3498
4690
1564
1321
2359
3324
1204
2103
1750
3065
711
2038
1079
783
2945
2081
3806
1829
2493
1565
4476
1029
844
4900
4827
283
2884
4373
2830
4920
3134
3918
4235
1920
54
1382
2332
3197
4002
1561
1390
82
3986
4758
2939
1490
1644
1569
1718
3985
1175
2294
4590
2532
2224
4679
3032
4526
2764
808
944
140
1679
2710
2382
1612
3875
549
996
4384
830
976
1047
4315
1450
3877
837
1817
2896
2745
4416
4746
4890
2283
2448
3206
2343
3188
1889
2698
1647
371
4480
1298
2181
4070
824
395
4276
1414
2417
3019
366
2869
4577
3653
2472
4308
4647
729
4405
1435
4195
89
1805
4245
2619
951
1113
2353
380
1852
1100
3154
2096
4956
2227
4816
4395
490
4201
1107
250
2128
1823
3360
60
2502
4250
213
4777
3766
239
906
1256
475
3757
2225
1665
3866
1111
4818
2084
2991
2030
4945
839
595
3889
1554
695
3384
474
5000
853
3281
2028
1589
4592
2576
4260
2409
4448
4711
223
564
3851
1875
1631
1005
4943
3338
3130
635
4464
2453
1661
3016
4456
510
2886
2826
3327
2942
4880
4225
331
2404
1803
3150
2547
357
4981
3123
4720
4061
1901
2940
890
1713
1606
1668
4542
3635
2515
1949
4597
2050
4807
1600
3953
198
1329
3593
2060
2914
572
4904
4445
2836
4149
207
1291
4148
1307
4704
2577
4554
92
4558
3495
1671
4621
2849
4705
3820
3854
173
710
1574
575
3507
2930
2132
1732
3695
142
3771
43
1197
4261
991
4079
4960
3222
4332
4906
1952
4518
2230
285
1863
4982
2725
401
809
297
3708
1312
713
1860
1410
2031
2720
4458
927
3907
1052
4625
4642
612
2154
3140
1601
3666
760
3456
4831
304
2573
1092
874
4482
1599
3271
3024
2858
613
2742
1056
4600
1118
4344
4990
919
3939
3558
2360
2980
3898
637
2468
1074
3116
3539
1208
4008
3656
3779
4007
3236
4430
3867
3090
673
2357
1944
4402
2066
19
2973
2267
1478
1233
1624
1902
4442
752
2226
3733
1839
4301
2727
4587
3214
3675
1683
4097
2494
1836
4792
2157
942
3355
4466
1078
1772
4932
2110
4747
529
1752
3446
1619
3784
347
811
849
662
3688
1459
3692
423
3164
2487
2586
4054
78
4330
2967
1173
2254
4933
3307
4513
72
4934
3761
4629
2617
244
3538
1617
4935
665
469
3453
1252
49
4140
3817
276
2296
1696
700
746
2215
3441
236
1523
4034
3620
1697
538
1215
2574
1838
3418
2156
3544
1701
2535
4867
4100
2756
2206
3460
1970
4840
1915
2661
4767
1210
1815
3550
1581
4741
4378
3906
4121
2748
1819
1627
2533
2638
4297
3741
2436
4532
546
2791
513
3246
588
1933
2212
2560
4477
2305
489
1884
90
2111
2010
3204
2790
31
3909
957
4266
2609
3989
3553
634
4702
3229
3590
1012
1430
2155
2306
776
3289
3017
1495
339
4331
4563
4553
4293
3676
3304
1015
2762
2861
3731
328
3956
4798
4462
2223
3464
2437
4884
4875
2363
69
2231
4572
3487
4695
4660
4607
2170
565
4983
4045
4146
1635
4417
4684
2901
3425
599
1394
3802
1316
1449
373
3393
2740
2119
921
4994
3463
152
4284
1432
1620
1304
2026
4733
1418
4337
3783
2808
2506
4039
4543
413
1707
2400
4928
48
2474
3213
2956
3468
1623
3108
992
3302
838
4035
436
3568
3642
518
3827
1217
2370
2284
2612
4390
3186
2021
4300
1885
4278
4957
3039
4613
1137
4676
1867
821
447
3598
4425
3422
4382
3790
1395
3561
3128
4351
1276
3668
3788
4626
3617
2077
4608
2978
915
4016
1809
197
733
2960
3678
2346
1185
3679
389
615
3970
1528
541
4423
2198
4419
2273
4497
772
1109
1503
1735
147
1501
4919
1514
895
1075
2909
4657
2731
4178
3641
1402
354
4515
4763
1687
3117
109
3621
3030
1951
3543
2507
1918
2922
2040
4509
1988
4368
4562
4656
1487
3821
4785
171
2529
9
4611
553
1247
1936
2780
4333
3698
3520
2657
3431
4421
292
4435
4206
3718
280
1371
4030
2008
4539
3515
884
1081
2864
65
3513
4630
3654
279
2561
2442
3385
2510
3677
4692
4800
3328
2746
2926
1241
1124
2806
3416
2304
2131
2651
2824
2743
2092
3088
750
3997
4694
310
3408
3340
2685
804
910
4664
2985
4864
4312
4796
2518
1455
744
4772
726
3064
1301
4255
457
3031
2136
1326
2166
2676
2681
2750
1260
3263
1253
2298
2931
1598
4737
2853
268
4211
3923
1754
4138
3926
943
4779
4490
4193
3850
410
3503
3191
4451
1563
1520
4361
793
2555
3874
2169
4914
1737
3410
3913
3173
482
2424
4003
2387
2401
1489
210
3844
2309
519
2485
1491
3467
34
335
3510
4696
1377
774
466
4666
1355
3420
4544
3811
488
3973
1942
340
2397
194
464
1509
3831
3074
2981
4180
2165
1193
4215
4239
531
4549
735
4285
1440
4879
1894
975
3963
4150
3571
1496
3587
2356
1733
2614
2275
3819
3434
4038
2874
4411
3797
2631
491
32
706
1234
2709
2620
122
4564
773
3812
3577
3714
4053
543
164
1077
4878
3619
979
161
144
3244
104
4826
2450
4573
3622
386
2258
4876
1209
3522
3786
1458
878
1646
4271
1275
1235
3988
3751
1104
2020
934
3581
2440
1556
3051
2522
4862
3409
933
3816
2287
2832
1412
1438
4252
848
4958
167
2100
1685
2578
281
1548
3388
1444
1723
2391
1013
592
4363
1662
3934
2480
2679
2993
2479
3996
4010
3719
2673
970
4481
3793
3609
3159
394
4163
3770
4846
686
398
2378
2647
4511
715
1783
112
8
4311
3148
1095
4887
495
2271
4485
3205
3528
4706
238
2652
2427
3864
1906
3432
1746
4659
4366
2159
1538
775
1677
3869
623
1290
1877
1021
924
4018
1579
1153
3612
435
3176
2976
1608
1472
851
2511
4320
1916
2880
691
2185
27
1865
3367
969
2693
2888
3430
309
3027
625
2513
1614
4407
1655
2121
1088
2527
523
4360
4264
1420
4623
1649
4824
616
3633
788
2848
532
570
3337
608
1461
759
2575
3306
1905
1479
2998
4026
3096
3241
2041
1297
4234
4228
3599
1112
471
4575
2636
4316
4974
3335
606
294
3484
4342
1903
58
205
1182
4288
3974
1578
363
3979
4353
4050
678
2473
4389
2716
1774
206
3706
2257
1570
782
1858
690
4911
3124
1575
2276
4102
4556
4048
897
2957
4309
3071
2108
4126
1595
37
1070
1603
2996
1080
3597
3705
2654
4090
2699
345
3380
4088
4803
1277
2236
3049
131
4514
1731
4913
1592
2927
4886
761
3990
3870
2721
1890
4991
1596
3901
3533
1194
611
4064
4222
284
4530
1745
672
500
4885
926
1868
4156
2142
3613
1518
3308
1909
2161
3259
2562
3977
3276
4941
4151
175
338
2902
1549
1034
4606
2141
2646
4096
3846
3743
2567
1869
802
3223
1454
158
1611
1186
4257
1360
3076
1943
756
3914
801
4155
1348
3886
1602
1162
2393
4087
2053
55
650
41
764
589
4282
2337
1758
2187
336
4334
290
2795
243
4198
911
965
438
1060
3323
1257
4939
3648
433
4582
2120
3542
4212
1164
4926
1028
2058
4473
820
4992
741
4404
3596
2406
3910
3722
610
584
4615
1531
4137
815
4784
2399
2556
4487
2308
3697
3166
4413
1966
30
3003
1670
3955
2253
189
4089
1975
4555
697
2587
4176
4104
4414
4728
2788
4065
313
3061
569
138
3260
459
400
1237
3499
4439
2899
445
4452
2711
2912
3254
2610
3028
4502
1634
2301
4713
467
1666
4833
2548
2274
1947
3083
4624
4738
1700
3143
4474
3454
4354
2760
2570
1846
940
4828
1625
3745
2491
364
585
3237
4755
2519
596
2969
3
3187
3417
4764
1037
2190
3451
1302
602
2389
1198
3073
2158
4537
3862
2147
1546
2086
3929
3992
786
2497
4238
3815
382
116
204
544
3704
2009
2051
1698
3180
2247
184
1493
901
3504
515
1924
3710
2392
2591
2214
448
712
4267
337
378
3897
4289
4616
601
2173
3389
4381
3008
981
232
4132
293
4112
481
3685
1941
4889
3250
458
2672
1492
1882
2641
1155
2488
3922
3345
1026
1434
1203
1457
2055
2126
2700
2723
2736
4256
3415
4230
247
4759
574
707
894
2454
632
91
4710
251
799
2192
3921
3201
2992
880
369
1788
2219
2171
2553
2381
3841
3540
1397
898
2568
4780
4158
2893
3807
4270
2410
4340
1652
146
83
3512
1255
2637
442
1669
594
3293
2854
4603
826
2634
4830
4144
3346
622
3104
3701
2523
972
2338
4749
535
4183
4141
1406
971
845
1473
1428
1049
4113
4808
4571
4188
1191
2458
508
2351
1334
2692
81
3814
3084
998
2951
4339
3632
1240
2101
607
4593
409
833
4335
1844
4049
3774
985
4922
3221
2342
4359
4082
1352
2218
2104
4098
1231
4520
4805
3650
4410
3824
1311
3628
2464
4636
797
1120
476
3838
1948
4857
4196
1886
2986
3767
2220
3920
291
71
4988
3858
1762
2932
1346
3303
253
3094
127
1169
28
1062
618
4371
1651
133
2072
3951
2182
2143
3655
1330
3763
4041
1063
1798
3489
4925
2093
1022
2581
4465
682
353
1653
3334
3608
2542
2674
2817
2379
4120
1876
2703
4251
3473
1502
1244
478
4538
4680
3972
2551
20
4343
3486
3390
2229
528
3902
3595
454
2123
749
2823
3649
3746
2087
1904
4504
688
3444
2635
1629
2452
170
4541
3804
118
4754
1663
4893
1413
3941
4729
2782
4023
3935
834
3292
1221
3109
4523
3462
4560
2079
4302
2428
4268
2316
2133
2821
3226
4865
4107
4403
1423
4024
235
2531
2975
669
4873
326
1181
2043
3217
922
4488
2594
1583
2767
3234
2599
1393
4726
3566
477
1239
507
563
44
1577
502
1261
1739
4004
412
1442
1813
3189
2705
2423
1926
2439
840
762
3643
4117
278
1808
3102
516
3242
1082
3938
1777
1114
1827
1703
4809
1333
2006
2549
4787
1609
124
2074
4067
2290
2913
306
1985
1002
2115
4794
2430
3284
3000
3873
486
3100
1840
3011
1065
966
246
567
483
3035
1398
1376
2137
4835
3198
2196
3570
318
3137
3182
1980
643
269
3925
539
2841
4179
1017
1251
2543
2708
3262
689
3485
871
664
3288
4443
2270
334
80
2024
758
2819
4042
3881
3291
3114
3386
2471
261
796
4213
3139
4804
785
4259
4765
3394
4119
817
1305
3944
1991
320
646
1010
2097
4011
1133
4469
95
2771
1507
3994
1512
1179
4841
1678
655
317
3167
180
3005
1016
3230
3266
391
4969
2946
3059
3524
4399
2431
2827
2658
4908
2984
4821
2900
3860
2313
3366
2804
2554
4052
1427
4770
4534
1551
1058
4995
2763
4242
4249
2770
3574
3382
1796
4687
1439
3969
4776
4072
2109
1841
3224
2891
1761
1452
193
2264
4507
1770
3232
2167
3591
4152
1702
4274
1188
46
954
1146
2633
4182
3606
1989
3479
1357
1537
3931
2163
1289
2941
2785
3586
2241
1127
2319
4989
3461
3207
4718
2209
2947
1657
2035
1408
57
289
636
485
1460
2828
2380
3769
1767
275
245
2326
3298
3043
907
1494
1977
18
1721
219
4189
1163
1847
487
3343
1373
4077
4210
3147
2297
2668
1743
4645
2444
1738
346
2322
3412
3667
1658
3559
1779
2063
4393
955
47
3149
218
1238
2250
881
896
3782
1417
434
885
241
4134
789
2369
4164
417
2910
3946
4745
2160
4823
4241
3279
2095
1213
3072
333
3689
4326
3239
3949
3481
879
102
376
3673
312
2107
4396
4731
509
3535
3175
3945
4318
3565
3716
505
886
2122
1073
3855
4123
4643
461
2463
1101
640
227
1921
751
603
196
1682
4978
4640
3726
3194
703
121
704
769
1211
540
3968
305
3006
1557
4005
1895
3947
2135
663
3978
2310
4387
2434
263
2202
4675
1997
1422
725
1258
4975
1403
1280
352
2179
3569
2282
330
3365
4819
316
2047
928
4789
1814
384
1381
4496
2655
3578
2490
619
899
1910
1964
2786
1828
4896
3457
4306
414
4815
211
4799
224
208
2611
4429
4186
2642
4472
4596
2706
1654
4075
4531
995
693
323
2694
12
1246
4019
272
660
1710
3063
3525
4972
1822
3764
813
324
2889
3320
4295
4552
831
3847
795
4793
75
87
1165
883
3671
3995
302
2585
3316
2944
1956
149
327
2375
2983
3219
3904
4595
277
4947
3936
3680
1923
2952
3777
939
93
4
2911
68
2881
1995
1174
3728
1250
2355
4084
1773
941
2057
2520
4912
77
1158
3534
1999
1294
1716
288
3208
1615
3615
3056
4046
1064
2592
1050
2664
443
1091
1826
172
3034
4142
4085
1674
1848
1690
3268
2892
3861
3099
4795
3119
2625
1744
2735
3634
452
4915
2526
215
3849
1135
3278
3720
4874
2579
2217
2741
3269
4169
4568
1582
4845
4966
3350
1724
2758
377
1098
230
4109
3942
3202
4599
3575
1415
514
1048
2088
4614
2757
2184
2950
3916
938
2712
617
2371
4455
822
4617
2032
3023
4567
79
145
1309
4199
1375
3690
3496
860
4492
597
4118
3830
1695
524
2779
1212
2774
960
1400
4286
3605
3818
50
4757
2366
2071
3491
2539
222
3693
4232
2300
4849
2314
3371
3652
3215
4689
3563
3287
1011
3068
1043
3702
1730
4565
4727
45
1069
1411
4168
2565
2176
1341
2002
4190
3712
1480
425
1618
4586
4379
2814
4856
4949
2754
1543
1429
1421
4304
1202
4870
1361
846
192
982
2017
4927
4424
2153
3301
4420
1751
2134
3160
1771
1728
1785
1642
2994
956
1897
670
3713
4633
3131
4157
4931
1675
2064
3067
2761
344
342
1156
767
3078
25
857
1866
4598
2887
2085
952
870
1684
2421
4637
770
653
4993
1009
4655
453
2566
3353
2333
4761
4609
2595
1874
4751
1206
1715
842
4771
1853
2256
2534
4422
3661
1368
2237
651
3919
3211
3112
4814
4401
3351
4078
4495
2908
4550
3927
195
1207
3759
550
4056
3572
1323
3435
2376
182
440
828
4027
4105
1351
557
4635
2244
3915
2783
1971
4294
437
3146
2116
2678
2615
698
997
1189
4009
1313
854
2152
1036
4418
1475
4905
1527
1177
1370
2197
1374
1749
2331
3349
183
4313
100
1588
7
2449
4806
2627
4501
2260
873
2714
2691
1633
819
2514
1053
1506
3773
2572
1650
465
2688
3294
2418
4362
202
2839
687
1160
2603
3050
3638
4081
4965
2971
3047
2451
1954
2583
4528
3908
4365
4444
2920
3791
1205
4001
771
4135
3967
3876
3369
2812
404
3894
4892
40
4686
4871
2815
3285
504
4881
609
2648
2090
620
545
3040
4672
3631
2411
126
2291
1919
1254
2140
3247
1404
4000
3813
2204
106
4736
110
560
4051
2618
3370
4057
2054
4548
2349
2541
4073
4499
4888
3895
2373
3009
3497
3277
4510
3315
4976
2486
2335
1004
1559
1958
2320
4529
3732
4924
2593
1243
590
3785
2550
909
867
3500
2460
3348
4047
4159
3798
2686
2174
708
2974
4699
1789
22
1483
734
4916
4762
3314
812
1000
1704
351
381
2386
3502
3414
2285
1780
4124
4162
4946
1562
4579
4717
4732
1300
2365
1550
728
1303
2838
129
16
3837
3329
4086
3623
4709
2538
4033
2776
984
2498
1372
3780
3392
4536
1576
1264
1407
3748
4370
1927
4503
2546
3601
738
4317
3950
1892
4999
3212
2277
3474
3026
1353
3682
2311
85
3501
1097
4436
4394
1791
1862
4838
1590
4964
1051
1262
3529
3398
119
4797
3085
3532
843
3012
169
3589
3508
4719
904
3144
4970
4752
3829
1857
1959
868
2000
4944
730
639
3193
24
4955
3647
1741
3426
1151
3639
4641
3185
677
3122
3878
3313
2003
4868
2089
559
3107
4547
1072
1974
397
624
666
2239
525
1899
2921
4750
3391
2734
3062
4233
3734
3359
2255
3449
3987
4223
3243
2482
2563
1218
4336
35
872
1148
1362
150
1764
53
1560
212
3580
4829
2728
709
3199
4385
548
3438
2027
2571
4997
4314
3523
4677
742
3383
1142
863
2662
2697
1281
1485
4127
3069
3169
256
2924
2999
4020
4431
2340
2925
1776
679
4013
1686
2852
4136
2879
130
2078
17
3333
2906
1424
1322
2138
2512
468
1149
479
1187
2361
3765
3573
4917
3900
2318
1379
1270
162
1172
4512
4714
2144
3235
4171
1987
1214
4811
994
2831
780
1337
1960
4959
114
2222
4576
1558
2098
3555
4432
3477
4128
814
1768
4338
4516
1347
4627
4114
4202
2292
1643
2102
3852
359
587
3983
2261
3736
3930
1332
4506
403
4661
1003
2621
2345
790
4569
1688
3025
661
2878
1990
2680
2168
3547
2928
1763
3403
450
4380
1125
4367
1359
1378
1587
2966
1881
2963
3283
4012
946
2557
3882
2954
4453
4281
3374
2859
4204
1821
803
4460
2233
4701
526
3106
2915
3744
1807
1541
4058
1392
754
3014
2094
3833
2278
3552
3810
2964
3740
4985
1180
3975
1689
3684
4214
4400
4810
887
4062
1753
4207
645
2189
649
4707
4369
2845
2069
1765
1090
2068
1719
3029
4175
4287
3604
3537
2432
3717
4843
370
2186
4967
1391
1505
579
3863
3754
3753
1516
2755
2809
604
3161
4574
2683
2067
1982
4130
2056
2765
4546
270
4854
2470
4619
4505
4200
3041
1327
527
2867
3179
117
3727
3928
2328
1451
2640
503
2408
1993
1545
888
3280
4032
2269
1387
3270
387
1190
111
3015
978
1656
1384
2501
4350
2732
1083
4648
4899
1756
4197
1711
2979
1585
2870
94
2803
2784
3835
1007
1336
2014
99
2240
4858
4584
2885
2377
641
3344
3127
1200
3645
98
3772
1664
4863
1584
1366
4712
832
2208
415
2730
2537
727
2425
4388
2890
4971
511
2850
4583
3339
4954
1930
14
680
4115
2719
4153
2933
1859
1317
2970
908
4790
4493
1310
3760
717
3095
1344
1057
2438
2281
2666
74
2265
3174
818
2307
2917
4031
62
3888
1871
1488
4377
829
4248
4217
2407
1510
3373
4428
3299
1087
2753
2904
3245
3436
3585
629
4740
421
4484
3311
1456
3707
1320
3377
4860
2385
3517
1293
3093
2669
656
1896
4851
1157
1383
23
3113
2833
4724
300
248
4236
1567
3519
431
4219
4524
4744
948
2653
1465
1757
2749
621
576
748
3341
2080
361
1604
2863
1116
3709
4489
2895
3836
3121
254
3885
3511
2704
3556
365
1638
1524
4463
2650
3794
3048
2953
642
3961
105
1054
3200
1306
2106
1680
2500
914
1727
3644
108
33
1278
3021
1042
644
1226
2639
2347
1515
3364
4346
1386
4450
3196
1593
2429
2726
3948
2629
444
2722
3171
4742
4936
2205
3839
1119
3998
3070
1996
668
4508
2037
2707
2857
4296
2443
1222
1645
2191
1481
3911
1055
4129
935
4907
4498
582
1691
731
4398
4022
4091
4415
3155
42
988
835
3660
1268
3940
3151
3937
2029
2199
3549
1566
3516
501
4292
4700
367
3162
1223
4263
4589
3845
1445
4658
115
2245
3557
850
1856
2949
3322
372
1630
2082
1986
4525
2801
3195
3530
1225
3618
287
1340
2234
2293
4279
3433
1800
4882
3470
1183
1024
2447
2433
2228
2905
1071
2903
1983
1717
1342
1152
3730
411
1748
1616
3142
2773
2403
4791
462
2835
4441
455
2172
3411
2552
2151
674
4708
2483
521
319
1059
4275
1781
4801
671
3696
2605
1818
2665
2238
1521
2246
2569
2729
2810
882
1968
229
4691
2046
355
1236
1242
974
1797
947
4618
4355
3957
3428
3087
4083
1712
739
4674
743
3795
3799
3165
4634
1820
4739
3184
3681
3488
2114
3954
2868
2325
4839
4184
2644
1667
315
2690
3332
2747
2724
3687
4440
4237
1879
1134
1220
536
4459
1248
2628
4961
4734
2207
4559
3579
2146
4347
13
1714
255
2935
4612
3080
2504
2139
4650
3691
1597
4170
1967
3856
2446
3157
216
4688
4654
1887
3899
3715
630
3801
2987
4996
4802
3055
1672
745
4406
577
358
3077
1880
4669
657
2476
2061
2341
1605
1045
3118
3891
3663
3103
4071
2117
1833
3755
1998
1622
3423
903
1433
3429
1106
3046
3554
3483
2344
4068
3822
3317
547
2844
3521
4167
2465
4208
3984
902
2798
3792
1511
3001
1349
4427
3758
3387
876
2001
56
2524
266
1837
2070
2177
3871
3007
4125
1265
1900
2962
4262
2597
2509
3999
2455
3022
2315
2695
3762
3959
3153
2602
2961
5
633
301
2540
4836
2394
1131
4725
3546
3887
1314
4220
4446
356
3407
4218
905
768
493
702
1466
3379
402
4321
3742
1760
2211
4937
4628
3381
439
385
2564
1891
1364
3282
2272
2462
2862
3611
1486
3455
2929
4517
2959
2019
3737
123
3296
178
177
4681
4076
1843
4357
913
4963
2772
816
2793
2807
1720
3912
2860
757
3238
1168
96
2481
446
4383
667
719
4015
1504
3469
4948
4651
1123
3903
4185
3309
3943
1006
1385
1001
3178
2616
3220
1824
258
1591
740
2007
1725
2733
4352
341
4029
132
1540
2130
456
3964
4973
1136
165
4133
4855
4950
494
722
626
3472
4108
4095
1641
1547
4494
4139
1283
2717
2025
2
1533
299
1539
2825
200
3321
3354
694
97
4397
823
4812
4055
2739
3809
573
3450
4533
2368
3052
2286
3478
1287
2525
3825
2508
2477
856
1228
1526
3357
2339
2459
153
419
2242
393
1335
718
3789
4277
4483
2802
1755
534
3300
568
925
1832
3326
4774
1141
52
3482
3286
1154
282
3694
259
3089
2036
3240
2044
2606
36
4470
2496
2279
187
2388
3800
3163
537
4832
2558
945
3141
1802
2489
2263
274
1790
3683
449
1778
3404
2545
1648
1769
1159
3135
648
1324
1499
2544
76
1286
3490
1025
4903
4753
3505
1365
4327
3669
4987
1673
4391
3136
4174
1632
4646
1660
720
4454
406
4457
3101
2018
1484
4303
3933
2937
2330
4678
2194
792
2456
2013
961
3853
4979
1693
2435
1110
2175
2816
864
930
39
155
1285
3659
1170
3803
422
3842
1108
3739
1984
3991
2235
747
1128
1437
2536
1534
1178
861
4209
4673
1708
2405
2052
2834
4324
2797
4372
2923
1039
4715
1940
21
480
188
2855
418
1801
4580
2684
2420
3872
1224
658
4165
3018
2354
4578
135
1446
1736
877
647
724
3452
2065
825
4898
286
4671
1775
2713
463
3079
3664
1519
2374
2840
4349
2324
1864
676
1426
4486
4307
2251
4668
3033
2317
2398
3703
4433
552
3592
1229
3576
3848
3037
2715
3310
1747
220
2289
1806
3459
681
3331
1067
3670
4766
1962
3295
3932
61
1972
4859
4101
794
1018
2805
3594
1532
2016
1464
