29
1
7
5
1
1
4
2
1
1
1
10
1
1
2
3
1
1
1
13
1
8
1
5
1
1
3
2
1
3
1
8
4
3
1
1
3
1
2
1
10
5
1
2
9
15
1
1
1
5
1
2
3
9
2
1
11
1
2
1
3
7
3
5
2
1
4
2
1
5
1
2
1
7
1
1
1
2
9
2
2
2
10
2
1
4
11
8
1
1
1
1
1
3
1
1
1
1
1
2
1
6
1
2
1
1
1
11
2
2
1
1
1
1
4
3
3
1
1
3
1
9
26
1
2
2
2
26
1
1
1
354
2
1
8
25
1
11
1
1
3
2
1
1
1
1000
1
4
1
2
3
4
1
4
1
12
1
1
9
8
1
17
7
5
86
1
1
1
7
1
1
1
27
1
1
1
1
1
1
2
2
1
9
2
3
1
2
23
2
3
1
8
2
1
1
1
1
1
1
2
1
4
1
2
5
21
2
1
6
6
4
1
3
1
16
14
3
3
3
1
5
6
1
2
1
2
2
3
2
119
5
3
1
3
1
8
2
5
1
1
1
2
1
1
1
2
1
1
1
2
1
1
1
1
1
1
8
2
2
3
3
4
1
1
5
1
1
4
1
1
1
1
1
4
2
2
1
1
2
1
72
1
5
1
1
1
4
2
1
22
1
1
1
1
1
2
1
7
9
1
4
3
2
5
1
2
1
3
114
1
4
3
1
13
2
5
3
1
1
1
3
2
5
2
2
1
2
5
1
6
1
1
22
2
1
5
1
1
1
1
1
6
12
1
1
1
2
2
1
1
1
65
1
2
2
1
2
1
2
2
4
1
3
2
4
1
3
1
1
1
1
1
5
1
5
1
3
3
1
5
3
2
1
3
7
1
1
1
9
1
2
1
1
1
1
3
47
1
45
1
1
1
16
2
1
2
1
17
2
3
2
10
1
1
1
15
1
5
1
1
1
3
1
1
2
3
2
21
7
2
5
1
3
10
3
2
2
26
28
1
1
2
1
9
1
2
18
2
1
8
10
1
1
2
5
5
1
2
1
4
36
1
1
3
11
1
1
1
3
4
1
1
6
1
6
1
1
4
3
1
2
1
1
1
2
2
5
1
10
1
4
1
1
1
1
1
8
1
1
3
4
5
2
1
1
1
1
4
2
2
3
6
1
6
1
4
2
1
1
1
1
3
5
1
10
2
1
1
1
1
1
1
2
1
1
2
1
2
3
3
1
1
1
3
1
2
1
1
2
1
1
3
5
1
1
5
5
2
1
2
1
2
1
2
1
5
1
4
2
1
1
1
3
6
1
1
1
2
2
1
51
1
1
6
3
1
529
1
8
1
6
1
1
1
1
4
1
1
1
1
5
2
1
1
1
2
5
6
1
2
1
1
1
1
3
1
1
3
3
1
1
1
1
146
3
5
1
1
60
2
39
1
3
1
1
1
2
1
1
1
6
4
1
2
3
1
2
1
1
5
5
19
1
7
55
3
3
1
5
1
1
10
1
1
2
1
1
3
1
5
12
14
13
1
1
1
1
12
2
3
1
1
1
1
1
17
2
9
2
93
2
1
1
1
1
1
1
1
1
2
1
1
222
1
1
3
1
13
4
1
1
1
1
1
1
1
18
28
3
2
2
1
1
2
3
2
3
2
1
1
2
1
1
1
1
1
1
1
122
1
2
1
4
7
13
1
1
3
1
13
43
2
1
1
1
1
1
5
5
19
2
1
322
4
2
2
1
1
6
1
1
1
1
6
2
21
2
1
3
8
2
68
1
1
3
1
22
1
1
9
2
2
4
2
5
3
1
1
1
20
1
1
1
1
1
1
1
2
3
2
1
7
4
4
2
12
2
2
1
7
12
1
4
1
2
1
1
1
2
15
2
1
7
1
1
28
1
1
1
1
1
2
12
1
1
9
1
1
1
1
2
1
2
2
24
12
4
2
1
1
87
1
1
1
6
10
1
2
1
2
9
1
1
1
1
1
1
2
1
6
3
1
2
1
3
1
12
1
5
1
3
2
2
6
1
3
7
5
2
1
1
16
11
1
1
2
4
5
1
7
1
1
1
1
54
1
1
1
1
2
1
29
3
2
3
2
2
1
1
1
1
1
1
4
1
3
3
6
1
1
2
1
2
7
2
1
7
4
2
1
1
2
1
1
4
2
1
1
1
10
26
1
1
2
4
1
1
1
7
36
8
1
3
5
2
2
1
3
4
1
1
2
20
5
1
2
1
2
1
1
1
1
13
11
3
1
10
1
1
1
